Build started 10/17/2012 8:51:28 PM.
     1>Project "C:\Projects\BattleBoy\libs\CEGui\CEGUI-0.7.7\projects\premake\ScriptingModules\LuaScriptModule\CEGUILuaScriptModule.vcxproj" on node 9 (build target(s)).
     1>Building with tools version "4.0".
     1>Target "_CheckForInvalidConfigurationAndPlatform" in file "C:\Windows\Microsoft.NET\Framework\v4.0.30319\Microsoft.Common.Targets" from project "C:\Projects\BattleBoy\libs\CEGui\CEGUI-0.7.7\projects\premake\ScriptingModules\LuaScriptModule\CEGUILuaScriptModule.vcxproj" (entry point):
       Task "Error" skipped, due to false condition; ( '$(_InvalidConfigurationError)' == 'true' ) was evaluated as ( '' == 'true' ).
       Task "Warning" skipped, due to false condition; ( '$(_InvalidConfigurationWarning)' == 'true' ) was evaluated as ( '' == 'true' ).
       Task "Message"
         Configuration=Debug
       Done executing task "Message".
       Task "Message"
         Platform=Win32
       Done executing task "Message".
       Task "Error" skipped, due to false condition; ('$(OutDir)' != '' and !HasTrailingSlash('$(OutDir)')) was evaluated as ('../../../../bin\' != '' and !HasTrailingSlash('../../../../bin\')).
       Task "Error" skipped, due to false condition; ('$(BaseIntermediateOutputPath)' != '' and !HasTrailingSlash('$(BaseIntermediateOutputPath)')) was evaluated as ('obj\' != '' and !HasTrailingSlash('obj\')).
       Task "Error" skipped, due to false condition; ('$(IntermediateOutputPath)' != '' and !HasTrailingSlash('$(IntermediateOutputPath)')) was evaluated as ('obj/Debug\' != '' and !HasTrailingSlash('obj/Debug\')).
     1>Done building target "_CheckForInvalidConfigurationAndPlatform" in project "CEGUILuaScriptModule.vcxproj".
     1>Target "_DetermineManagedStateFromCL" in file "C:\Program Files (x86)\MSBuild\Microsoft.Cpp\v4.0\Microsoft.CppBuild.targets" from project "C:\Projects\BattleBoy\libs\CEGui\CEGUI-0.7.7\projects\premake\ScriptingModules\LuaScriptModule\CEGUILuaScriptModule.vcxproj" (target "Build" depends on it):
     1>Done building target "_DetermineManagedStateFromCL" in project "CEGUILuaScriptModule.vcxproj".
     1>Target "_PrepareForBuild" in file "C:\Program Files (x86)\MSBuild\Microsoft.Cpp\v4.0\Microsoft.BuildSteps.Targets" from project "C:\Projects\BattleBoy\libs\CEGui\CEGUI-0.7.7\projects\premake\ScriptingModules\LuaScriptModule\CEGUILuaScriptModule.vcxproj" (target "Build" depends on it):
     1>Done building target "_PrepareForBuild" in project "CEGUILuaScriptModule.vcxproj".
     1>Target "SetBuildDefaultEnvironmentVariables" in file "C:\Program Files (x86)\MSBuild\Microsoft.Cpp\v4.0\Microsoft.Cpp.targets" from project "C:\Projects\BattleBoy\libs\CEGui\CEGUI-0.7.7\projects\premake\ScriptingModules\LuaScriptModule\CEGUILuaScriptModule.vcxproj" (target "Build" depends on it):
       Using "SetEnv" task from assembly "Microsoft.Build.CppTasks.Common, Version=4.0.0.0, Culture=neutral, PublicKeyToken=b03f5f7f11d50a3a".
       Task "SetEnv"
         PATH=C:\Program Files (x86)\Microsoft Visual Studio 10.0\VC\bin;C:\Program Files (x86)\Microsoft SDKs\Windows\v7.0A\bin\NETFX 4.0 Tools;C:\Program Files (x86)\Microsoft SDKs\Windows\v7.0A\bin;c:\Program Files (x86)\Microsoft Visual Studio 10.0\Common7\Tools\bin;c:\Program Files (x86)\Microsoft Visual Studio 10.0\Common7\tools;c:\Program Files (x86)\Microsoft Visual Studio 10.0\Common7\ide;C:\Program Files (x86)\HTML Help Workshop;C:\Program Files (x86)\Microsoft SDKs\Windows\v7.0A\\bin;C:\Windows\Microsoft.NET\Framework\v4.0.30319\;c:\Program Files (x86)\Microsoft Visual Studio 10.0\;C:\Windows\SysWow64;;C:\Program Files (x86)\NVIDIA Corporation\PhysX\Common;C:\Program Files (x86)\Common Files\Microsoft Shared\Windows Live;C:\Windows\system32;C:\Windows;C:\Windows\System32\Wbem;C:\Windows\System32\WindowsPowerShell\v1.0\;C:\Program Files (x86)\Git\cmd;C:\Program Files\TortoiseSVN\bin;C:\Program Files (x86)\Steam;C:\Program Files (x86)\Common Files\Acronis\SnapAPI\;C:\Program Files (x86)\MiKTeX 2.9\miktex\bin\;C:\Program Files\Common Files\Microsoft Shared\Windows Live;
       Done executing task "SetEnv".
       Task "SetEnv" skipped, due to false condition; ('$(_IsNativeEnvironment)' == 'true') was evaluated as ('' == 'true').
       Task "SetEnv"
         LIB=C:\Program Files (x86)\Microsoft Visual Studio 10.0\VC\lib;C:\Program Files (x86)\Microsoft Visual Studio 10.0\VC\atlmfc\lib;C:\Program Files (x86)\Microsoft SDKs\Windows\v7.0A\lib;C:\Program Files (x86)\Microsoft SDKs\Windows\v7.0A\\lib
       Done executing task "SetEnv".
       Task "SetEnv"
         LIBPATH=C:\Program Files (x86)\Microsoft Visual Studio 10.0\VC\atlmfc\lib;C:\Program Files (x86)\Microsoft Visual Studio 10.0\VC\lib
       Done executing task "SetEnv".
       Task "SetEnv"
         INCLUDE=C:\Program Files (x86)\Microsoft Visual Studio 10.0\VC\include;C:\Program Files (x86)\Microsoft Visual Studio 10.0\VC\atlmfc\include;C:\Program Files (x86)\Microsoft SDKs\Windows\v7.0A\include;C:\Program Files (x86)\Microsoft SDKs\Windows\v7.0A\\include;
       Done executing task "SetEnv".
     1>Done building target "SetBuildDefaultEnvironmentVariables" in project "CEGUILuaScriptModule.vcxproj".
       Target "SetUserMacroEnvironmentVariables" skipped, due to false condition; ('@(BuildMacro)' != '') was evaluated as ('' != '').
     1>Target "BeforeResolveReferences" in file "C:\Windows\Microsoft.NET\Framework\v4.0.30319\Microsoft.Common.Targets" from project "C:\Projects\BattleBoy\libs\CEGui\CEGUI-0.7.7\projects\premake\ScriptingModules\LuaScriptModule\CEGUILuaScriptModule.vcxproj" (target "ResolveReferences" depends on it):
     1>Done building target "BeforeResolveReferences" in project "CEGUILuaScriptModule.vcxproj".
     1>Target "AssignProjectConfiguration" in file "C:\Windows\Microsoft.NET\Framework\v4.0.30319\Microsoft.Common.Targets" from project "C:\Projects\BattleBoy\libs\CEGui\CEGUI-0.7.7\projects\premake\ScriptingModules\LuaScriptModule\CEGUILuaScriptModule.vcxproj" (target "ResolveReferences" depends on it):
       Task "AssignProjectConfiguration"
         Project reference "..\..\BaseSystem\CEGUIBase.vcxproj" has been assigned the "Debug|Win32" configuration.
         Project reference "support\tolua++\tolua++.vcxproj" has been assigned the "Debug|Win32" configuration.
       Done executing task "AssignProjectConfiguration".
     1>Done building target "AssignProjectConfiguration" in project "CEGUILuaScriptModule.vcxproj".
       Target "AssignProjectConfiguration" skipped. Previously built successfully.
     1>Target "_SplitProjectReferencesByFileExistence" in file "C:\Windows\Microsoft.NET\Framework\v4.0.30319\Microsoft.Common.Targets" from project "C:\Projects\BattleBoy\libs\CEGui\CEGUI-0.7.7\projects\premake\ScriptingModules\LuaScriptModule\CEGUILuaScriptModule.vcxproj" (target "ResolveProjectReferences" depends on it):
       Task "ResolveNonMSBuildProjectOutput"
         Resolving project reference "..\..\BaseSystem\CEGUIBase.vcxproj".
         Project reference "..\..\BaseSystem\CEGUIBase.vcxproj" has not been resolved.
         Resolving project reference "support\tolua++\tolua++.vcxproj".
         Project reference "support\tolua++\tolua++.vcxproj" has not been resolved.
       Done executing task "ResolveNonMSBuildProjectOutput".
     1>Done building target "_SplitProjectReferencesByFileExistence" in project "CEGUILuaScriptModule.vcxproj".
     1>Target "_RemoveNameMetadataFromProjectReferenceItems" in file "C:\Program Files (x86)\MSBuild\Microsoft.Cpp\v4.0\Microsoft.CppBuild.targets" from project "C:\Projects\BattleBoy\libs\CEGui\CEGUI-0.7.7\projects\premake\ScriptingModules\LuaScriptModule\CEGUILuaScriptModule.vcxproj" (target "ResolveProjectReferences" depends on it):
     1>Done building target "_RemoveNameMetadataFromProjectReferenceItems" in project "CEGUILuaScriptModule.vcxproj".
     1>Target "ResolveProjectReferences" in file "C:\Windows\Microsoft.NET\Framework\v4.0.30319\Microsoft.Common.Targets" from project "C:\Projects\BattleBoy\libs\CEGui\CEGUI-0.7.7\projects\premake\ScriptingModules\LuaScriptModule\CEGUILuaScriptModule.vcxproj" (target "ResolveReferences" depends on it):
       Task "MSBuild"
         Global Properties:
           Configuration=Debug
           Platform=Win32
     1>Project "C:\Projects\BattleBoy\libs\CEGui\CEGUI-0.7.7\projects\premake\ScriptingModules\LuaScriptModule\CEGUILuaScriptModule.vcxproj" (1) is building "C:\Projects\BattleBoy\libs\CEGui\CEGUI-0.7.7\projects\premake\BaseSystem\CEGUIBase.vcxproj" (2) on node 2 (GetTargetPath target(s)).
     2>Building with tools version "4.0".
       Target "_CheckForInvalidConfigurationAndPlatform" skipped. Previously built successfully.
       Target "GetTargetPath" skipped. Previously built successfully.
     2>Done Building Project "C:\Projects\BattleBoy\libs\CEGui\CEGUI-0.7.7\projects\premake\BaseSystem\CEGUIBase.vcxproj" (GetTargetPath target(s)).
     1>Project "C:\Projects\BattleBoy\libs\CEGui\CEGUI-0.7.7\projects\premake\ScriptingModules\LuaScriptModule\CEGUILuaScriptModule.vcxproj" (1) is building "C:\Projects\BattleBoy\libs\CEGui\CEGUI-0.7.7\projects\premake\ScriptingModules\LuaScriptModule\support\tolua++\tolua++.vcxproj" (3) on node 3 (GetTargetPath target(s)).
     3>Building with tools version "4.0".
       Target "_CheckForInvalidConfigurationAndPlatform" skipped. Previously built successfully.
       Target "GetTargetPath" skipped. Previously built successfully.
     3>Done Building Project "C:\Projects\BattleBoy\libs\CEGui\CEGUI-0.7.7\projects\premake\ScriptingModules\LuaScriptModule\support\tolua++\tolua++.vcxproj" (GetTargetPath target(s)).
     1>Done executing task "MSBuild".
       Task "MSBuild" skipped, due to false condition; ('%(_MSBuildProjectReferenceExistent.BuildReference)' == 'true' and '@(ProjectReferenceWithConfiguration)' != '' and '$(BuildingInsideVisualStudio)' != 'true' and '$(BuildProjectReferences)' == 'true' and '@(_MSBuildProjectReferenceExistent)' != '') was evaluated as ('true' == 'true' and '..\..\BaseSystem\CEGUIBase.vcxproj;support\tolua++\tolua++.vcxproj' != '' and 'true' != 'true' and 'true' == 'true' and '..\..\BaseSystem\CEGUIBase.vcxproj;support\tolua++\tolua++.vcxproj' != '').
       Task "MSBuild"
         Global Properties:
           Configuration=Debug
           Platform=Win32
     1>Project "C:\Projects\BattleBoy\libs\CEGui\CEGUI-0.7.7\projects\premake\ScriptingModules\LuaScriptModule\CEGUILuaScriptModule.vcxproj" (1) is building "C:\Projects\BattleBoy\libs\CEGui\CEGUI-0.7.7\projects\premake\BaseSystem\CEGUIBase.vcxproj" (2:2) on node 2 (GetNativeManifest target(s)).
   2:2>Building with tools version "4.0".
       Target "_CheckForInvalidConfigurationAndPlatform" skipped. Previously built successfully.
       Target "GetNativeManifest" skipped. Previously built successfully.
   2:2>Done Building Project "C:\Projects\BattleBoy\libs\CEGui\CEGUI-0.7.7\projects\premake\BaseSystem\CEGUIBase.vcxproj" (GetNativeManifest target(s)).
     1>Project "C:\Projects\BattleBoy\libs\CEGui\CEGUI-0.7.7\projects\premake\ScriptingModules\LuaScriptModule\CEGUILuaScriptModule.vcxproj" (1) is building "C:\Projects\BattleBoy\libs\CEGui\CEGUI-0.7.7\projects\premake\ScriptingModules\LuaScriptModule\support\tolua++\tolua++.vcxproj" (3:2) on node 3 (GetNativeManifest target(s)).
   3:2>Building with tools version "4.0".
       Target "_CheckForInvalidConfigurationAndPlatform" skipped. Previously built successfully.
       Target "GetNativeManifest" skipped. Previously built successfully.
   3:2>Done Building Project "C:\Projects\BattleBoy\libs\CEGui\CEGUI-0.7.7\projects\premake\ScriptingModules\LuaScriptModule\support\tolua++\tolua++.vcxproj" (GetNativeManifest target(s)).
     1>Done executing task "MSBuild".
       Task "Warning" skipped, due to false condition; ('@(ProjectReferenceWithConfiguration)' != '' and '@(_MSBuildProjectReferenceNonexistent)' != '') was evaluated as ('..\..\BaseSystem\CEGUIBase.vcxproj;support\tolua++\tolua++.vcxproj' != '' and '' != '').
     1>Done building target "ResolveProjectReferences" in project "CEGUILuaScriptModule.vcxproj".
       Target "ResolveNativeReferences" skipped, due to false condition; ('@(NativeReference)'!='') was evaluated as (''!='').
       Target "ResolveAssemblyReferences" skipped, due to false condition; ('@(Reference)'!='' or '@(_ResolvedProjectReferencePaths)'!='' or '@(_ExplicitReference)' != '') was evaluated as (''!='' or ''!='' or '' != '').
       Target "ResolveComReferences" skipped, due to false condition; ('@(COMReference)'!='' or '@(COMFileReference)'!='') was evaluated as (''!='' or ''!='').
     1>Target "AfterResolveReferences" in file "C:\Windows\Microsoft.NET\Framework\v4.0.30319\Microsoft.Common.Targets" from project "C:\Projects\BattleBoy\libs\CEGui\CEGUI-0.7.7\projects\premake\ScriptingModules\LuaScriptModule\CEGUILuaScriptModule.vcxproj" (target "ResolveReferences" depends on it):
     1>Done building target "AfterResolveReferences" in project "CEGUILuaScriptModule.vcxproj".
     1>Target "ResolveReferences" in file "C:\Windows\Microsoft.NET\Framework\v4.0.30319\Microsoft.Common.Targets" from project "C:\Projects\BattleBoy\libs\CEGui\CEGUI-0.7.7\projects\premake\ScriptingModules\LuaScriptModule\CEGUILuaScriptModule.vcxproj" (target "Build" depends on it):
     1>Done building target "ResolveReferences" in project "CEGUILuaScriptModule.vcxproj".
     1>Target "PlatformPrepareForBuild" in file "C:\Program Files (x86)\MSBuild\Microsoft.Cpp\v4.0\Platforms\Win32\Microsoft.Cpp.Win32.Targets" from project "C:\Projects\BattleBoy\libs\CEGui\CEGUI-0.7.7\projects\premake\ScriptingModules\LuaScriptModule\CEGUILuaScriptModule.vcxproj" (target "PrepareForBuild" depends on it):
       Task "VCMessage" skipped, due to false condition; (!(exists('$(VCTargetsPath)\Platforms\Win32\PlatformToolsets\$(PlatformToolset)\Microsoft.Cpp.Win32.$(PlatformToolset).targets'))) was evaluated as (!(exists('C:\Program Files (x86)\MSBuild\Microsoft.Cpp\v4.0\\Platforms\Win32\PlatformToolsets\v100\Microsoft.Cpp.Win32.v100.targets'))).
     1>Done building target "PlatformPrepareForBuild" in project "CEGUILuaScriptModule.vcxproj".
     1>Target "GetFrameworkPaths" in file "C:\Windows\Microsoft.NET\Framework\v4.0.30319\Microsoft.NETFramework.targets" from project "C:\Projects\BattleBoy\libs\CEGui\CEGUI-0.7.7\projects\premake\ScriptingModules\LuaScriptModule\CEGUILuaScriptModule.vcxproj" (target "PrepareForBuild" depends on it):
     1>Done building target "GetFrameworkPaths" in project "CEGUILuaScriptModule.vcxproj".
       Target "GetWinFXPath" skipped, due to false condition; (('@(Page)' != '' or '@(ApplicationDefinition)' != '' or '@(Resource)' != '') and ('$(GetWinFXNativePath)' != '' or '$(GetWinFXWoWPath)' != '' )) was evaluated as (('' != '' or '' != '' or '' != '') and ('' != '' or '' != '' )).
     1>Target "GetReferenceAssemblyPaths" in file "C:\Windows\Microsoft.NET\Framework\v4.0.30319\Microsoft.Common.Targets" from project "C:\Projects\BattleBoy\libs\CEGui\CEGUI-0.7.7\projects\premake\ScriptingModules\LuaScriptModule\CEGUILuaScriptModule.vcxproj" (target "PrepareForBuild" depends on it):
       Task "GetReferenceAssemblyPaths" skipped, due to false condition; ('$(TargetFrameworkMoniker)' != '' and ('$(_TargetFrameworkDirectories)' == '' or '$(_FullFrameworkReferenceAssemblyPaths)' == '')) was evaluated as ('.NETFramework,Version=v4.0' != '' and ('C:\Program Files (x86)\Reference Assemblies\Microsoft\Framework\.NETFramework\v4.0' == '' or 'C:\Program Files (x86)\Reference Assemblies\Microsoft\Framework\.NETFramework\v4.0' == '')).
     1>Done building target "GetReferenceAssemblyPaths" in project "CEGUILuaScriptModule.vcxproj".
     1>Target "PrepareForBuild" in file "C:\Program Files (x86)\MSBuild\Microsoft.Cpp\v4.0\Microsoft.CppBuild.targets" from project "C:\Projects\BattleBoy\libs\CEGui\CEGUI-0.7.7\projects\premake\ScriptingModules\LuaScriptModule\CEGUILuaScriptModule.vcxproj" (target "Build" depends on it):
       Task "VCMessage" skipped, due to false condition; ('$(DesignTimeBuild)'!='true' and '$(ConfigurationPlatformExists)' != 'true') was evaluated as (''!='true' and 'true' != 'true').
       Task "MakeDir"
       Done executing task "MakeDir".
       Task "VCMessage" skipped, due to false condition; ('$(DesignTimeBuild)'!='true' and '$(VCInstallDir)'=='' and '$(UseEnv)' != 'true' and ($(TargetFrameworkVersion)=='v3.5' or $(TargetFrameworkVersion)=='v3.0' or $(TargetFrameworkVersion)=='v2.0' )) was evaluated as (''!='true' and 'C:\Program Files (x86)\Microsoft Visual Studio 10.0\VC\'=='' and '' != 'true' and (v4.0=='v3.5' or v4.0=='v3.0' or v4.0=='v2.0' )).
       Task "VCMessage" skipped, due to false condition; ('$(DesignTimeBuild)'!='true' and '$(VCInstallDir)'=='' and '$(UseEnv)' != 'true' and '$(PlatformToolset)'=='v90') was evaluated as (''!='true' and 'C:\Program Files (x86)\Microsoft Visual Studio 10.0\VC\'=='' and '' != 'true' and 'v100'=='v90').
       Task "VCMessage" skipped, due to false condition; ('$(VCInstallDir)'=='' and '$(UseEnv)' != 'true') was evaluated as ('C:\Program Files (x86)\Microsoft Visual Studio 10.0\VC\'=='' and '' != 'true').
       Task "VCMessage" skipped, due to false condition; ('$(WindowsSDKDir)'=='' and '$(UseEnv)' != 'true') was evaluated as ('C:\Program Files (x86)\Microsoft SDKs\Windows\v7.0A\'=='' and '' != 'true').
       Task "VCMessage" skipped, due to false condition; ('$(IntDirTrailingSlashWarning)'=='true') was evaluated as (''=='true').
       Task "VCMessage" skipped, due to false condition; ('$(OutDirTrailingSlashWarning)'=='true') was evaluated as (''=='true').
       Task "MakeDir"
       Done executing task "MakeDir".
     1>Done building target "PrepareForBuild" in project "CEGUILuaScriptModule.vcxproj".
       Target "PrepareForBuild" skipped. Previously built successfully.
     1>Target "InitializeBuildStatus" in file "C:\Program Files (x86)\MSBuild\Microsoft.Cpp\v4.0\Microsoft.CppBuild.targets" from project "C:\Projects\BattleBoy\libs\CEGui\CEGUI-0.7.7\projects\premake\ScriptingModules\LuaScriptModule\CEGUILuaScriptModule.vcxproj" (target "Build" depends on it):
       Task "ReadLinesFromFile"
       Done executing task "ReadLinesFromFile".
       Task "WriteLinesToFile"
       Done executing task "WriteLinesToFile".
       Task "Touch"
         Creating "obj/Debug\CEGUILuaScriptModule.unsuccessfulbuild" because "AlwaysCreate" was specified.
       Done executing task "Touch".
     1>Done building target "InitializeBuildStatus" in project "CEGUILuaScriptModule.vcxproj".
       Target "AssignProjectConfiguration" skipped. Previously built successfully.
       Target "_SplitProjectReferencesByFileExistence" skipped. Previously built successfully.
     1>Target "BuildGenerateSourcesTraverse" in file "C:\Windows\Microsoft.NET\Framework\v4.0.30319\Microsoft.Common.Targets" from project "C:\Projects\BattleBoy\libs\CEGui\CEGUI-0.7.7\projects\premake\ScriptingModules\LuaScriptModule\CEGUILuaScriptModule.vcxproj" (target "BuildGenerateSources" depends on it):
       Task "MSBuild" skipped, due to false condition; ('$(BuildPassReferences)' == 'true' and '@(ProjectReferenceWithConfiguration)' != '' and '@(_MSBuildProjectReferenceExistent)' != '' and '%(_MSBuildProjectReferenceExistent.BuildReference)' == 'true') was evaluated as ('' == 'true' and '..\..\BaseSystem\CEGUIBase.vcxproj;support\tolua++\tolua++.vcxproj' != '' and '..\..\BaseSystem\CEGUIBase.vcxproj;support\tolua++\tolua++.vcxproj' != '' and 'true' == 'true').
     1>Done building target "BuildGenerateSourcesTraverse" in project "CEGUILuaScriptModule.vcxproj".
       Target "SetBuildDefaultEnvironmentVariables" skipped. Previously built successfully.
       Target "SetUserMacroEnvironmentVariables" skipped, due to false condition; ('@(BuildMacro)' != '') was evaluated as ('' != '').
       Target "PrepareForBuild" skipped. Previously built successfully.
       Target "ResolveReferences" skipped. Previously built successfully.
     1>Target "BeforeBuildGenerateSources" in file "C:\Program Files (x86)\MSBuild\Microsoft.Cpp\v4.0\Microsoft.BuildSteps.Targets" from project "C:\Projects\BattleBoy\libs\CEGui\CEGUI-0.7.7\projects\premake\ScriptingModules\LuaScriptModule\CEGUILuaScriptModule.vcxproj" (target "BuildGenerateSources" depends on it):
     1>Done building target "BeforeBuildGenerateSources" in project "CEGUILuaScriptModule.vcxproj".
     1>Target "PreBuildEvent" in file "C:\Program Files (x86)\MSBuild\Microsoft.Cpp\v4.0\Microsoft.CppCommon.targets" from project "C:\Projects\BattleBoy\libs\CEGui\CEGUI-0.7.7\projects\premake\ScriptingModules\LuaScriptModule\CEGUILuaScriptModule.vcxproj" (target "BuildGenerateSources" depends on it):
       Task "Message" skipped, due to false condition; ('%(PreBuildEvent.Message)' != '' and '%(PreBuildEvent.Command)' != '') was evaluated as ('' != '' and '' != '').
       Task "Exec" skipped, due to false condition; ('%(PreBuildEvent.Command)' != '') was evaluated as ('' != '').
     1>Done building target "PreBuildEvent" in project "CEGUILuaScriptModule.vcxproj".
       Target "CustomBuild" skipped, due to false condition; ('@(CustomBuild)' != '') was evaluated as ('' != '').
     1>Target "_GenerateXMLData" in file "C:\Program Files (x86)\MSBuild\Microsoft.Cpp\v4.0\Microsoft.CppBuild.targets" from project "C:\Projects\BattleBoy\libs\CEGui\CEGUI-0.7.7\projects\premake\ScriptingModules\LuaScriptModule\CEGUILuaScriptModule.vcxproj" (target "BuildGenerateSources" depends on it):
     1>Done building target "_GenerateXMLData" in project "CEGUILuaScriptModule.vcxproj".
     1>Target "_GenerateWebServiceProxy" in file "C:\Program Files (x86)\MSBuild\Microsoft.Cpp\v4.0\Microsoft.CppBuild.targets" from project "C:\Projects\BattleBoy\libs\CEGui\CEGUI-0.7.7\projects\premake\ScriptingModules\LuaScriptModule\CEGUILuaScriptModule.vcxproj" (target "BuildGenerateSources" depends on it):
     1>Done building target "_GenerateWebServiceProxy" in project "CEGUILuaScriptModule.vcxproj".
       Target "Xsd" skipped, due to false condition; ('@(Xsd)' != '') was evaluated as ('' != '').
     1>Target "_Xsd" in file "C:\Program Files (x86)\MSBuild\Microsoft.Cpp\v4.0\Microsoft.CppBuild.targets" from project "C:\Projects\BattleBoy\libs\CEGui\CEGUI-0.7.7\projects\premake\ScriptingModules\LuaScriptModule\CEGUILuaScriptModule.vcxproj" (target "BuildGenerateSources" depends on it):
     1>Done building target "_Xsd" in project "CEGUILuaScriptModule.vcxproj".
     1>Target "MakeDirsForMidl" in file "C:\Program Files (x86)\MSBuild\Microsoft.Cpp\v4.0\Microsoft.CppBuild.targets" from project "C:\Projects\BattleBoy\libs\CEGui\CEGUI-0.7.7\projects\premake\ScriptingModules\LuaScriptModule\CEGUILuaScriptModule.vcxproj" (target "_Midl" depends on it):
       Task "Makedir"
       Done executing task "Makedir".
     1>Done building target "MakeDirsForMidl" in project "CEGUILuaScriptModule.vcxproj".
       Target "Midl" skipped, due to false condition; ('@(Midl)' != '') was evaluated as ('' != '').
       Target "CustomBuild" skipped, due to false condition; ('@(CustomBuild)' != '') was evaluated as ('' != '').
     1>Target "ComputeMIDLGeneratedCompileInputs" in file "C:\Program Files (x86)\MSBuild\Microsoft.Cpp\v4.0\Microsoft.CppBuild.targets" from project "C:\Projects\BattleBoy\libs\CEGui\CEGUI-0.7.7\projects\premake\ScriptingModules\LuaScriptModule\CEGUILuaScriptModule.vcxproj" (target "_Midl" depends on it):
     1>Done building target "ComputeMIDLGeneratedCompileInputs" in project "CEGUILuaScriptModule.vcxproj".
     1>Target "AfterMidl" in file "C:\Program Files (x86)\MSBuild\Microsoft.Cpp\v4.0\Microsoft.CppBuild.targets" from project "C:\Projects\BattleBoy\libs\CEGui\CEGUI-0.7.7\projects\premake\ScriptingModules\LuaScriptModule\CEGUILuaScriptModule.vcxproj" (target "_Midl" depends on it):
     1>Done building target "AfterMidl" in project "CEGUILuaScriptModule.vcxproj".
     1>Target "_Midl" in file "C:\Program Files (x86)\MSBuild\Microsoft.Cpp\v4.0\Microsoft.CppBuild.targets" from project "C:\Projects\BattleBoy\libs\CEGui\CEGUI-0.7.7\projects\premake\ScriptingModules\LuaScriptModule\CEGUILuaScriptModule.vcxproj" (target "BuildGenerateSources" depends on it):
     1>Done building target "_Midl" in project "CEGUILuaScriptModule.vcxproj".
     1>Target "AfterBuildGenerateSources" in file "C:\Program Files (x86)\MSBuild\Microsoft.Cpp\v4.0\Microsoft.BuildSteps.Targets" from project "C:\Projects\BattleBoy\libs\CEGui\CEGUI-0.7.7\projects\premake\ScriptingModules\LuaScriptModule\CEGUILuaScriptModule.vcxproj" (target "BuildGenerateSources" depends on it):
     1>Done building target "AfterBuildGenerateSources" in project "CEGUILuaScriptModule.vcxproj".
     1>Target "AfterBuildGenerateSourcesEvent" in file "C:\Program Files (x86)\MSBuild\Microsoft.Cpp\v4.0\Microsoft.CppBuild.targets" from project "C:\Projects\BattleBoy\libs\CEGui\CEGUI-0.7.7\projects\premake\ScriptingModules\LuaScriptModule\CEGUILuaScriptModule.vcxproj" (target "BuildGenerateSources" depends on it):
     1>Done building target "AfterBuildGenerateSourcesEvent" in project "CEGUILuaScriptModule.vcxproj".
     1>Target "BuildGenerateSources" in file "C:\Windows\Microsoft.NET\Framework\v4.0.30319\Microsoft.Common.Targets" from project "C:\Projects\BattleBoy\libs\CEGui\CEGUI-0.7.7\projects\premake\ScriptingModules\LuaScriptModule\CEGUILuaScriptModule.vcxproj" (target "Build" depends on it):
     1>Done building target "BuildGenerateSources" in project "CEGUILuaScriptModule.vcxproj".
       Target "AssignProjectConfiguration" skipped. Previously built successfully.
       Target "_SplitProjectReferencesByFileExistence" skipped. Previously built successfully.
     1>Target "BuildCompileTraverse" in file "C:\Windows\Microsoft.NET\Framework\v4.0.30319\Microsoft.Common.Targets" from project "C:\Projects\BattleBoy\libs\CEGui\CEGUI-0.7.7\projects\premake\ScriptingModules\LuaScriptModule\CEGUILuaScriptModule.vcxproj" (target "BuildCompile" depends on it):
       Task "MSBuild" skipped, due to false condition; ('$(BuildPassReferences)' == 'true' and '@(ProjectReferenceWithConfiguration)' != '' and '@(_MSBuildProjectReferenceExistent)' != ''  and '%(_MSBuildProjectReferenceExistent.BuildReference)' == 'true') was evaluated as ('' == 'true' and '..\..\BaseSystem\CEGUIBase.vcxproj;support\tolua++\tolua++.vcxproj' != '' and '..\..\BaseSystem\CEGUIBase.vcxproj;support\tolua++\tolua++.vcxproj' != ''  and 'true' == 'true').
     1>Done building target "BuildCompileTraverse" in project "CEGUILuaScriptModule.vcxproj".
       Target "SetBuildDefaultEnvironmentVariables" skipped. Previously built successfully.
       Target "SetUserMacroEnvironmentVariables" skipped, due to false condition; ('@(BuildMacro)' != '') was evaluated as ('' != '').
       Target "PrepareForBuild" skipped. Previously built successfully.
       Target "ResolveReferences" skipped. Previously built successfully.
     1>Target "BeforeClCompile" in file "C:\Program Files (x86)\MSBuild\Microsoft.Cpp\v4.0\Microsoft.CppBuild.targets" from project "C:\Projects\BattleBoy\libs\CEGui\CEGUI-0.7.7\projects\premake\ScriptingModules\LuaScriptModule\CEGUILuaScriptModule.vcxproj" (target "_ClCompile" depends on it):
     1>Done building target "BeforeClCompile" in project "CEGUILuaScriptModule.vcxproj".
       Target "ComputeMIDLGeneratedCompileInputs" skipped. Previously built successfully.
     1>Target "ComputeCLInputPDBName" in file "C:\Program Files (x86)\MSBuild\Microsoft.Cpp\v4.0\Microsoft.CppBuild.targets" from project "C:\Projects\BattleBoy\libs\CEGui\CEGUI-0.7.7\projects\premake\ScriptingModules\LuaScriptModule\CEGUILuaScriptModule.vcxproj" (target "_ClCompile" depends on it):
     1>Done building target "ComputeCLInputPDBName" in project "CEGUILuaScriptModule.vcxproj".
       Target "ResolveReferences" skipped. Previously built successfully.
     1>Target "ComputeReferenceCLInput" in file "C:\Program Files (x86)\MSBuild\Microsoft.Cpp\v4.0\Microsoft.CppBuild.targets" from project "C:\Projects\BattleBoy\libs\CEGui\CEGUI-0.7.7\projects\premake\ScriptingModules\LuaScriptModule\CEGUILuaScriptModule.vcxproj" (target "_ClCompile" depends on it):
       Task "WriteLinesToFile"
       Done executing task "WriteLinesToFile".
       Task "Message" skipped, due to false condition; ('$(_REFERENCE_DEBUG)'=='true' and '%(ClCompile.CompileAsManaged)' != 'false' and '%(ClCompile.CompileAsManaged)' != '') was evaluated as (''=='true' and '' != 'false' and '' != '').
     1>Done building target "ComputeReferenceCLInput" in project "CEGUILuaScriptModule.vcxproj".
     1>Target "MakeDirsForCl" in file "C:\Program Files (x86)\MSBuild\Microsoft.Cpp\v4.0\Microsoft.CppBuild.targets" from project "C:\Projects\BattleBoy\libs\CEGui\CEGUI-0.7.7\projects\premake\ScriptingModules\LuaScriptModule\CEGUILuaScriptModule.vcxproj" (target "_ClCompile" depends on it):
       Task "MakeDir"
       Done executing task "MakeDir".
     1>Done building target "MakeDirsForCl" in project "CEGUILuaScriptModule.vcxproj".
       Target "PrepareForBuild" skipped. Previously built successfully.
       Target "SetBuildDefaultEnvironmentVariables" skipped. Previously built successfully.
       Target "SetUserMacroEnvironmentVariables" skipped, due to false condition; ('@(BuildMacro)' != '') was evaluated as ('' != '').
     1>Target "_SelectedFiles" in file "C:\Program Files (x86)\MSBuild\Microsoft.Cpp\v4.0\Microsoft.CppBuild.targets" from project "C:\Projects\BattleBoy\libs\CEGui\CEGUI-0.7.7\projects\premake\ScriptingModules\LuaScriptModule\CEGUILuaScriptModule.vcxproj" (target "SelectClCompile" depends on it):
     1>Done building target "_SelectedFiles" in project "CEGUILuaScriptModule.vcxproj".
       Target "ComputeMIDLGeneratedCompileInputs" skipped. Previously built successfully.
       Target "ComputeCLInputPDBName" skipped. Previously built successfully.
       Target "ComputeReferenceCLInput" skipped. Previously built successfully.
       Target "_SelectedFiles" skipped. Previously built successfully.
     1>Target "SelectCustomBuild" in file "C:\Program Files (x86)\MSBuild\Microsoft.Cpp\v4.0\Microsoft.CppBuild.targets" from project "C:\Projects\BattleBoy\libs\CEGui\CEGUI-0.7.7\projects\premake\ScriptingModules\LuaScriptModule\CEGUILuaScriptModule.vcxproj" (target "SelectClCompile" depends on it):
     1>Done building target "SelectCustomBuild" in project "CEGUILuaScriptModule.vcxproj".
     1>Target "SelectClCompile" in file "C:\Program Files (x86)\MSBuild\Microsoft.Cpp\v4.0\Microsoft.CppBuild.targets" from project "C:\Projects\BattleBoy\libs\CEGui\CEGUI-0.7.7\projects\premake\ScriptingModules\LuaScriptModule\CEGUILuaScriptModule.vcxproj" (target "ClCompile" depends on it):
     1>Done building target "SelectClCompile" in project "CEGUILuaScriptModule.vcxproj".
       Target "GenerateTargetFrameworkMonikerAttribute" skipped, due to false condition; ('$(GenerateTargetFrameworkAttribute)' == 'true') was evaluated as ('false' == 'true').
     1>Target "ClCompile" in file "C:\Program Files (x86)\MSBuild\Microsoft.Cpp\v4.0\Platforms\Win32\Microsoft.Cpp.Win32.Targets" from project "C:\Projects\BattleBoy\libs\CEGui\CEGUI-0.7.7\projects\premake\ScriptingModules\LuaScriptModule\CEGUILuaScriptModule.vcxproj" (target "_ClCompile" depends on it):
       Task "Delete"
       Done executing task "Delete".
       Task "CL" skipped, due to false condition; ('%(ClCompile.PrecompiledHeader)' == 'Create' and '%(ClCompile.ExcludedFromBuild)'!='true') was evaluated as ('' == 'Create' and ''!='true').
       Using "CL" task from assembly "Microsoft.Build.CppTasks.Win32, Version=4.0.0.0, Culture=neutral, PublicKeyToken=b03f5f7f11d50a3a".
       Task "CL"
         Forcing recompile of all source files due to missing PDB "obj/Debug\vc100.pdb".
         Environment Variables passed to tool:
           VS_UNICODE_OUTPUT=876
         C:\Program Files (x86)\Microsoft Visual Studio 10.0\VC\bin\CL.exe /c /I../../../../cegui/include /I../../../../dependencies/include /I../../../../cegui/include/ScriptingModules/LuaScriptModule/ /I../../../../cegui/include/ScriptingModules/LuaScriptModule/support/tolua++ /ZI /nologo /W3 /WX- /Od /Oy- /D _CRT_SECURE_NO_DEPRECATE /D HAVE_CONFIG_H /D CEGUILUA_EXPORTS /D _DEBUG /D _WINDLL /D _MBCS /Gm /EHsc /RTC1 /MDd /GS /Gy /fp:precise /Zc:wchar_t /Zc:forScope /Fo"obj/Debug\\" /Fd"obj/Debug\vc100.pdb" /Gd /TP /analyze- /errorReport:prompt ..\..\..\..\cegui\src\ScriptingModules\LuaScriptModule\CEGUILua.cpp ..\..\..\..\cegui\src\ScriptingModules\LuaScriptModule\CEGUILuaFunctor.cpp ..\..\..\..\cegui\src\ScriptingModules\LuaScriptModule\lua_CEGUI.cpp ..\..\..\..\cegui\src\ScriptingModules\LuaScriptModule\required.cpp
         Tracking command:
         C:\Program Files (x86)\Microsoft SDKs\Windows\v7.0A\bin\NETFX 4.0 Tools\Tracker.exe /d C:\Windows\Microsoft.NET\Framework\v4.0.30319\FileTracker.dll /i C:\Projects\BattleBoy\libs\CEGui\CEGUI-0.7.7\projects\premake\ScriptingModules\LuaScriptModule\obj\Debug /r "C:\PROJECTS\BATTLEBOY\LIBS\CEGUI\CEGUI-0.7.7\CEGUI\SRC\SCRIPTINGMODULES\LUASCRIPTMODULE\CEGUILUA.CPP|C:\PROJECTS\BATTLEBOY\LIBS\CEGUI\CEGUI-0.7.7\CEGUI\SRC\SCRIPTINGMODULES\LUASCRIPTMODULE\CEGUILUAFUNCTOR.CPP|C:\PROJECTS\BATTLEBOY\LIBS\CEGUI\CEGUI-0.7.7\CEGUI\SRC\SCRIPTINGMODULES\LUASCRIPTMODULE\LUA_CEGUI.CPP|C:\PROJECTS\BATTLEBOY\LIBS\CEGUI\CEGUI-0.7.7\CEGUI\SRC\SCRIPTINGMODULES\LUASCRIPTMODULE\REQUIRED.CPP" /b MSBuildConsole_CancelEvent85f8d08646474c85aa596acb2ed8b523  /c "C:\Program Files (x86)\Microsoft Visual Studio 10.0\VC\bin\CL.exe"  /c /I../../../../cegui/include /I../../../../dependencies/include /I../../../../cegui/include/ScriptingModules/LuaScriptModule/ /I../../../../cegui/include/ScriptingModules/LuaScriptModule/support/tolua++ /ZI /nologo /W3 /WX- /Od /Oy- /D _CRT_SECURE_NO_DEPRECATE /D HAVE_CONFIG_H /D CEGUILUA_EXPORTS /D _DEBUG /D _WINDLL /D _MBCS /Gm /EHsc /RTC1 /MDd /GS /Gy /fp:precise /Zc:wchar_t /Zc:forScope /Fo"obj/Debug\\" /Fd"obj/Debug\vc100.pdb" /Gd /TP /analyze- /errorReport:prompt ..\..\..\..\cegui\src\ScriptingModules\LuaScriptModule\CEGUILua.cpp ..\..\..\..\cegui\src\ScriptingModules\LuaScriptModule\CEGUILuaFunctor.cpp ..\..\..\..\cegui\src\ScriptingModules\LuaScriptModule\lua_CEGUI.cpp ..\..\..\..\cegui\src\ScriptingModules\LuaScriptModule\required.cpp
         required.cpp
         lua_CEGUI.cpp
     1>c:\projects\battleboy\libs\cegui\cegui-0.7.7\cegui\src\scriptingmodules\luascriptmodule\lua_cegui.cpp(7171): warning C4101: 'e' : unreferenced local variable
         CEGUILuaFunctor.cpp
     1>c:\projects\battleboy\libs\cegui\cegui-0.7.7\cegui\src\scriptingmodules\luascriptmodule\ceguiluafunctor.cpp(186): warning C4800: 'int' : forcing value to bool 'true' or 'false' (performance warning)
         CEGUILua.cpp
     1>c:\projects\battleboy\libs\cegui\cegui-0.7.7\cegui\src\scriptingmodules\luascriptmodule\ceguilua.cpp(666): warning C4800: 'int' : forcing value to bool 'true' or 'false' (performance warning)
         Generating Code...
       Done executing task "CL".
     1>Done building target "ClCompile" in project "CEGUILuaScriptModule.vcxproj".
     1>Target "AfterClCompile" in file "C:\Program Files (x86)\MSBuild\Microsoft.Cpp\v4.0\Microsoft.CppBuild.targets" from project "C:\Projects\BattleBoy\libs\CEGui\CEGUI-0.7.7\projects\premake\ScriptingModules\LuaScriptModule\CEGUILuaScriptModule.vcxproj" (target "_ClCompile" depends on it):
     1>Done building target "AfterClCompile" in project "CEGUILuaScriptModule.vcxproj".
     1>Target "_ClCompile" in file "C:\Program Files (x86)\MSBuild\Microsoft.Cpp\v4.0\Microsoft.CppBuild.targets" from project "C:\Projects\BattleBoy\libs\CEGui\CEGUI-0.7.7\projects\premake\ScriptingModules\LuaScriptModule\CEGUILuaScriptModule.vcxproj" (target "BuildCompile" depends on it):
     1>Done building target "_ClCompile" in project "CEGUILuaScriptModule.vcxproj".
       Target "_ResGen" skipped, due to false condition; ('@(EmbeddedResource)'!='') was evaluated as (''!='').
     1>Target "BeforeResourceCompile" in file "C:\Program Files (x86)\MSBuild\Microsoft.Cpp\v4.0\Microsoft.CppBuild.targets" from project "C:\Projects\BattleBoy\libs\CEGui\CEGUI-0.7.7\projects\premake\ScriptingModules\LuaScriptModule\CEGUILuaScriptModule.vcxproj" (target "_ResourceCompile" depends on it):
     1>Done building target "BeforeResourceCompile" in project "CEGUILuaScriptModule.vcxproj".
     1>Target "MakeDirsForResourceCompile" in file "C:\Program Files (x86)\MSBuild\Microsoft.Cpp\v4.0\Microsoft.CppBuild.targets" from project "C:\Projects\BattleBoy\libs\CEGui\CEGUI-0.7.7\projects\premake\ScriptingModules\LuaScriptModule\CEGUILuaScriptModule.vcxproj" (target "_ResourceCompile" depends on it):
       Task "MakeDir"
       Done executing task "MakeDir".
     1>Done building target "MakeDirsForResourceCompile" in project "CEGUILuaScriptModule.vcxproj".
       Target "ResourceCompile" skipped, due to false condition; ('@(ResourceCompile)' != '') was evaluated as ('' != '').
     1>Target "AfterResourceCompile" in file "C:\Program Files (x86)\MSBuild\Microsoft.Cpp\v4.0\Microsoft.CppBuild.targets" from project "C:\Projects\BattleBoy\libs\CEGui\CEGUI-0.7.7\projects\premake\ScriptingModules\LuaScriptModule\CEGUILuaScriptModule.vcxproj" (target "_ResourceCompile" depends on it):
     1>Done building target "AfterResourceCompile" in project "CEGUILuaScriptModule.vcxproj".
     1>Target "_ResourceCompile" in file "C:\Program Files (x86)\MSBuild\Microsoft.Cpp\v4.0\Microsoft.CppBuild.targets" from project "C:\Projects\BattleBoy\libs\CEGui\CEGUI-0.7.7\projects\premake\ScriptingModules\LuaScriptModule\CEGUILuaScriptModule.vcxproj" (target "BuildCompile" depends on it):
     1>Done building target "_ResourceCompile" in project "CEGUILuaScriptModule.vcxproj".
       Target "_ImpLib" skipped, due to false condition; ('$(ImpLibCompiled)' == 'true') was evaluated as ('' == 'true').
       Target "_Lib" skipped, due to false condition; ('$(LibCompiled)' == 'true') was evaluated as ('' == 'true').
     1>Target "AfterBuildCompileEvent" in file "C:\Program Files (x86)\MSBuild\Microsoft.Cpp\v4.0\Microsoft.CppBuild.targets" from project "C:\Projects\BattleBoy\libs\CEGui\CEGUI-0.7.7\projects\premake\ScriptingModules\LuaScriptModule\CEGUILuaScriptModule.vcxproj" (target "BuildCompile" depends on it):
     1>Done building target "AfterBuildCompileEvent" in project "CEGUILuaScriptModule.vcxproj".
     1>Target "BuildCompile" in file "C:\Windows\Microsoft.NET\Framework\v4.0.30319\Microsoft.Common.Targets" from project "C:\Projects\BattleBoy\libs\CEGui\CEGUI-0.7.7\projects\premake\ScriptingModules\LuaScriptModule\CEGUILuaScriptModule.vcxproj" (target "Build" depends on it):
     1>Done building target "BuildCompile" in project "CEGUILuaScriptModule.vcxproj".
       Target "AssignProjectConfiguration" skipped. Previously built successfully.
       Target "_SplitProjectReferencesByFileExistence" skipped. Previously built successfully.
     1>Target "BuildLinkTraverse" in file "C:\Windows\Microsoft.NET\Framework\v4.0.30319\Microsoft.Common.Targets" from project "C:\Projects\BattleBoy\libs\CEGui\CEGUI-0.7.7\projects\premake\ScriptingModules\LuaScriptModule\CEGUILuaScriptModule.vcxproj" (target "BuildLink" depends on it):
       Task "MSBuild" skipped, due to false condition; ('$(BuildPassReferences)' == 'true' and '@(ProjectReferenceWithConfiguration)' != '' and '@(_MSBuildProjectReferenceExistent)' != ''  and '%(_MSBuildProjectReferenceExistent.BuildReference)' == 'true') was evaluated as ('' == 'true' and '..\..\BaseSystem\CEGUIBase.vcxproj;support\tolua++\tolua++.vcxproj' != '' and '..\..\BaseSystem\CEGUIBase.vcxproj;support\tolua++\tolua++.vcxproj' != ''  and 'true' == 'true').
     1>Done building target "BuildLinkTraverse" in project "CEGUILuaScriptModule.vcxproj".
       Target "SetBuildDefaultEnvironmentVariables" skipped. Previously built successfully.
       Target "SetUserMacroEnvironmentVariables" skipped, due to false condition; ('@(BuildMacro)' != '') was evaluated as ('' != '').
       Target "PrepareForBuild" skipped. Previously built successfully.
       Target "ResolveReferences" skipped. Previously built successfully.
     1>Target "BeforeLink" in file "C:\Program Files (x86)\MSBuild\Microsoft.Cpp\v4.0\Microsoft.CppBuild.targets" from project "C:\Projects\BattleBoy\libs\CEGui\CEGUI-0.7.7\projects\premake\ScriptingModules\LuaScriptModule\CEGUILuaScriptModule.vcxproj" (target "_Link" depends on it):
     1>Done building target "BeforeLink" in project "CEGUILuaScriptModule.vcxproj".
     1>Target "ComputeRCOutputs" in file "C:\Program Files (x86)\MSBuild\Microsoft.Cpp\v4.0\Microsoft.CppBuild.targets" from project "C:\Projects\BattleBoy\libs\CEGui\CEGUI-0.7.7\projects\premake\ScriptingModules\LuaScriptModule\CEGUILuaScriptModule.vcxproj" (target "ComputeRCGeneratedLinkInputs" depends on it):
     1>Done building target "ComputeRCOutputs" in project "CEGUILuaScriptModule.vcxproj".
     1>Target "ComputeRCGeneratedLinkInputs" in file "C:\Program Files (x86)\MSBuild\Microsoft.Cpp\v4.0\Microsoft.CppBuild.targets" from project "C:\Projects\BattleBoy\libs\CEGui\CEGUI-0.7.7\projects\premake\ScriptingModules\LuaScriptModule\CEGUILuaScriptModule.vcxproj" (target "_Link" depends on it):
     1>Done building target "ComputeRCGeneratedLinkInputs" in project "CEGUILuaScriptModule.vcxproj".
     1>Target "ComputeManifestGeneratedLinkerInputs" in file "C:\Program Files (x86)\MSBuild\Microsoft.Cpp\v4.0\Microsoft.CppBuild.targets" from project "C:\Projects\BattleBoy\libs\CEGui\CEGUI-0.7.7\projects\premake\ScriptingModules\LuaScriptModule\CEGUILuaScriptModule.vcxproj" (target "_Link" depends on it):
     1>Done building target "ComputeManifestGeneratedLinkerInputs" in project "CEGUILuaScriptModule.vcxproj".
     1>Target "ComputeCustomBuildOutput" in file "C:\Program Files (x86)\MSBuild\Microsoft.Cpp\v4.0\Microsoft.CppBuild.targets" from project "C:\Projects\BattleBoy\libs\CEGui\CEGUI-0.7.7\projects\premake\ScriptingModules\LuaScriptModule\CEGUILuaScriptModule.vcxproj" (target "_Link" depends on it):
       Task "MakeDir"
       Done executing task "MakeDir".
     1>Done building target "ComputeCustomBuildOutput" in project "CEGUILuaScriptModule.vcxproj".
       Target "ComputeMIDLGeneratedCompileInputs" skipped. Previously built successfully.
       Target "ComputeCLInputPDBName" skipped. Previously built successfully.
       Target "ComputeReferenceCLInput" skipped. Previously built successfully.
     1>Target "ComputeCLOutputs" in file "C:\Program Files (x86)\MSBuild\Microsoft.Cpp\v4.0\Microsoft.CppBuild.targets" from project "C:\Projects\BattleBoy\libs\CEGui\CEGUI-0.7.7\projects\premake\ScriptingModules\LuaScriptModule\CEGUILuaScriptModule.vcxproj" (target "ComputeCLGeneratedLinkInputs" depends on it):
     1>Done building target "ComputeCLOutputs" in project "CEGUILuaScriptModule.vcxproj".
     1>Target "ComputeCLGeneratedLinkInputs" in file "C:\Program Files (x86)\MSBuild\Microsoft.Cpp\v4.0\Microsoft.CppBuild.targets" from project "C:\Projects\BattleBoy\libs\CEGui\CEGUI-0.7.7\projects\premake\ScriptingModules\LuaScriptModule\CEGUILuaScriptModule.vcxproj" (target "_Link" depends on it):
     1>Done building target "ComputeCLGeneratedLinkInputs" in project "CEGUILuaScriptModule.vcxproj".
     1>Target "ComputeLinkInputsFromProject" in file "C:\Program Files (x86)\MSBuild\Microsoft.Cpp\v4.0\Microsoft.CppBuild.targets" from project "C:\Projects\BattleBoy\libs\CEGui\CEGUI-0.7.7\projects\premake\ScriptingModules\LuaScriptModule\CEGUILuaScriptModule.vcxproj" (target "_Link" depends on it):
     1>Done building target "ComputeLinkInputsFromProject" in project "CEGUILuaScriptModule.vcxproj".
       Target "SetBuildDefaultEnvironmentVariables" skipped. Previously built successfully.
       Target "SetUserMacroEnvironmentVariables" skipped, due to false condition; ('@(BuildMacro)' != '') was evaluated as ('' != '').
       Target "PrepareForBuild" skipped. Previously built successfully.
       Target "ResolveReferences" skipped. Previously built successfully.
     1>Target "ResolvedLinkLib" in file "C:\Program Files (x86)\MSBuild\Microsoft.Cpp\v4.0\Microsoft.CppBuild.targets" from project "C:\Projects\BattleBoy\libs\CEGui\CEGUI-0.7.7\projects\premake\ScriptingModules\LuaScriptModule\CEGUILuaScriptModule.vcxproj" (target "ComputeReferenceLinkInputs" depends on it):
       Task "MSBuild"
         Global Properties:
           Configuration=Debug
           Platform=Win32
     1>Project "C:\Projects\BattleBoy\libs\CEGui\CEGUI-0.7.7\projects\premake\ScriptingModules\LuaScriptModule\CEGUILuaScriptModule.vcxproj" (1) is building "C:\Projects\BattleBoy\libs\CEGui\CEGUI-0.7.7\projects\premake\BaseSystem\CEGUIBase.vcxproj" (2:3) on node 2 (GetResolvedLinkLibs target(s)).
   2:3>Building with tools version "4.0".
       Target "_CheckForInvalidConfigurationAndPlatform" skipped. Previously built successfully.
       Target "GetResolvedLinkLibs" skipped. Previously built successfully.
   2:3>Done Building Project "C:\Projects\BattleBoy\libs\CEGui\CEGUI-0.7.7\projects\premake\BaseSystem\CEGUIBase.vcxproj" (GetResolvedLinkLibs target(s)).
     1>Project "C:\Projects\BattleBoy\libs\CEGui\CEGUI-0.7.7\projects\premake\ScriptingModules\LuaScriptModule\CEGUILuaScriptModule.vcxproj" (1) is building "C:\Projects\BattleBoy\libs\CEGui\CEGUI-0.7.7\projects\premake\ScriptingModules\LuaScriptModule\support\tolua++\tolua++.vcxproj" (3:3) on node 3 (GetResolvedLinkLibs target(s)).
   3:3>Building with tools version "4.0".
       Target "_CheckForInvalidConfigurationAndPlatform" skipped. Previously built successfully.
       Target "GetResolvedLinkLibs" skipped. Previously built successfully.
   3:3>Done Building Project "C:\Projects\BattleBoy\libs\CEGui\CEGUI-0.7.7\projects\premake\ScriptingModules\LuaScriptModule\support\tolua++\tolua++.vcxproj" (GetResolvedLinkLibs target(s)).
     1>Done executing task "MSBuild".
     1>Done building target "ResolvedLinkLib" in project "CEGUILuaScriptModule.vcxproj".
     1>Target "ComputeResolveLinkObj" in file "C:\Program Files (x86)\MSBuild\Microsoft.Cpp\v4.0\Microsoft.CppBuild.targets" from project "C:\Projects\BattleBoy\libs\CEGui\CEGUI-0.7.7\projects\premake\ScriptingModules\LuaScriptModule\CEGUILuaScriptModule.vcxproj" (target "ComputeReferenceLinkInputs" depends on it):
       Task "CallTarget" skipped, due to false condition; ('%(_MSBuildProjectReferenceExistent.UseLibraryDependencyInputs)'=='true') was evaluated as ('false'=='true').
     1>Done building target "ComputeResolveLinkObj" in project "CEGUILuaScriptModule.vcxproj".
     1>Target "ComputeReferenceLinkInputs" in file "C:\Program Files (x86)\MSBuild\Microsoft.Cpp\v4.0\Microsoft.CppBuild.targets" from project "C:\Projects\BattleBoy\libs\CEGui\CEGUI-0.7.7\projects\premake\ScriptingModules\LuaScriptModule\CEGUILuaScriptModule.vcxproj" (target "_Link" depends on it):
       Task "Message" skipped, due to false condition; ('$(_REFERENCE_DEBUG)'=='true') was evaluated as (''=='true').
     1>Done building target "ComputeReferenceLinkInputs" in project "CEGUILuaScriptModule.vcxproj".
     1>Target "ComputeManifestInputsTargets" in file "C:\Program Files (x86)\MSBuild\Microsoft.Cpp\v4.0\Microsoft.CppBuild.targets" from project "C:\Projects\BattleBoy\libs\CEGui\CEGUI-0.7.7\projects\premake\ScriptingModules\LuaScriptModule\CEGUILuaScriptModule.vcxproj" (target "_Link" depends on it):
     1>Done building target "ComputeManifestInputsTargets" in project "CEGUILuaScriptModule.vcxproj".
     1>Target "ManifestResourceCompile" in file "C:\Program Files (x86)\MSBuild\Microsoft.Cpp\v4.0\Microsoft.CppCommon.targets" from project "C:\Projects\BattleBoy\libs\CEGui\CEGUI-0.7.7\projects\premake\ScriptingModules\LuaScriptModule\CEGUILuaScriptModule.vcxproj" (target "_Link" depends on it):
       Task "WriteLinesToFile"
       Done executing task "WriteLinesToFile".
       Task "WriteLinesToFile" skipped, due to false condition; ('$(ConfigurationType)'=='Application' AND !EXISTS('@(ManifestResourceCompile)')) was evaluated as ('DynamicLibrary'=='Application' AND !EXISTS('obj/Debug\CEGUILuaScriptModule_manifest.rc')).
       Task "WriteLinesToFile"
       Done executing task "WriteLinesToFile".
       Using "RC" task from assembly "Microsoft.Build.CppTasks.Common, Version=4.0.0.0, Culture=neutral, PublicKeyToken=b03f5f7f11d50a3a".
       Task "RC"
         Forcing rebuild of all source files due to missing command tlog "C:\Projects\BattleBoy\libs\CEGui\CEGUI-0.7.7\projects\premake\ScriptingModules\LuaScriptModule\obj\Debug\rc.command.1.tlog".
         C:\Program Files (x86)\Microsoft SDKs\Windows\v7.0A\bin\rc.exe /nologo /fo"obj/Debug\CEGUILuaScriptModule.dll.embed.manifest.res" obj/Debug\CEGUILuaScriptModule_manifest.rc 
         Tracking command:
         C:\Program Files (x86)\Microsoft SDKs\Windows\v7.0A\bin\NETFX 4.0 Tools\Tracker.exe /d C:\Windows\Microsoft.NET\Framework\v4.0.30319\FileTracker.dll /i C:\Projects\BattleBoy\libs\CEGui\CEGUI-0.7.7\projects\premake\ScriptingModules\LuaScriptModule\obj\Debug /r C:\PROJECTS\BATTLEBOY\LIBS\CEGUI\CEGUI-0.7.7\PROJECTS\PREMAKE\SCRIPTINGMODULES\LUASCRIPTMODULE\OBJ\DEBUG\CEGUILUASCRIPTMODULE_MANIFEST.RC /b MSBuildConsole_CancelEventefaedf5f09ef4e5194c3f3eb1ea308e8  /c "C:\Program Files (x86)\Microsoft SDKs\Windows\v7.0A\bin\rc.exe"  /nologo /fo"obj/Debug\CEGUILuaScriptModule.dll.embed.manifest.res" obj/Debug\CEGUILuaScriptModule_manifest.rc 
       Done executing task "RC".
     1>Done building target "ManifestResourceCompile" in project "CEGUILuaScriptModule.vcxproj".
       Target "AssignWinFXEmbeddedResource" skipped, due to false condition; ('@(WinFXEmbeddedResource)' != '') was evaluated as ('' != '').
     1>Target "AssignTargetPaths" in file "C:\Windows\Microsoft.NET\Framework\v4.0.30319\Microsoft.Common.Targets" from project "C:\Projects\BattleBoy\libs\CEGui\CEGUI-0.7.7\projects\premake\ScriptingModules\LuaScriptModule\CEGUILuaScriptModule.vcxproj" (target "PrepareResourceNames" depends on it):
       Task "AssignTargetPath"
       Done executing task "AssignTargetPath".
       Task "AssignTargetPath"
       Done executing task "AssignTargetPath".
       Task "AssignTargetPath"
       Done executing task "AssignTargetPath".
       Task "AssignTargetPath"
       Done executing task "AssignTargetPath".
       Task "AssignTargetPath" skipped, due to false condition; ('@(_DeploymentBaseManifestWithTargetPath)'=='' and '%(None.Extension)'=='.manifest') was evaluated as (''=='' and ''=='.manifest').
     1>Done building target "AssignTargetPaths" in project "CEGUILuaScriptModule.vcxproj".
       Target "AssignTargetPaths" skipped. Previously built successfully.
     1>Target "SplitResourcesByCulture" in file "C:\Windows\Microsoft.NET\Framework\v4.0.30319\Microsoft.Common.Targets" from project "C:\Projects\BattleBoy\libs\CEGui\CEGUI-0.7.7\projects\premake\ScriptingModules\LuaScriptModule\CEGUILuaScriptModule.vcxproj" (target "PrepareResourceNames" depends on it):
       Task "Warning" skipped, due to false condition; ('@(ResxWithNoCulture)'!='') was evaluated as (''!='').
       Task "Warning" skipped, due to false condition; ('@(ResxWithCulture)'!='') was evaluated as (''!='').
       Task "Warning" skipped, due to false condition; ('@(NonResxWithCulture)'!='') was evaluated as (''!='').
       Task "Warning" skipped, due to false condition; ('@(NonResxWithNoCulture)'!='') was evaluated as (''!='').
       Task "AssignCulture"
       Done executing task "AssignCulture".
     1>Done building target "SplitResourcesByCulture" in project "CEGUILuaScriptModule.vcxproj".
       Target "CreateManifestResourceNames" skipped, due to false condition; ('@(EmbeddedResource)' != '') was evaluated as ('' != '').
     1>Target "CreateCustomManifestResourceNames" in file "C:\Windows\Microsoft.NET\Framework\v4.0.30319\Microsoft.Common.Targets" from project "C:\Projects\BattleBoy\libs\CEGui\CEGUI-0.7.7\projects\premake\ScriptingModules\LuaScriptModule\CEGUILuaScriptModule.vcxproj" (target "PrepareResourceNames" depends on it):
     1>Done building target "CreateCustomManifestResourceNames" in project "CEGUILuaScriptModule.vcxproj".
     1>Target "PrepareResourceNames" in file "C:\Windows\Microsoft.NET\Framework\v4.0.30319\Microsoft.Common.Targets" from project "C:\Projects\BattleBoy\libs\CEGui\CEGUI-0.7.7\projects\premake\ScriptingModules\LuaScriptModule\CEGUILuaScriptModule.vcxproj" (target "_Link" depends on it):
     1>Done building target "PrepareResourceNames" in project "CEGUILuaScriptModule.vcxproj".
     1>Target "MakeDirsForLink" in file "C:\Program Files (x86)\MSBuild\Microsoft.Cpp\v4.0\Microsoft.CppBuild.targets" from project "C:\Projects\BattleBoy\libs\CEGui\CEGUI-0.7.7\projects\premake\ScriptingModules\LuaScriptModule\CEGUILuaScriptModule.vcxproj" (target "_Link" depends on it):
       Task "MakeDir"
       Done executing task "MakeDir".
     1>Done building target "MakeDirsForLink" in project "CEGUILuaScriptModule.vcxproj".
     1>Target "DoLinkOutputFilesMatch" in file "C:\Program Files (x86)\MSBuild\Microsoft.Cpp\v4.0\Microsoft.CppBuild.targets" from project "C:\Projects\BattleBoy\libs\CEGui\CEGUI-0.7.7\projects\premake\ScriptingModules\LuaScriptModule\CEGUILuaScriptModule.vcxproj" (target "_Link" depends on it):
       Using "VCMessage" task from assembly "Microsoft.Build.CppTasks.Common, Version=4.0.0.0, Culture=neutral, PublicKeyToken=b03f5f7f11d50a3a".
       Task "VCMessage"
     1>C:\Program Files (x86)\MSBuild\Microsoft.Cpp\v4.0\Microsoft.CppBuild.targets(990,5): warning MSB8012: TargetPath(C:\Projects\BattleBoy\libs\CEGui\CEGUI-0.7.7\projects\premake\ScriptingModules\LuaScriptModule\../../../../bin\CEGUILuaScriptModule.dll) does not match the Linker's OutputFile property value (C:\Projects\BattleBoy\libs\CEGui\CEGUI-0.7.7\bin\CEGUILuaScriptModule_d.dll). This may cause your project to build incorrectly. To correct this, please make sure that $(OutDir), $(TargetName) and $(TargetExt) property values match the value specified in %(Link.OutputFile).
       Done executing task "VCMessage".
       Task "VCMessage" skipped, due to false condition; ('%(_OutputFileFromLink.Extension)' != '$(TargetExt)') was evaluated as ('.dll' != '.dll').
       Task "VCMessage"
     1>C:\Program Files (x86)\MSBuild\Microsoft.Cpp\v4.0\Microsoft.CppBuild.targets(992,5): warning MSB8012: TargetName(CEGUILuaScriptModule) does not match the Linker's OutputFile property value (CEGUILuaScriptModule_d). This may cause your project to build incorrectly. To correct this, please make sure that $(OutDir), $(TargetName) and $(TargetExt) property values match the value specified in %(Link.OutputFile).
       Done executing task "VCMessage".
     1>Done building target "DoLinkOutputFilesMatch" in project "CEGUILuaScriptModule.vcxproj".
     1>Target "PreLinkEvent" in file "C:\Program Files (x86)\MSBuild\Microsoft.Cpp\v4.0\Microsoft.CppCommon.targets" from project "C:\Projects\BattleBoy\libs\CEGui\CEGUI-0.7.7\projects\premake\ScriptingModules\LuaScriptModule\CEGUILuaScriptModule.vcxproj" (target "_Link" depends on it):
       Task "Message" skipped, due to false condition; ('%(PreLinkEvent.Message)' != '' and '%(PreLinkEvent.Command)' != '') was evaluated as ('' != '' and '' != '').
       Task "Exec" skipped, due to false condition; ('%(PreLinkEvent.Command)' != '') was evaluated as ('' != '').
     1>Done building target "PreLinkEvent" in project "CEGUILuaScriptModule.vcxproj".
     1>Target "Link" in file "C:\Program Files (x86)\MSBuild\Microsoft.Cpp\v4.0\Platforms\Win32\Microsoft.Cpp.Win32.Targets" from project "C:\Projects\BattleBoy\libs\CEGui\CEGUI-0.7.7\projects\premake\ScriptingModules\LuaScriptModule\CEGUILuaScriptModule.vcxproj" (target "_Link" depends on it):
       Using "Link" task from assembly "Microsoft.Build.CppTasks.Win32, Version=4.0.0.0, Culture=neutral, PublicKeyToken=b03f5f7f11d50a3a".
       Task "Link"
         Environment Variables passed to tool:
           VS_UNICODE_OUTPUT=868
         C:\Program Files (x86)\Microsoft Visual Studio 10.0\VC\bin\link.exe /ERRORREPORT:PROMPT /OUT:"../../../../bin\CEGUILuaScriptModule_d.dll" /INCREMENTAL /NOLOGO /LIBPATH:../../../../lib /LIBPATH:../../../../dependencies/lib/dynamic ../../../../lib/CEGUIBase_d.lib ../../../../lib/tolua++_d.lib lua_d.lib kernel32.lib user32.lib gdi32.lib winspool.lib comdlg32.lib advapi32.lib shell32.lib ole32.lib oleaut32.lib uuid.lib odbc32.lib odbccp32.lib /MANIFEST /ManifestFile:"obj/Debug\CEGUILuaScriptModule.dll.intermediate.manifest" /MANIFESTUAC:"level='asInvoker' uiAccess='false'" /DEBUG /PDB:"../../../../bin\CEGUILuaScriptModule_d.pdb" /SUBSYSTEM:WINDOWS /TLBID:1 /DYNAMICBASE /NXCOMPAT /IMPLIB:"../../../../lib/CEGUILuaScriptModule_d.lib" /MACHINE:X86 /DLL obj/Debug\CEGUILuaScriptModule.dll.embed.manifest.res
         obj/Debug\CEGUILua.obj
         obj/Debug\CEGUILuaFunctor.obj
         obj/Debug\lua_CEGUI.obj
         obj/Debug\required.obj
         "C:\Projects\BattleBoy\libs\CEGui\CEGUI-0.7.7\lib\CEGUIBase_d.lib"
         "C:\Projects\BattleBoy\libs\CEGui\CEGUI-0.7.7\lib\tolua++_d.lib"
         Tracking command:
         C:\Program Files (x86)\Microsoft SDKs\Windows\v7.0A\bin\NETFX 4.0 Tools\Tracker.exe /a /d C:\Windows\Microsoft.NET\Framework\v4.0.30319\FileTracker.dll /i C:\Projects\BattleBoy\libs\CEGui\CEGUI-0.7.7\projects\premake\ScriptingModules\LuaScriptModule\obj\Debug /r "C:\PROJECTS\BATTLEBOY\LIBS\CEGUI\CEGUI-0.7.7\LIB\CEGUIBASE_D.LIB|C:\PROJECTS\BATTLEBOY\LIBS\CEGUI\CEGUI-0.7.7\LIB\TOLUA++_D.LIB|C:\PROJECTS\BATTLEBOY\LIBS\CEGUI\CEGUI-0.7.7\PROJECTS\PREMAKE\SCRIPTINGMODULES\LUASCRIPTMODULE\OBJ\DEBUG\CEGUILUA.OBJ|C:\PROJECTS\BATTLEBOY\LIBS\CEGUI\CEGUI-0.7.7\PROJECTS\PREMAKE\SCRIPTINGMODULES\LUASCRIPTMODULE\OBJ\DEBUG\CEGUILUAFUNCTOR.OBJ|C:\PROJECTS\BATTLEBOY\LIBS\CEGUI\CEGUI-0.7.7\PROJECTS\PREMAKE\SCRIPTINGMODULES\LUASCRIPTMODULE\OBJ\DEBUG\CEGUILUASCRIPTMODULE.DLL.EMBED.MANIFEST.RES|C:\PROJECTS\BATTLEBOY\LIBS\CEGUI\CEGUI-0.7.7\PROJECTS\PREMAKE\SCRIPTINGMODULES\LUASCRIPTMODULE\OBJ\DEBUG\LUA_CEGUI.OBJ|C:\PROJECTS\BATTLEBOY\LIBS\CEGUI\CEGUI-0.7.7\PROJECTS\PREMAKE\SCRIPTINGMODULES\LUASCRIPTMODULE\OBJ\DEBUG\REQUIRED.OBJ" /b MSBuildConsole_CancelEvent89673266ec9e4b1eb66a09be476be1fb  /c "C:\Program Files (x86)\Microsoft Visual Studio 10.0\VC\bin\link.exe"  /ERRORREPORT:PROMPT /OUT:"../../../../bin\CEGUILuaScriptModule_d.dll" /INCREMENTAL /NOLOGO /LIBPATH:../../../../lib /LIBPATH:../../../../dependencies/lib/dynamic ../../../../lib/CEGUIBase_d.lib ../../../../lib/tolua++_d.lib lua_d.lib kernel32.lib user32.lib gdi32.lib winspool.lib comdlg32.lib advapi32.lib shell32.lib ole32.lib oleaut32.lib uuid.lib odbc32.lib odbccp32.lib /MANIFEST /ManifestFile:"obj/Debug\CEGUILuaScriptModule.dll.intermediate.manifest" /MANIFESTUAC:"level='asInvoker' uiAccess='false'" /DEBUG /PDB:"../../../../bin\CEGUILuaScriptModule_d.pdb" /SUBSYSTEM:WINDOWS /TLBID:1 /DYNAMICBASE /NXCOMPAT /IMPLIB:"../../../../lib/CEGUILuaScriptModule_d.lib" /MACHINE:X86 /DLL obj/Debug\CEGUILuaScriptModule.dll.embed.manifest.res
         obj/Debug\CEGUILua.obj
         obj/Debug\CEGUILuaFunctor.obj
         obj/Debug\lua_CEGUI.obj
         obj/Debug\required.obj
         "C:\Projects\BattleBoy\libs\CEGui\CEGUI-0.7.7\lib\CEGUIBase_d.lib"
         "C:\Projects\BattleBoy\libs\CEGui\CEGUI-0.7.7\lib\tolua++_d.lib"
            Creating library ../../../../lib/CEGUILuaScriptModule_d.lib and object ../../../../lib/CEGUILuaScriptModule_d.exp
       Done executing task "Link".
       Task "Message" skipped, due to false condition; ('$(EmbedManifestBy)' != 'LINK') was evaluated as ('LINK' != 'LINK').
     1>Done building target "Link" in project "CEGUILuaScriptModule.vcxproj".
     1>Target "_DetermineManagedStateForLink" in file "C:\Program Files (x86)\MSBuild\Microsoft.Cpp\v4.0\Microsoft.CppBuild.targets" from project "C:\Projects\BattleBoy\libs\CEGui\CEGUI-0.7.7\projects\premake\ScriptingModules\LuaScriptModule\CEGUILuaScriptModule.vcxproj" (target "_Link" depends on it):
     1>Done building target "_DetermineManagedStateForLink" in project "CEGUILuaScriptModule.vcxproj".
     1>Target "ComputeLinkImportLibraryOutputsForClean" in file "C:\Program Files (x86)\MSBuild\Microsoft.Cpp\v4.0\Microsoft.CppBuild.targets" from project "C:\Projects\BattleBoy\libs\CEGui\CEGUI-0.7.7\projects\premake\ScriptingModules\LuaScriptModule\CEGUILuaScriptModule.vcxproj" (target "_Link" depends on it):
       Task "WriteLinesToFile"
       Done executing task "WriteLinesToFile".
     1>Done building target "ComputeLinkImportLibraryOutputsForClean" in project "CEGUILuaScriptModule.vcxproj".
     1>Target "AfterLink" in file "C:\Program Files (x86)\MSBuild\Microsoft.Cpp\v4.0\Microsoft.CppBuild.targets" from project "C:\Projects\BattleBoy\libs\CEGui\CEGUI-0.7.7\projects\premake\ScriptingModules\LuaScriptModule\CEGUILuaScriptModule.vcxproj" (target "_Link" depends on it):
     1>Done building target "AfterLink" in project "CEGUILuaScriptModule.vcxproj".
     1>Target "_Link" in file "C:\Program Files (x86)\MSBuild\Microsoft.Cpp\v4.0\Microsoft.CppBuild.targets" from project "C:\Projects\BattleBoy\libs\CEGui\CEGUI-0.7.7\projects\premake\ScriptingModules\LuaScriptModule\CEGUILuaScriptModule.vcxproj" (target "BuildLink" depends on it):
     1>Done building target "_Link" in project "CEGUILuaScriptModule.vcxproj".
     1>Target "_ALink" in file "C:\Program Files (x86)\MSBuild\Microsoft.Cpp\v4.0\Microsoft.CppBuild.targets" from project "C:\Projects\BattleBoy\libs\CEGui\CEGUI-0.7.7\projects\premake\ScriptingModules\LuaScriptModule\CEGUILuaScriptModule.vcxproj" (target "BuildLink" depends on it):
     1>Done building target "_ALink" in project "CEGUILuaScriptModule.vcxproj".
       Target "ComputeManifestInputsTargets" skipped. Previously built successfully.
     1>Target "MakeDirsForManifest" in file "C:\Program Files (x86)\MSBuild\Microsoft.Cpp\v4.0\Microsoft.CppCommon.targets" from project "C:\Projects\BattleBoy\libs\CEGui\CEGUI-0.7.7\projects\premake\ScriptingModules\LuaScriptModule\CEGUILuaScriptModule.vcxproj" (target "Manifest" depends on it):
       Task "MakeDir"
       Done executing task "MakeDir".
     1>Done building target "MakeDirsForManifest" in project "CEGUILuaScriptModule.vcxproj".
     1>Target "Manifest" in file "C:\Program Files (x86)\MSBuild\Microsoft.Cpp\v4.0\Microsoft.CppCommon.targets" from project "C:\Projects\BattleBoy\libs\CEGui\CEGUI-0.7.7\projects\premake\ScriptingModules\LuaScriptModule\CEGUILuaScriptModule.vcxproj" (target "_Manifest" depends on it):
       Task "Delete" skipped, due to false condition; (('$(BuildType)' != 'Build' or '$(ForceRebuild)' == 'true') and '$(EmbedManifestby)'=='LINK') was evaluated as (('Build' != 'Build' or '' == 'true') and 'LINK'=='LINK').
       Using "Mt" task from assembly "Microsoft.Build.CppTasks.Common, Version=4.0.0.0, Culture=neutral, PublicKeyToken=b03f5f7f11d50a3a".
       Task "Mt"
         C:\Program Files (x86)\Microsoft SDKs\Windows\v7.0A\bin\mt.exe /nologo /verbose /out:"obj/Debug\CEGUILuaScriptModule.dll.embed.manifest" /manifest obj/Debug\CEGUILuaScriptModule.dll.intermediate.manifest
         Tracking command:
         C:\Program Files (x86)\Microsoft SDKs\Windows\v7.0A\bin\NETFX 4.0 Tools\Tracker.exe /d C:\Windows\Microsoft.NET\Framework\v4.0.30319\FileTracker.dll /i C:\Projects\BattleBoy\libs\CEGui\CEGUI-0.7.7\projects\premake\ScriptingModules\LuaScriptModule\obj\Debug /r C:\PROJECTS\BATTLEBOY\LIBS\CEGUI\CEGUI-0.7.7\PROJECTS\PREMAKE\SCRIPTINGMODULES\LUASCRIPTMODULE\OBJ\DEBUG\CEGUILUASCRIPTMODULE.DLL.INTERMEDIATE.MANIFEST /b MSBuildConsole_CancelEventd5a0cc27109243a9ad4361f86c3b852b  /c "C:\Program Files (x86)\Microsoft SDKs\Windows\v7.0A\bin\mt.exe"  /nologo /verbose /out:"obj/Debug\CEGUILuaScriptModule.dll.embed.manifest" /manifest obj/Debug\CEGUILuaScriptModule.dll.intermediate.manifest
       Done executing task "Mt".
       Task "RC"
         Write Tracking Logs:
         	obj/Debug\rc.write.1.tlog
         Read Tracking Logs:
         	obj/Debug\rc.read.1.tlog
         Outputs for C:\PROJECTS\BATTLEBOY\LIBS\CEGUI\CEGUI-0.7.7\PROJECTS\PREMAKE\SCRIPTINGMODULES\LUASCRIPTMODULE\OBJ\DEBUG\CEGUILUASCRIPTMODULE_MANIFEST.RC:
         	C:\PROJECTS\BATTLEBOY\LIBS\CEGUI\CEGUI-0.7.7\PROJECTS\PREMAKE\SCRIPTINGMODULES\LUASCRIPTMODULE\OBJ\DEBUG\CEGUILUASCRIPTMODULE.DLL.EMBED.MANIFEST.RES
         C:\PROJECTS\BATTLEBOY\LIBS\CEGUI\CEGUI-0.7.7\PROJECTS\PREMAKE\SCRIPTINGMODULES\LUASCRIPTMODULE\OBJ\DEBUG\CEGUILUASCRIPTMODULE.DLL.EMBED.MANIFEST was modified at 10/17/2012 8:51:39 PM.
         obj/Debug\CEGUILuaScriptModule_manifest.rc will be compiled.
         C:\Program Files (x86)\Microsoft SDKs\Windows\v7.0A\bin\rc.exe /nologo /fo"obj/Debug\CEGUILuaScriptModule.dll.embed.manifest.res" obj/Debug\CEGUILuaScriptModule_manifest.rc 
         Tracking command:
         C:\Program Files (x86)\Microsoft SDKs\Windows\v7.0A\bin\NETFX 4.0 Tools\Tracker.exe /d C:\Windows\Microsoft.NET\Framework\v4.0.30319\FileTracker.dll /i C:\Projects\BattleBoy\libs\CEGui\CEGUI-0.7.7\projects\premake\ScriptingModules\LuaScriptModule\obj\Debug /r C:\PROJECTS\BATTLEBOY\LIBS\CEGUI\CEGUI-0.7.7\PROJECTS\PREMAKE\SCRIPTINGMODULES\LUASCRIPTMODULE\OBJ\DEBUG\CEGUILUASCRIPTMODULE_MANIFEST.RC /b MSBuildConsole_CancelEvent303f97658ff84899b5864025f300c3f7  /c "C:\Program Files (x86)\Microsoft SDKs\Windows\v7.0A\bin\rc.exe"  /nologo /fo"obj/Debug\CEGUILuaScriptModule.dll.embed.manifest.res" obj/Debug\CEGUILuaScriptModule_manifest.rc 
       Done executing task "RC".
     1>Done building target "Manifest" in project "CEGUILuaScriptModule.vcxproj".
       Target "ComputeManifestGeneratedLinkerInputs" skipped. Previously built successfully.
     1>Target "LinkEmbedManifest" in file "C:\Program Files (x86)\MSBuild\Microsoft.Cpp\v4.0\Platforms\Win32\Microsoft.Cpp.Win32.Targets" from project "C:\Projects\BattleBoy\libs\CEGui\CEGUI-0.7.7\projects\premake\ScriptingModules\LuaScriptModule\CEGUILuaScriptModule.vcxproj" (target "_Manifest" depends on it):
       Task "Link"
         Write Tracking Logs:
         	obj\Debug\link.write.1.tlog
         	obj\Debug\link-cvtres.write.1.tlog
         	obj\Debug\link-cvtres.write.1.tlog
         Read Tracking Logs:
         	obj\Debug\link.read.1.tlog
         	obj\Debug\link-cvtres.read.1.tlog
         	obj\Debug\link-cvtres.read.1.tlog
         Outputs for C:\PROJECTS\BATTLEBOY\LIBS\CEGUI\CEGUI-0.7.7\LIB\CEGUIBASE_D.LIB|C:\PROJECTS\BATTLEBOY\LIBS\CEGUI\CEGUI-0.7.7\LIB\TOLUA++_D.LIB|C:\PROJECTS\BATTLEBOY\LIBS\CEGUI\CEGUI-0.7.7\PROJECTS\PREMAKE\SCRIPTINGMODULES\LUASCRIPTMODULE\OBJ\DEBUG\CEGUILUA.OBJ|C:\PROJECTS\BATTLEBOY\LIBS\CEGUI\CEGUI-0.7.7\PROJECTS\PREMAKE\SCRIPTINGMODULES\LUASCRIPTMODULE\OBJ\DEBUG\CEGUILUAFUNCTOR.OBJ|C:\PROJECTS\BATTLEBOY\LIBS\CEGUI\CEGUI-0.7.7\PROJECTS\PREMAKE\SCRIPTINGMODULES\LUASCRIPTMODULE\OBJ\DEBUG\CEGUILUASCRIPTMODULE.DLL.EMBED.MANIFEST.RES|C:\PROJECTS\BATTLEBOY\LIBS\CEGUI\CEGUI-0.7.7\PROJECTS\PREMAKE\SCRIPTINGMODULES\LUASCRIPTMODULE\OBJ\DEBUG\LUA_CEGUI.OBJ|C:\PROJECTS\BATTLEBOY\LIBS\CEGUI\CEGUI-0.7.7\PROJECTS\PREMAKE\SCRIPTINGMODULES\LUASCRIPTMODULE\OBJ\DEBUG\REQUIRED.OBJ:
         	C:\PROJECTS\BATTLEBOY\LIBS\CEGUI\CEGUI-0.7.7\BIN\CEGUILUASCRIPTMODULE_D.ILK
         	C:\PROJECTS\BATTLEBOY\LIBS\CEGUI\CEGUI-0.7.7\BIN\CEGUILUASCRIPTMODULE_D.DLL
         	C:\PROJECTS\BATTLEBOY\LIBS\CEGUI\CEGUI-0.7.7\PROJECTS\PREMAKE\SCRIPTINGMODULES\LUASCRIPTMODULE\OBJ\DEBUG\CEGUILUASCRIPTMODULE.DLL.INTERMEDIATE.MANIFEST
         	C:\PROJECTS\BATTLEBOY\LIBS\CEGUI\CEGUI-0.7.7\BIN\CEGUILUASCRIPTMODULE_D.PDB
         Inputs for C:\PROJECTS\BATTLEBOY\LIBS\CEGUI\CEGUI-0.7.7\LIB\CEGUIBASE_D.LIB|C:\PROJECTS\BATTLEBOY\LIBS\CEGUI\CEGUI-0.7.7\LIB\TOLUA++_D.LIB|C:\PROJECTS\BATTLEBOY\LIBS\CEGUI\CEGUI-0.7.7\PROJECTS\PREMAKE\SCRIPTINGMODULES\LUASCRIPTMODULE\OBJ\DEBUG\CEGUILUA.OBJ|C:\PROJECTS\BATTLEBOY\LIBS\CEGUI\CEGUI-0.7.7\PROJECTS\PREMAKE\SCRIPTINGMODULES\LUASCRIPTMODULE\OBJ\DEBUG\CEGUILUAFUNCTOR.OBJ|C:\PROJECTS\BATTLEBOY\LIBS\CEGUI\CEGUI-0.7.7\PROJECTS\PREMAKE\SCRIPTINGMODULES\LUASCRIPTMODULE\OBJ\DEBUG\CEGUILUASCRIPTMODULE.DLL.EMBED.MANIFEST.RES|C:\PROJECTS\BATTLEBOY\LIBS\CEGUI\CEGUI-0.7.7\PROJECTS\PREMAKE\SCRIPTINGMODULES\LUASCRIPTMODULE\OBJ\DEBUG\LUA_CEGUI.OBJ|C:\PROJECTS\BATTLEBOY\LIBS\CEGUI\CEGUI-0.7.7\PROJECTS\PREMAKE\SCRIPTINGMODULES\LUASCRIPTMODULE\OBJ\DEBUG\REQUIRED.OBJ:
         	C:\PROGRAMDATA\NVIDIA CORPORATION\DRS\NVDRSDB1.BIN
         	C:\PROJECTS\BATTLEBOY\LIBS\CEGUI\CEGUI-0.7.7\LIB\CEGUIBASE_D.LIB
         	C:\PROJECTS\BATTLEBOY\LIBS\CEGUI\CEGUI-0.7.7\LIB\TOLUA++_D.LIB
         	C:\PROJECTS\BATTLEBOY\LIBS\CEGUI\CEGUI-0.7.7\DEPENDENCIES\LIB\DYNAMIC\LUA_D.LIB
         	C:\PROGRAM FILES (X86)\MICROSOFT SDKS\WINDOWS\V7.0A\LIB\KERNEL32.LIB
         	C:\PROGRAM FILES (X86)\MICROSOFT SDKS\WINDOWS\V7.0A\LIB\USER32.LIB
         	C:\PROGRAM FILES (X86)\MICROSOFT SDKS\WINDOWS\V7.0A\LIB\GDI32.LIB
         	C:\PROGRAM FILES (X86)\MICROSOFT SDKS\WINDOWS\V7.0A\LIB\WINSPOOL.LIB
         	C:\PROGRAM FILES (X86)\MICROSOFT SDKS\WINDOWS\V7.0A\LIB\COMDLG32.LIB
         	C:\PROGRAM FILES (X86)\MICROSOFT SDKS\WINDOWS\V7.0A\LIB\ADVAPI32.LIB
         	C:\PROGRAM FILES (X86)\MICROSOFT SDKS\WINDOWS\V7.0A\LIB\SHELL32.LIB
         	C:\PROGRAM FILES (X86)\MICROSOFT SDKS\WINDOWS\V7.0A\LIB\OLE32.LIB
         	C:\PROGRAM FILES (X86)\MICROSOFT SDKS\WINDOWS\V7.0A\LIB\OLEAUT32.LIB
         	C:\PROGRAM FILES (X86)\MICROSOFT SDKS\WINDOWS\V7.0A\LIB\UUID.LIB
         	C:\PROGRAM FILES (X86)\MICROSOFT SDKS\WINDOWS\V7.0A\LIB\ODBC32.LIB
         	C:\PROGRAM FILES (X86)\MICROSOFT SDKS\WINDOWS\V7.0A\LIB\ODBCCP32.LIB
         	C:\PROJECTS\BATTLEBOY\LIBS\CEGUI\CEGUI-0.7.7\PROJECTS\PREMAKE\SCRIPTINGMODULES\LUASCRIPTMODULE\OBJ\DEBUG\CEGUILUASCRIPTMODULE.DLL.EMBED.MANIFEST.RES
         	C:\PROJECTS\BATTLEBOY\LIBS\CEGUI\CEGUI-0.7.7\PROJECTS\PREMAKE\SCRIPTINGMODULES\LUASCRIPTMODULE\OBJ\DEBUG\CEGUILUA.OBJ
         	C:\PROJECTS\BATTLEBOY\LIBS\CEGUI\CEGUI-0.7.7\PROJECTS\PREMAKE\SCRIPTINGMODULES\LUASCRIPTMODULE\OBJ\DEBUG\CEGUILUAFUNCTOR.OBJ
         	C:\PROJECTS\BATTLEBOY\LIBS\CEGUI\CEGUI-0.7.7\PROJECTS\PREMAKE\SCRIPTINGMODULES\LUASCRIPTMODULE\OBJ\DEBUG\LUA_CEGUI.OBJ
         	C:\PROJECTS\BATTLEBOY\LIBS\CEGUI\CEGUI-0.7.7\PROJECTS\PREMAKE\SCRIPTINGMODULES\LUASCRIPTMODULE\OBJ\DEBUG\REQUIRED.OBJ
         	C:\WINDOWS\GLOBALIZATION\SORTING\SORTDEFAULT.NLS
         	C:\PROGRAM FILES (X86)\MICROSOFT VISUAL STUDIO 10.0\VC\LIB\MSVCPRTD.LIB
         	C:\PROGRAM FILES (X86)\MICROSOFT VISUAL STUDIO 10.0\VC\LIB\MSVCRTD.LIB
         	C:\PROGRAM FILES (X86)\MICROSOFT VISUAL STUDIO 10.0\VC\LIB\OLDNAMES.LIB
         	C:\WINDOWS\SYSTEM32\TZRES.DLL
         	C:\PROGRAM FILES (X86)\MICROSOFT VISUAL STUDIO 10.0\VC\BIN\1033\LINKUI.DLL
         	C:\PROJECTS\BATTLEBOY\LIBS\CEGUI\CEGUI-0.7.7\LIB\CEGUILUASCRIPTMODULE_D.EXP
         	C:\PROJECTS\BATTLEBOY\LIBS\CEGUI\CEGUI-0.7.7\LIB\CEGUILUASCRIPTMODULE_D.LIB
         	C:\PROGRAM FILES (X86)\MICROSOFT VISUAL STUDIO 10.0\VC\BIN\CVTRES.EXE
         	C:\WINDOWS\SYSTEM32\RSAENH.DLL
         Source compilation required: input C:\PROJECTS\BATTLEBOY\LIBS\CEGUI\CEGUI-0.7.7\PROJECTS\PREMAKE\SCRIPTINGMODULES\LUASCRIPTMODULE\OBJ\DEBUG\CEGUILUASCRIPTMODULE.DLL.EMBED.MANIFEST.RES is newer than output C:\PROJECTS\BATTLEBOY\LIBS\CEGUI\CEGUI-0.7.7\PROJECTS\PREMAKE\SCRIPTINGMODULES\LUASCRIPTMODULE\OBJ\DEBUG\CEGUILUASCRIPTMODULE.DLL.INTERMEDIATE.MANIFEST.
         Environment Variables passed to tool:
           VS_UNICODE_OUTPUT=1396
         C:\Program Files (x86)\Microsoft Visual Studio 10.0\VC\bin\link.exe /ERRORREPORT:PROMPT /OUT:"../../../../bin\CEGUILuaScriptModule_d.dll" /INCREMENTAL /NOLOGO /LIBPATH:../../../../lib /LIBPATH:../../../../dependencies/lib/dynamic ../../../../lib/CEGUIBase_d.lib ../../../../lib/tolua++_d.lib lua_d.lib kernel32.lib user32.lib gdi32.lib winspool.lib comdlg32.lib advapi32.lib shell32.lib ole32.lib oleaut32.lib uuid.lib odbc32.lib odbccp32.lib /MANIFEST /ManifestFile:"obj/Debug\CEGUILuaScriptModule.dll.intermediate.manifest" /MANIFESTUAC:"level='asInvoker' uiAccess='false'" /DEBUG /PDB:"../../../../bin\CEGUILuaScriptModule_d.pdb" /SUBSYSTEM:WINDOWS /TLBID:1 /DYNAMICBASE /NXCOMPAT /IMPLIB:"../../../../lib/CEGUILuaScriptModule_d.lib" /MACHINE:X86 /DLL obj/Debug\CEGUILuaScriptModule.dll.embed.manifest.res
         obj/Debug\CEGUILua.obj
         obj/Debug\CEGUILuaFunctor.obj
         obj/Debug\lua_CEGUI.obj
         obj/Debug\required.obj
         "C:\Projects\BattleBoy\libs\CEGui\CEGUI-0.7.7\lib\CEGUIBase_d.lib"
         "C:\Projects\BattleBoy\libs\CEGui\CEGUI-0.7.7\lib\tolua++_d.lib"
         Tracking command:
         C:\Program Files (x86)\Microsoft SDKs\Windows\v7.0A\bin\NETFX 4.0 Tools\Tracker.exe /a /d C:\Windows\Microsoft.NET\Framework\v4.0.30319\FileTracker.dll /i C:\Projects\BattleBoy\libs\CEGui\CEGUI-0.7.7\projects\premake\ScriptingModules\LuaScriptModule\obj\Debug /r "C:\PROJECTS\BATTLEBOY\LIBS\CEGUI\CEGUI-0.7.7\LIB\CEGUIBASE_D.LIB|C:\PROJECTS\BATTLEBOY\LIBS\CEGUI\CEGUI-0.7.7\LIB\TOLUA++_D.LIB|C:\PROJECTS\BATTLEBOY\LIBS\CEGUI\CEGUI-0.7.7\PROJECTS\PREMAKE\SCRIPTINGMODULES\LUASCRIPTMODULE\OBJ\DEBUG\CEGUILUA.OBJ|C:\PROJECTS\BATTLEBOY\LIBS\CEGUI\CEGUI-0.7.7\PROJECTS\PREMAKE\SCRIPTINGMODULES\LUASCRIPTMODULE\OBJ\DEBUG\CEGUILUAFUNCTOR.OBJ|C:\PROJECTS\BATTLEBOY\LIBS\CEGUI\CEGUI-0.7.7\PROJECTS\PREMAKE\SCRIPTINGMODULES\LUASCRIPTMODULE\OBJ\DEBUG\CEGUILUASCRIPTMODULE.DLL.EMBED.MANIFEST.RES|C:\PROJECTS\BATTLEBOY\LIBS\CEGUI\CEGUI-0.7.7\PROJECTS\PREMAKE\SCRIPTINGMODULES\LUASCRIPTMODULE\OBJ\DEBUG\LUA_CEGUI.OBJ|C:\PROJECTS\BATTLEBOY\LIBS\CEGUI\CEGUI-0.7.7\PROJECTS\PREMAKE\SCRIPTINGMODULES\LUASCRIPTMODULE\OBJ\DEBUG\REQUIRED.OBJ" /b MSBuildConsole_CancelEvent9867beb4872a4034ac55bf8249eb3889  /c "C:\Program Files (x86)\Microsoft Visual Studio 10.0\VC\bin\link.exe"  /ERRORREPORT:PROMPT /OUT:"../../../../bin\CEGUILuaScriptModule_d.dll" /INCREMENTAL /NOLOGO /LIBPATH:../../../../lib /LIBPATH:../../../../dependencies/lib/dynamic ../../../../lib/CEGUIBase_d.lib ../../../../lib/tolua++_d.lib lua_d.lib kernel32.lib user32.lib gdi32.lib winspool.lib comdlg32.lib advapi32.lib shell32.lib ole32.lib oleaut32.lib uuid.lib odbc32.lib odbccp32.lib /MANIFEST /ManifestFile:"obj/Debug\CEGUILuaScriptModule.dll.intermediate.manifest" /MANIFESTUAC:"level='asInvoker' uiAccess='false'" /DEBUG /PDB:"../../../../bin\CEGUILuaScriptModule_d.pdb" /SUBSYSTEM:WINDOWS /TLBID:1 /DYNAMICBASE /NXCOMPAT /IMPLIB:"../../../../lib/CEGUILuaScriptModule_d.lib" /MACHINE:X86 /DLL obj/Debug\CEGUILuaScriptModule.dll.embed.manifest.res
         obj/Debug\CEGUILua.obj
         obj/Debug\CEGUILuaFunctor.obj
         obj/Debug\lua_CEGUI.obj
         obj/Debug\required.obj
         "C:\Projects\BattleBoy\libs\CEGui\CEGUI-0.7.7\lib\CEGUIBase_d.lib"
         "C:\Projects\BattleBoy\libs\CEGui\CEGUI-0.7.7\lib\tolua++_d.lib"
            Creating library ../../../../lib/CEGUILuaScriptModule_d.lib and object ../../../../lib/CEGUILuaScriptModule_d.exp
       Done executing task "Link".
       Task "Message"
         CEGUILuaScriptModule.vcxproj -> C:\Projects\BattleBoy\libs\CEGui\CEGUI-0.7.7\projects\premake\ScriptingModules\LuaScriptModule\../../../../bin\CEGUILuaScriptModule.dll
       Done executing task "Message".
     1>Done building target "LinkEmbedManifest" in project "CEGUILuaScriptModule.vcxproj".
     1>Target "_Manifest" in file "C:\Program Files (x86)\MSBuild\Microsoft.Cpp\v4.0\Microsoft.CppBuild.targets" from project "C:\Projects\BattleBoy\libs\CEGui\CEGUI-0.7.7\projects\premake\ScriptingModules\LuaScriptModule\CEGUILuaScriptModule.vcxproj" (target "BuildLink" depends on it):
     1>Done building target "_Manifest" in project "CEGUILuaScriptModule.vcxproj".
     1>Target "RegisterOutput" in file "C:\Program Files (x86)\MSBuild\Microsoft.Cpp\v4.0\Microsoft.CppCommon.targets" from project "C:\Projects\BattleBoy\libs\CEGui\CEGUI-0.7.7\projects\premake\ScriptingModules\LuaScriptModule\CEGUILuaScriptModule.vcxproj" (target "BuildLink" depends on it):
       Task "Exec" skipped, due to false condition; ('$(ConfigurationType)'=='DynamicLibrary' and '%(Link.RegisterOutput)'=='true' and '%(Link.PerUserRedirection)'!='true') was evaluated as ('DynamicLibrary'=='DynamicLibrary' and 'false'=='true' and 'false'!='true').
       Task "Exec" skipped, due to false condition; ('$(ConfigurationType)'=='DynamicLibrary' and '%(Link.RegisterOutput)'=='true' and '%(Link.PerUserRedirection)'=='true') was evaluated as ('DynamicLibrary'=='DynamicLibrary' and 'false'=='true' and 'false'=='true').
       Task "Exec" skipped, due to false condition; ('$(ConfigurationType)'=='Application' and '%(Link.RegisterOutput)'=='true' and '%(Link.PerUserRedirection)'!='true') was evaluated as ('DynamicLibrary'=='Application' and 'false'=='true' and 'false'!='true').
       Task "Exec" skipped, due to false condition; ('$(ConfigurationType)'=='Application' and '%(Link.RegisterOutput)'=='true' and '%(Link.PerUserRedirection)'=='true') was evaluated as ('DynamicLibrary'=='Application' and 'false'=='true' and 'false'=='true').
       Task "VCMessage" skipped, due to false condition; ('$(_RegisterOutputExitCode)' != '' and '$(_RegisterOutputExitCode)' != '0') was evaluated as ('' != '' and '' != '0').
     1>Done building target "RegisterOutput" in project "CEGUILuaScriptModule.vcxproj".
     1>Target "ComputeCLCompileGeneratedXDCFiles" in file "C:\Program Files (x86)\MSBuild\Microsoft.Cpp\v4.0\Microsoft.CppBuild.targets" from project "C:\Projects\BattleBoy\libs\CEGui\CEGUI-0.7.7\projects\premake\ScriptingModules\LuaScriptModule\CEGUILuaScriptModule.vcxproj" (target "_XdcMake" depends on it):
     1>Done building target "ComputeCLCompileGeneratedXDCFiles" in project "CEGUILuaScriptModule.vcxproj".
       Target "SetBuildDefaultEnvironmentVariables" skipped. Previously built successfully.
       Target "SetUserMacroEnvironmentVariables" skipped, due to false condition; ('@(BuildMacro)' != '') was evaluated as ('' != '').
       Target "PrepareForBuild" skipped. Previously built successfully.
       Target "ResolveReferences" skipped. Previously built successfully.
     1>Target "ResolvedXDCMake" in file "C:\Program Files (x86)\MSBuild\Microsoft.Cpp\v4.0\Microsoft.CppBuild.targets" from project "C:\Projects\BattleBoy\libs\CEGui\CEGUI-0.7.7\projects\premake\ScriptingModules\LuaScriptModule\CEGUILuaScriptModule.vcxproj" (target "_XdcMake" depends on it):
       Task "MSBuild" skipped, due to false condition; ('%(_MSBuildProjectReferenceExistent.Extension)' == '.vcxproj' and '@(ProjectReferenceWithConfiguration)' != '' and '@(_MSBuildProjectReferenceExistent)' != '' and '$(_ClCompileGenerateXMLDocumentationFiles)' == 'true') was evaluated as ('.vcxproj' == '.vcxproj' and '..\..\BaseSystem\CEGUIBase.vcxproj;support\tolua++\tolua++.vcxproj' != '' and '..\..\BaseSystem\CEGUIBase.vcxproj;support\tolua++\tolua++.vcxproj' != '' and '' == 'true').
     1>Done building target "ResolvedXDCMake" in project "CEGUILuaScriptModule.vcxproj".
     1>Target "MakeDirsForXdcMake" in file "C:\Program Files (x86)\MSBuild\Microsoft.Cpp\v4.0\Microsoft.CppBuild.targets" from project "C:\Projects\BattleBoy\libs\CEGui\CEGUI-0.7.7\projects\premake\ScriptingModules\LuaScriptModule\CEGUILuaScriptModule.vcxproj" (target "_XdcMake" depends on it):
       Task "MakeDir"
       Done executing task "MakeDir".
     1>Done building target "MakeDirsForXdcMake" in project "CEGUILuaScriptModule.vcxproj".
       Target "XdcMake" skipped, due to false condition; ('@(XdcMake)' != '') was evaluated as ('' != '').
     1>Target "_XdcMake" in file "C:\Program Files (x86)\MSBuild\Microsoft.Cpp\v4.0\Microsoft.CppBuild.targets" from project "C:\Projects\BattleBoy\libs\CEGui\CEGUI-0.7.7\projects\premake\ScriptingModules\LuaScriptModule\CEGUILuaScriptModule.vcxproj" (target "BuildLink" depends on it):
     1>Done building target "_XdcMake" in project "CEGUILuaScriptModule.vcxproj".
     1>Target "ComputeCLCompileGeneratedSbrFiles" in file "C:\Program Files (x86)\MSBuild\Microsoft.Cpp\v4.0\Microsoft.CppBuild.targets" from project "C:\Projects\BattleBoy\libs\CEGui\CEGUI-0.7.7\projects\premake\ScriptingModules\LuaScriptModule\CEGUILuaScriptModule.vcxproj" (target "_BscMake" depends on it):
     1>Done building target "ComputeCLCompileGeneratedSbrFiles" in project "CEGUILuaScriptModule.vcxproj".
     1>Target "MakeDirsForBscMake" in file "C:\Program Files (x86)\MSBuild\Microsoft.Cpp\v4.0\Microsoft.CppBuild.targets" from project "C:\Projects\BattleBoy\libs\CEGui\CEGUI-0.7.7\projects\premake\ScriptingModules\LuaScriptModule\CEGUILuaScriptModule.vcxproj" (target "_BscMake" depends on it):
       Task "MakeDir"
       Done executing task "MakeDir".
     1>Done building target "MakeDirsForBscMake" in project "CEGUILuaScriptModule.vcxproj".
       Target "BscMake" skipped, due to false condition; ('@(BscMake)' != '') was evaluated as ('' != '').
       Target "CustomBuildStep" skipped, due to false condition; ('@(CustomBuildStep)' != '' and '$(SelectedFiles)'=='') was evaluated as ('' != '' and ''=='').
     1>Target "_BscMake" in file "C:\Program Files (x86)\MSBuild\Microsoft.Cpp\v4.0\Microsoft.CppBuild.targets" from project "C:\Projects\BattleBoy\libs\CEGui\CEGUI-0.7.7\projects\premake\ScriptingModules\LuaScriptModule\CEGUILuaScriptModule.vcxproj" (target "BuildLink" depends on it):
     1>Done building target "_BscMake" in project "CEGUILuaScriptModule.vcxproj".
     1>Target "_GenerateSatelliteAssemblyInputs" in file "C:\Windows\Microsoft.NET\Framework\v4.0.30319\Microsoft.Common.Targets" from project "C:\Projects\BattleBoy\libs\CEGui\CEGUI-0.7.7\projects\premake\ScriptingModules\LuaScriptModule\CEGUILuaScriptModule.vcxproj" (target "CreateSatelliteAssemblies" depends on it):
       Task "Warning" skipped, due to false condition; ('@(ManifestResourceWithCulture)'!='' and '%(ManifestResourceWithCulture.EmittedForCompatibilityOnly)'=='') was evaluated as (''!='' and ''=='').
       Task "Warning" skipped, due to false condition; ('@(ManifestNonResxWithCultureOnDisk)'!='' and '%(ManifestNonResxWithCultureOnDisk.EmittedForCompatibilityOnly)'=='') was evaluated as (''!='' and ''=='').
     1>Done building target "_GenerateSatelliteAssemblyInputs" in project "CEGUILuaScriptModule.vcxproj".
       Target "ComputeIntermediateSatelliteAssemblies" skipped, due to false condition; (@(ReferenceSatellitePaths->'%(DestinationSubDirectory)') != '') was evaluated as ( != '').
       Target "GenerateSatelliteAssemblies" skipped, due to false condition; ('@(_SatelliteAssemblyResourceInputs)' != '') was evaluated as ('' != '').
     1>Target "CreateSatelliteAssemblies" in file "C:\Windows\Microsoft.NET\Framework\v4.0.30319\Microsoft.Common.Targets" from project "C:\Projects\BattleBoy\libs\CEGui\CEGUI-0.7.7\projects\premake\ScriptingModules\LuaScriptModule\CEGUILuaScriptModule.vcxproj" (target "BuildLink" depends on it):
     1>Done building target "CreateSatelliteAssemblies" in project "CEGUILuaScriptModule.vcxproj".
     1>Target "_Appverifier" in file "C:\Program Files (x86)\MSBuild\Microsoft.Cpp\v4.0\Microsoft.CppBuild.targets" from project "C:\Projects\BattleBoy\libs\CEGui\CEGUI-0.7.7\projects\premake\ScriptingModules\LuaScriptModule\CEGUILuaScriptModule.vcxproj" (target "BuildLink" depends on it):
     1>Done building target "_Appverifier" in project "CEGUILuaScriptModule.vcxproj".
     1>Target "_Deploy" in file "C:\Program Files (x86)\MSBuild\Microsoft.Cpp\v4.0\Microsoft.CppBuild.targets" from project "C:\Projects\BattleBoy\libs\CEGui\CEGUI-0.7.7\projects\premake\ScriptingModules\LuaScriptModule\CEGUILuaScriptModule.vcxproj" (target "BuildLink" depends on it):
     1>Done building target "_Deploy" in project "CEGUILuaScriptModule.vcxproj".
       Target "ComputeIntermediateSatelliteAssemblies" skipped, due to false condition; (@(ReferenceSatellitePaths->'%(DestinationSubDirectory)') != '') was evaluated as ( != '').
       Target "_CopyFilesMarkedCopyLocal" skipped, due to false condition; ('@(ReferenceCopyLocalPaths)' != '') was evaluated as ('' != '').
       Target "AssignTargetPaths" skipped. Previously built successfully.
       Target "_SplitProjectReferencesByFileExistence" skipped. Previously built successfully.
     1>Target "GetCopyToOutputDirectoryItems" in file "C:\Windows\Microsoft.NET\Framework\v4.0.30319\Microsoft.Common.Targets" from project "C:\Projects\BattleBoy\libs\CEGui\CEGUI-0.7.7\projects\premake\ScriptingModules\LuaScriptModule\CEGUILuaScriptModule.vcxproj" (target "_CopySourceItemsToOutputDirectory" depends on it):
       Task "MSBuild"
         Global Properties:
           Configuration=Debug
           Platform=Win32
     1>Project "C:\Projects\BattleBoy\libs\CEGui\CEGUI-0.7.7\projects\premake\ScriptingModules\LuaScriptModule\CEGUILuaScriptModule.vcxproj" (1) is building "C:\Projects\BattleBoy\libs\CEGui\CEGUI-0.7.7\projects\premake\BaseSystem\CEGUIBase.vcxproj" (2:4) on node 2 (GetCopyToOutputDirectoryItems target(s)).
   2:4>Building with tools version "4.0".
       Target "_CheckForInvalidConfigurationAndPlatform" skipped. Previously built successfully.
       Target "GetCopyToOutputDirectoryItems" skipped. Previously built successfully.
   2:4>Done Building Project "C:\Projects\BattleBoy\libs\CEGui\CEGUI-0.7.7\projects\premake\BaseSystem\CEGUIBase.vcxproj" (GetCopyToOutputDirectoryItems target(s)).
     1>Project "C:\Projects\BattleBoy\libs\CEGui\CEGUI-0.7.7\projects\premake\ScriptingModules\LuaScriptModule\CEGUILuaScriptModule.vcxproj" (1) is building "C:\Projects\BattleBoy\libs\CEGui\CEGUI-0.7.7\projects\premake\ScriptingModules\LuaScriptModule\support\tolua++\tolua++.vcxproj" (3:4) on node 3 (GetCopyToOutputDirectoryItems target(s)).
   3:4>Building with tools version "4.0".
       Target "_CheckForInvalidConfigurationAndPlatform" skipped. Previously built successfully.
       Target "GetCopyToOutputDirectoryItems" skipped. Previously built successfully.
   3:4>Done Building Project "C:\Projects\BattleBoy\libs\CEGui\CEGUI-0.7.7\projects\premake\ScriptingModules\LuaScriptModule\support\tolua++\tolua++.vcxproj" (GetCopyToOutputDirectoryItems target(s)).
     1>Done executing task "MSBuild".
       Task "AssignTargetPath"
       Done executing task "AssignTargetPath".
     1>Done building target "GetCopyToOutputDirectoryItems" in project "CEGUILuaScriptModule.vcxproj".
       Target "_CopyOutOfDateSourceItemsToOutputDirectory" skipped, due to false condition; ( '@(_SourceItemsToCopyToOutputDirectory)' != '' ) was evaluated as ( '' != '' ).
       Target "_CopyOutOfDateSourceItemsToOutputDirectoryAlways" skipped, due to false condition; ( '@(_SourceItemsToCopyToOutputDirectoryAlways)' != '' ) was evaluated as ( '' != '' ).
     1>Target "_CopySourceItemsToOutputDirectory" in file "C:\Windows\Microsoft.NET\Framework\v4.0.30319\Microsoft.Common.Targets" from project "C:\Projects\BattleBoy\libs\CEGui\CEGUI-0.7.7\projects\premake\ScriptingModules\LuaScriptModule\CEGUILuaScriptModule.vcxproj" (target "CopyFilesToOutputDirectory" depends on it):
     1>Done building target "_CopySourceItemsToOutputDirectory" in project "CEGUILuaScriptModule.vcxproj".
       Target "_CopyAppConfigFile" skipped, due to false condition; ( '@(AppConfigWithTargetPath)' != '' ) was evaluated as ( '' != '' ).
       Target "_CopyManifestFiles" skipped, due to false condition; ( '$(_DeploymentCopyApplicationManifest)'=='true' or '$(GenerateClickOnceManifests)'=='true' ) was evaluated as ( ''=='true' or ''=='true' ).
     1>Target "_CheckForCompileOutputs" in file "C:\Windows\Microsoft.NET\Framework\v4.0.30319\Microsoft.Common.Targets" from project "C:\Projects\BattleBoy\libs\CEGui\CEGUI-0.7.7\projects\premake\ScriptingModules\LuaScriptModule\CEGUILuaScriptModule.vcxproj" (target "CopyFilesToOutputDirectory" depends on it):
     1>Done building target "_CheckForCompileOutputs" in project "CEGUILuaScriptModule.vcxproj".
       Target "_SGenCheckForOutputs" skipped, due to false condition; ('$(_SGenGenerateSerializationAssembliesConfig)' == 'On' or ('@(WebReferenceUrl)'!='' and '$(_SGenGenerateSerializationAssembliesConfig)' == 'Auto')) was evaluated as ('Off' == 'On' or (''!='' and 'Off' == 'Auto')).
     1>Target "CopyFilesToOutputDirectory" in file "C:\Windows\Microsoft.NET\Framework\v4.0.30319\Microsoft.Common.Targets" from project "C:\Projects\BattleBoy\libs\CEGui\CEGUI-0.7.7\projects\premake\ScriptingModules\LuaScriptModule\CEGUILuaScriptModule.vcxproj" (target "BuildLink" depends on it):
       Task "Copy" skipped, due to false condition; ('$(CopyBuildOutputToOutputDirectory)' == 'true' and '$(SkipCopyBuildProduct)' != 'true') was evaluated as ('true' == 'true' and 'true' != 'true').
       Task "Message" skipped, due to false condition; ('$(SkipCopyBuildProduct)'!='true') was evaluated as ('true'!='true').
       Task "Copy" skipped, due to false condition; ('@(AddModules)' != '') was evaluated as ('' != '').
       Task "Copy" skipped, due to false condition; ('$(_SGenDllCreated)'=='true') was evaluated as ('false'=='true').
       Task "Copy" skipped, due to false condition; ('$(_DebugSymbolsProduced)'=='true' and '$(SkipCopyingSymbolsToOutputDirectory)' != 'true' and '$(CopyOutputSymbolsToOutputDirectory)'=='true') was evaluated as ('false'=='true' and '' != 'true' and 'true'=='true').
       Task "Copy" skipped, due to false condition; ('$(_DocumentationFileProduced)'=='true') was evaluated as ('false'=='true').
       Task "Copy" skipped, due to false condition; ('@(IntermediateSatelliteAssembliesWithTargetPath)' != '') was evaluated as ('' != '').
       Task "Copy" skipped, due to false condition; ('@(ReferenceComWrappersToCopyLocal)' != '' or '@(ResolvedIsolatedComModules)' != '' or '@(_DeploymentLooseManifestFile)' != '' or '@(NativeReferenceFile)' != '' ) was evaluated as ('' != '' or '' != '' or '' != '' or '' != '' ).
     1>Done building target "CopyFilesToOutputDirectory" in project "CEGUILuaScriptModule.vcxproj".
       Target "CustomBuildStep" skipped, due to false condition; ('@(CustomBuildStep)' != '' and '$(SelectedFiles)'=='') was evaluated as ('' != '' and ''=='').
     1>Target "PostBuildEvent" in file "C:\Program Files (x86)\MSBuild\Microsoft.Cpp\v4.0\Microsoft.CppCommon.targets" from project "C:\Projects\BattleBoy\libs\CEGui\CEGUI-0.7.7\projects\premake\ScriptingModules\LuaScriptModule\CEGUILuaScriptModule.vcxproj" (target "BuildLink" depends on it):
       Task "Message" skipped, due to false condition; ('%(PostBuildEvent.Message)' != '' and '%(PostBuildEvent.Command)' != '') was evaluated as ('' != '' and '' != '').
       Task "Exec" skipped, due to false condition; ('%(PostBuildEvent.Command)' != '') was evaluated as ('' != '').
     1>Done building target "PostBuildEvent" in project "CEGUILuaScriptModule.vcxproj".
     1>Target "BuildLink" in file "C:\Windows\Microsoft.NET\Framework\v4.0.30319\Microsoft.Common.Targets" from project "C:\Projects\BattleBoy\libs\CEGui\CEGUI-0.7.7\projects\premake\ScriptingModules\LuaScriptModule\CEGUILuaScriptModule.vcxproj" (target "Build" depends on it):
     1>Done building target "BuildLink" in project "CEGUILuaScriptModule.vcxproj".
     1>Target "AfterBuild" in file "C:\Program Files (x86)\MSBuild\Microsoft.Cpp\v4.0\Microsoft.BuildSteps.Targets" from project "C:\Projects\BattleBoy\libs\CEGui\CEGUI-0.7.7\projects\premake\ScriptingModules\LuaScriptModule\CEGUILuaScriptModule.vcxproj" (target "Build" depends on it):
     1>Done building target "AfterBuild" in project "CEGUILuaScriptModule.vcxproj".
     1>Target "FinalizeBuildStatus" in file "C:\Program Files (x86)\MSBuild\Microsoft.Cpp\v4.0\Microsoft.CppBuild.targets" from project "C:\Projects\BattleBoy\libs\CEGui\CEGUI-0.7.7\projects\premake\ScriptingModules\LuaScriptModule\CEGUILuaScriptModule.vcxproj" (target "Build" depends on it):
       Task "Delete"
         Deleting file "obj/Debug\CEGUILuaScriptModule.unsuccessfulbuild".
       Done executing task "Delete".
       Task "Touch"
         Touching "obj/Debug\CEGUILuaScriptModule.lastbuildstate".
       Done executing task "Touch".
     1>Done building target "FinalizeBuildStatus" in project "CEGUILuaScriptModule.vcxproj".
     1>Target "Build" in file "C:\Program Files (x86)\MSBuild\Microsoft.Cpp\v4.0\Microsoft.BuildSteps.Targets" from project "C:\Projects\BattleBoy\libs\CEGui\CEGUI-0.7.7\projects\premake\ScriptingModules\LuaScriptModule\CEGUILuaScriptModule.vcxproj" (entry point):
     1>Done building target "Build" in project "CEGUILuaScriptModule.vcxproj".
     1>Done Building Project "C:\Projects\BattleBoy\libs\CEGui\CEGUI-0.7.7\projects\premake\ScriptingModules\LuaScriptModule\CEGUILuaScriptModule.vcxproj" (build target(s)).

Build succeeded.

Time Elapsed 00:00:12.66
