Build started 10/18/2012 12:20:03 AM.
     1>Project "C:\Projects\BattleBoy\libs\CEGui\CEGUI-0.7.7\projects\premake\XMLParserModules\expatParser\CEGUIExpatParser.vcxproj" on node 3 (build target(s)).
     1>Building with tools version "4.0".
     1>Target "_CheckForInvalidConfigurationAndPlatform" in file "C:\Windows\Microsoft.NET\Framework\v4.0.30319\Microsoft.Common.Targets" from project "C:\Projects\BattleBoy\libs\CEGui\CEGUI-0.7.7\projects\premake\XMLParserModules\expatParser\CEGUIExpatParser.vcxproj" (entry point):
       Task "Error" skipped, due to false condition; ( '$(_InvalidConfigurationError)' == 'true' ) was evaluated as ( '' == 'true' ).
       Task "Warning" skipped, due to false condition; ( '$(_InvalidConfigurationWarning)' == 'true' ) was evaluated as ( '' == 'true' ).
       Using "Message" task from assembly "Microsoft.Build.Tasks.v4.0, Version=4.0.0.0, Culture=neutral, PublicKeyToken=b03f5f7f11d50a3a".
       Task "Message"
         Configuration=Release
       Done executing task "Message".
       Task "Message"
         Platform=Win32
       Done executing task "Message".
       Task "Error" skipped, due to false condition; ('$(OutDir)' != '' and !HasTrailingSlash('$(OutDir)')) was evaluated as ('../../../../bin\' != '' and !HasTrailingSlash('../../../../bin\')).
       Task "Error" skipped, due to false condition; ('$(BaseIntermediateOutputPath)' != '' and !HasTrailingSlash('$(BaseIntermediateOutputPath)')) was evaluated as ('obj\' != '' and !HasTrailingSlash('obj\')).
       Task "Error" skipped, due to false condition; ('$(IntermediateOutputPath)' != '' and !HasTrailingSlash('$(IntermediateOutputPath)')) was evaluated as ('obj/Release\' != '' and !HasTrailingSlash('obj/Release\')).
     1>Done building target "_CheckForInvalidConfigurationAndPlatform" in project "CEGUIExpatParser.vcxproj".
     1>Target "_DetermineManagedStateFromCL" in file "C:\Program Files (x86)\MSBuild\Microsoft.Cpp\v4.0\Microsoft.CppBuild.targets" from project "C:\Projects\BattleBoy\libs\CEGui\CEGUI-0.7.7\projects\premake\XMLParserModules\expatParser\CEGUIExpatParser.vcxproj" (target "Build" depends on it):
     1>Done building target "_DetermineManagedStateFromCL" in project "CEGUIExpatParser.vcxproj".
     1>Target "_PrepareForBuild" in file "C:\Program Files (x86)\MSBuild\Microsoft.Cpp\v4.0\Microsoft.BuildSteps.Targets" from project "C:\Projects\BattleBoy\libs\CEGui\CEGUI-0.7.7\projects\premake\XMLParserModules\expatParser\CEGUIExpatParser.vcxproj" (target "Build" depends on it):
     1>Done building target "_PrepareForBuild" in project "CEGUIExpatParser.vcxproj".
     1>Target "SetBuildDefaultEnvironmentVariables" in file "C:\Program Files (x86)\MSBuild\Microsoft.Cpp\v4.0\Microsoft.Cpp.targets" from project "C:\Projects\BattleBoy\libs\CEGui\CEGUI-0.7.7\projects\premake\XMLParserModules\expatParser\CEGUIExpatParser.vcxproj" (target "Build" depends on it):
       Using "SetEnv" task from assembly "Microsoft.Build.CppTasks.Common, Version=4.0.0.0, Culture=neutral, PublicKeyToken=b03f5f7f11d50a3a".
       Task "SetEnv"
         PATH=C:\Program Files (x86)\Microsoft Visual Studio 10.0\VC\bin;C:\Program Files (x86)\Microsoft SDKs\Windows\v7.0A\bin\NETFX 4.0 Tools;C:\Program Files (x86)\Microsoft SDKs\Windows\v7.0A\bin;c:\Program Files (x86)\Microsoft Visual Studio 10.0\Common7\Tools\bin;c:\Program Files (x86)\Microsoft Visual Studio 10.0\Common7\tools;c:\Program Files (x86)\Microsoft Visual Studio 10.0\Common7\ide;C:\Program Files (x86)\HTML Help Workshop;C:\Program Files (x86)\Microsoft SDKs\Windows\v7.0A\\bin;C:\Windows\Microsoft.NET\Framework\v4.0.30319\;c:\Program Files (x86)\Microsoft Visual Studio 10.0\;C:\Windows\SysWow64;;C:\Program Files (x86)\NVIDIA Corporation\PhysX\Common;C:\Program Files (x86)\Common Files\Microsoft Shared\Windows Live;C:\Windows\system32;C:\Windows;C:\Windows\System32\Wbem;C:\Windows\System32\WindowsPowerShell\v1.0\;C:\Program Files (x86)\Git\cmd;C:\Program Files\TortoiseSVN\bin;C:\Program Files (x86)\Steam;C:\Program Files (x86)\Common Files\Acronis\SnapAPI\;C:\Program Files (x86)\MiKTeX 2.9\miktex\bin\;;
       Done executing task "SetEnv".
       Task "SetEnv" skipped, due to false condition; ('$(_IsNativeEnvironment)' == 'true') was evaluated as ('' == 'true').
       Task "SetEnv"
         LIB=C:\Program Files (x86)\Microsoft Visual Studio 10.0\VC\lib;C:\Program Files (x86)\Microsoft Visual Studio 10.0\VC\atlmfc\lib;C:\Program Files (x86)\Microsoft SDKs\Windows\v7.0A\lib;C:\Program Files (x86)\Microsoft SDKs\Windows\v7.0A\\lib
       Done executing task "SetEnv".
       Task "SetEnv"
         LIBPATH=C:\Program Files (x86)\Microsoft Visual Studio 10.0\VC\atlmfc\lib;C:\Program Files (x86)\Microsoft Visual Studio 10.0\VC\lib
       Done executing task "SetEnv".
       Task "SetEnv"
         INCLUDE=C:\Program Files (x86)\Microsoft Visual Studio 10.0\VC\include;C:\Program Files (x86)\Microsoft Visual Studio 10.0\VC\atlmfc\include;C:\Program Files (x86)\Microsoft SDKs\Windows\v7.0A\include;C:\Program Files (x86)\Microsoft SDKs\Windows\v7.0A\\include;
       Done executing task "SetEnv".
     1>Done building target "SetBuildDefaultEnvironmentVariables" in project "CEGUIExpatParser.vcxproj".
       Target "SetUserMacroEnvironmentVariables" skipped, due to false condition; ('@(BuildMacro)' != '') was evaluated as ('' != '').
     1>Target "BeforeResolveReferences" in file "C:\Windows\Microsoft.NET\Framework\v4.0.30319\Microsoft.Common.Targets" from project "C:\Projects\BattleBoy\libs\CEGui\CEGUI-0.7.7\projects\premake\XMLParserModules\expatParser\CEGUIExpatParser.vcxproj" (target "ResolveReferences" depends on it):
     1>Done building target "BeforeResolveReferences" in project "CEGUIExpatParser.vcxproj".
     1>Target "AssignProjectConfiguration" in file "C:\Windows\Microsoft.NET\Framework\v4.0.30319\Microsoft.Common.Targets" from project "C:\Projects\BattleBoy\libs\CEGui\CEGUI-0.7.7\projects\premake\XMLParserModules\expatParser\CEGUIExpatParser.vcxproj" (target "ResolveReferences" depends on it):
       Using "AssignProjectConfiguration" task from assembly "Microsoft.Build.Tasks.v4.0, Version=4.0.0.0, Culture=neutral, PublicKeyToken=b03f5f7f11d50a3a".
       Task "AssignProjectConfiguration"
         Project reference "..\..\BaseSystem\CEGUIBase.vcxproj" has been assigned the "Release|Win32" configuration.
       Done executing task "AssignProjectConfiguration".
     1>Done building target "AssignProjectConfiguration" in project "CEGUIExpatParser.vcxproj".
       Target "AssignProjectConfiguration" skipped. Previously built successfully.
     1>Target "_SplitProjectReferencesByFileExistence" in file "C:\Windows\Microsoft.NET\Framework\v4.0.30319\Microsoft.Common.Targets" from project "C:\Projects\BattleBoy\libs\CEGui\CEGUI-0.7.7\projects\premake\XMLParserModules\expatParser\CEGUIExpatParser.vcxproj" (target "ResolveProjectReferences" depends on it):
       Using "ResolveNonMSBuildProjectOutput" task from assembly "Microsoft.Build.Tasks.v4.0, Version=4.0.0.0, Culture=neutral, PublicKeyToken=b03f5f7f11d50a3a".
       Task "ResolveNonMSBuildProjectOutput"
         Resolving project reference "..\..\BaseSystem\CEGUIBase.vcxproj".
         Project reference "..\..\BaseSystem\CEGUIBase.vcxproj" has not been resolved.
       Done executing task "ResolveNonMSBuildProjectOutput".
     1>Done building target "_SplitProjectReferencesByFileExistence" in project "CEGUIExpatParser.vcxproj".
     1>Target "_RemoveNameMetadataFromProjectReferenceItems" in file "C:\Program Files (x86)\MSBuild\Microsoft.Cpp\v4.0\Microsoft.CppBuild.targets" from project "C:\Projects\BattleBoy\libs\CEGui\CEGUI-0.7.7\projects\premake\XMLParserModules\expatParser\CEGUIExpatParser.vcxproj" (target "ResolveProjectReferences" depends on it):
     1>Done building target "_RemoveNameMetadataFromProjectReferenceItems" in project "CEGUIExpatParser.vcxproj".
     1>Target "ResolveProjectReferences" in file "C:\Windows\Microsoft.NET\Framework\v4.0.30319\Microsoft.Common.Targets" from project "C:\Projects\BattleBoy\libs\CEGui\CEGUI-0.7.7\projects\premake\XMLParserModules\expatParser\CEGUIExpatParser.vcxproj" (target "ResolveReferences" depends on it):
       Using "MSBuild" task from assembly "Microsoft.Build.Tasks.v4.0, Version=4.0.0.0, Culture=neutral, PublicKeyToken=b03f5f7f11d50a3a".
       Task "MSBuild"
         Global Properties:
           Configuration=Release
           Platform=Win32
     1>Project "C:\Projects\BattleBoy\libs\CEGui\CEGUI-0.7.7\projects\premake\XMLParserModules\expatParser\CEGUIExpatParser.vcxproj" (1) is building "C:\Projects\BattleBoy\libs\CEGui\CEGUI-0.7.7\projects\premake\BaseSystem\CEGUIBase.vcxproj" (2) on node 2 (GetTargetPath target(s)).
     2>Building with tools version "4.0".
       Target "_CheckForInvalidConfigurationAndPlatform" skipped. Previously built successfully.
       Target "GetTargetPath" skipped. Previously built successfully.
     2>Done Building Project "C:\Projects\BattleBoy\libs\CEGui\CEGUI-0.7.7\projects\premake\BaseSystem\CEGUIBase.vcxproj" (GetTargetPath target(s)).
     1>Project "C:\Projects\BattleBoy\libs\CEGui\CEGUI-0.7.7\projects\premake\XMLParserModules\expatParser\CEGUIExpatParser.vcxproj" (1) is building "C:\Projects\BattleBoy\libs\CEGui\CEGUI-0.7.7\projects\premake\BaseSystem\CEGUIBase.vcxproj" (2:2) on node 2 (GetNativeManifest target(s)).
   2:2>Building with tools version "4.0".
       Target "_CheckForInvalidConfigurationAndPlatform" skipped. Previously built successfully.
       Target "GetNativeManifest" skipped. Previously built successfully.
   2:2>Done Building Project "C:\Projects\BattleBoy\libs\CEGui\CEGUI-0.7.7\projects\premake\BaseSystem\CEGUIBase.vcxproj" (GetNativeManifest target(s)).
     1>Done executing task "MSBuild".
       Task "MSBuild" skipped, due to false condition; ('%(_MSBuildProjectReferenceExistent.BuildReference)' == 'true' and '@(ProjectReferenceWithConfiguration)' != '' and '$(BuildingInsideVisualStudio)' != 'true' and '$(BuildProjectReferences)' == 'true' and '@(_MSBuildProjectReferenceExistent)' != '') was evaluated as ('true' == 'true' and '..\..\BaseSystem\CEGUIBase.vcxproj' != '' and 'true' != 'true' and 'true' == 'true' and '..\..\BaseSystem\CEGUIBase.vcxproj' != '').
       Task "MSBuild"
         Global Properties:
           Configuration=Release
           Platform=Win32
       Done executing task "MSBuild".
       Task "Warning" skipped, due to false condition; ('@(ProjectReferenceWithConfiguration)' != '' and '@(_MSBuildProjectReferenceNonexistent)' != '') was evaluated as ('..\..\BaseSystem\CEGUIBase.vcxproj' != '' and '' != '').
     1>Done building target "ResolveProjectReferences" in project "CEGUIExpatParser.vcxproj".
       Target "ResolveNativeReferences" skipped, due to false condition; ('@(NativeReference)'!='') was evaluated as (''!='').
       Target "ResolveAssemblyReferences" skipped, due to false condition; ('@(Reference)'!='' or '@(_ResolvedProjectReferencePaths)'!='' or '@(_ExplicitReference)' != '') was evaluated as (''!='' or ''!='' or '' != '').
       Target "ResolveComReferences" skipped, due to false condition; ('@(COMReference)'!='' or '@(COMFileReference)'!='') was evaluated as (''!='' or ''!='').
     1>Target "AfterResolveReferences" in file "C:\Windows\Microsoft.NET\Framework\v4.0.30319\Microsoft.Common.Targets" from project "C:\Projects\BattleBoy\libs\CEGui\CEGUI-0.7.7\projects\premake\XMLParserModules\expatParser\CEGUIExpatParser.vcxproj" (target "ResolveReferences" depends on it):
     1>Done building target "AfterResolveReferences" in project "CEGUIExpatParser.vcxproj".
     1>Target "ResolveReferences" in file "C:\Windows\Microsoft.NET\Framework\v4.0.30319\Microsoft.Common.Targets" from project "C:\Projects\BattleBoy\libs\CEGui\CEGUI-0.7.7\projects\premake\XMLParserModules\expatParser\CEGUIExpatParser.vcxproj" (target "Build" depends on it):
     1>Done building target "ResolveReferences" in project "CEGUIExpatParser.vcxproj".
     1>Target "PlatformPrepareForBuild" in file "C:\Program Files (x86)\MSBuild\Microsoft.Cpp\v4.0\Platforms\Win32\Microsoft.Cpp.Win32.Targets" from project "C:\Projects\BattleBoy\libs\CEGui\CEGUI-0.7.7\projects\premake\XMLParserModules\expatParser\CEGUIExpatParser.vcxproj" (target "PrepareForBuild" depends on it):
       Task "VCMessage" skipped, due to false condition; (!(exists('$(VCTargetsPath)\Platforms\Win32\PlatformToolsets\$(PlatformToolset)\Microsoft.Cpp.Win32.$(PlatformToolset).targets'))) was evaluated as (!(exists('C:\Program Files (x86)\MSBuild\Microsoft.Cpp\v4.0\\Platforms\Win32\PlatformToolsets\v100\Microsoft.Cpp.Win32.v100.targets'))).
     1>Done building target "PlatformPrepareForBuild" in project "CEGUIExpatParser.vcxproj".
     1>Target "GetFrameworkPaths" in file "C:\Windows\Microsoft.NET\Framework\v4.0.30319\Microsoft.NETFramework.targets" from project "C:\Projects\BattleBoy\libs\CEGui\CEGUI-0.7.7\projects\premake\XMLParserModules\expatParser\CEGUIExpatParser.vcxproj" (target "PrepareForBuild" depends on it):
     1>Done building target "GetFrameworkPaths" in project "CEGUIExpatParser.vcxproj".
       Target "GetWinFXPath" skipped, due to false condition; (('@(Page)' != '' or '@(ApplicationDefinition)' != '' or '@(Resource)' != '') and ('$(GetWinFXNativePath)' != '' or '$(GetWinFXWoWPath)' != '' )) was evaluated as (('' != '' or '' != '' or '' != '') and ('' != '' or '' != '' )).
     1>Target "GetReferenceAssemblyPaths" in file "C:\Windows\Microsoft.NET\Framework\v4.0.30319\Microsoft.Common.Targets" from project "C:\Projects\BattleBoy\libs\CEGui\CEGUI-0.7.7\projects\premake\XMLParserModules\expatParser\CEGUIExpatParser.vcxproj" (target "PrepareForBuild" depends on it):
       Task "GetReferenceAssemblyPaths" skipped, due to false condition; ('$(TargetFrameworkMoniker)' != '' and ('$(_TargetFrameworkDirectories)' == '' or '$(_FullFrameworkReferenceAssemblyPaths)' == '')) was evaluated as ('.NETFramework,Version=v4.0' != '' and ('C:\Program Files (x86)\Reference Assemblies\Microsoft\Framework\.NETFramework\v4.0' == '' or 'C:\Program Files (x86)\Reference Assemblies\Microsoft\Framework\.NETFramework\v4.0' == '')).
     1>Done building target "GetReferenceAssemblyPaths" in project "CEGUIExpatParser.vcxproj".
     1>Target "PrepareForBuild" in file "C:\Program Files (x86)\MSBuild\Microsoft.Cpp\v4.0\Microsoft.CppBuild.targets" from project "C:\Projects\BattleBoy\libs\CEGui\CEGUI-0.7.7\projects\premake\XMLParserModules\expatParser\CEGUIExpatParser.vcxproj" (target "Build" depends on it):
       Task "VCMessage" skipped, due to false condition; ('$(DesignTimeBuild)'!='true' and '$(ConfigurationPlatformExists)' != 'true') was evaluated as (''!='true' and 'true' != 'true').
       Using "MakeDir" task from assembly "Microsoft.Build.Tasks.v4.0, Version=4.0.0.0, Culture=neutral, PublicKeyToken=b03f5f7f11d50a3a".
       Task "MakeDir"
       Done executing task "MakeDir".
       Task "VCMessage" skipped, due to false condition; ('$(DesignTimeBuild)'!='true' and '$(VCInstallDir)'=='' and '$(UseEnv)' != 'true' and ($(TargetFrameworkVersion)=='v3.5' or $(TargetFrameworkVersion)=='v3.0' or $(TargetFrameworkVersion)=='v2.0' )) was evaluated as (''!='true' and 'C:\Program Files (x86)\Microsoft Visual Studio 10.0\VC\'=='' and '' != 'true' and (v4.0=='v3.5' or v4.0=='v3.0' or v4.0=='v2.0' )).
       Task "VCMessage" skipped, due to false condition; ('$(DesignTimeBuild)'!='true' and '$(VCInstallDir)'=='' and '$(UseEnv)' != 'true' and '$(PlatformToolset)'=='v90') was evaluated as (''!='true' and 'C:\Program Files (x86)\Microsoft Visual Studio 10.0\VC\'=='' and '' != 'true' and 'v100'=='v90').
       Task "VCMessage" skipped, due to false condition; ('$(VCInstallDir)'=='' and '$(UseEnv)' != 'true') was evaluated as ('C:\Program Files (x86)\Microsoft Visual Studio 10.0\VC\'=='' and '' != 'true').
       Task "VCMessage" skipped, due to false condition; ('$(WindowsSDKDir)'=='' and '$(UseEnv)' != 'true') was evaluated as ('C:\Program Files (x86)\Microsoft SDKs\Windows\v7.0A\'=='' and '' != 'true').
       Task "VCMessage" skipped, due to false condition; ('$(IntDirTrailingSlashWarning)'=='true') was evaluated as (''=='true').
       Task "VCMessage" skipped, due to false condition; ('$(OutDirTrailingSlashWarning)'=='true') was evaluated as (''=='true').
       Task "MakeDir"
       Done executing task "MakeDir".
     1>Done building target "PrepareForBuild" in project "CEGUIExpatParser.vcxproj".
       Target "PrepareForBuild" skipped. Previously built successfully.
     1>Target "InitializeBuildStatus" in file "C:\Program Files (x86)\MSBuild\Microsoft.Cpp\v4.0\Microsoft.CppBuild.targets" from project "C:\Projects\BattleBoy\libs\CEGui\CEGUI-0.7.7\projects\premake\XMLParserModules\expatParser\CEGUIExpatParser.vcxproj" (target "Build" depends on it):
       Using "ReadLinesFromFile" task from assembly "Microsoft.Build.Tasks.v4.0, Version=4.0.0.0, Culture=neutral, PublicKeyToken=b03f5f7f11d50a3a".
       Task "ReadLinesFromFile"
       Done executing task "ReadLinesFromFile".
       Using "WriteLinesToFile" task from assembly "Microsoft.Build.Tasks.v4.0, Version=4.0.0.0, Culture=neutral, PublicKeyToken=b03f5f7f11d50a3a".
       Task "WriteLinesToFile"
       Done executing task "WriteLinesToFile".
       Using "Touch" task from assembly "Microsoft.Build.Tasks.v4.0, Version=4.0.0.0, Culture=neutral, PublicKeyToken=b03f5f7f11d50a3a".
       Task "Touch"
         Creating "obj/Release\CEGUIExpatParser.unsuccessfulbuild" because "AlwaysCreate" was specified.
       Done executing task "Touch".
     1>Done building target "InitializeBuildStatus" in project "CEGUIExpatParser.vcxproj".
       Target "AssignProjectConfiguration" skipped. Previously built successfully.
       Target "_SplitProjectReferencesByFileExistence" skipped. Previously built successfully.
     1>Target "BuildGenerateSourcesTraverse" in file "C:\Windows\Microsoft.NET\Framework\v4.0.30319\Microsoft.Common.Targets" from project "C:\Projects\BattleBoy\libs\CEGui\CEGUI-0.7.7\projects\premake\XMLParserModules\expatParser\CEGUIExpatParser.vcxproj" (target "BuildGenerateSources" depends on it):
       Task "MSBuild" skipped, due to false condition; ('$(BuildPassReferences)' == 'true' and '@(ProjectReferenceWithConfiguration)' != '' and '@(_MSBuildProjectReferenceExistent)' != '' and '%(_MSBuildProjectReferenceExistent.BuildReference)' == 'true') was evaluated as ('' == 'true' and '..\..\BaseSystem\CEGUIBase.vcxproj' != '' and '..\..\BaseSystem\CEGUIBase.vcxproj' != '' and 'true' == 'true').
     1>Done building target "BuildGenerateSourcesTraverse" in project "CEGUIExpatParser.vcxproj".
       Target "SetBuildDefaultEnvironmentVariables" skipped. Previously built successfully.
       Target "SetUserMacroEnvironmentVariables" skipped, due to false condition; ('@(BuildMacro)' != '') was evaluated as ('' != '').
       Target "PrepareForBuild" skipped. Previously built successfully.
       Target "ResolveReferences" skipped. Previously built successfully.
     1>Target "BeforeBuildGenerateSources" in file "C:\Program Files (x86)\MSBuild\Microsoft.Cpp\v4.0\Microsoft.BuildSteps.Targets" from project "C:\Projects\BattleBoy\libs\CEGui\CEGUI-0.7.7\projects\premake\XMLParserModules\expatParser\CEGUIExpatParser.vcxproj" (target "BuildGenerateSources" depends on it):
     1>Done building target "BeforeBuildGenerateSources" in project "CEGUIExpatParser.vcxproj".
     1>Target "PreBuildEvent" in file "C:\Program Files (x86)\MSBuild\Microsoft.Cpp\v4.0\Microsoft.CppCommon.targets" from project "C:\Projects\BattleBoy\libs\CEGui\CEGUI-0.7.7\projects\premake\XMLParserModules\expatParser\CEGUIExpatParser.vcxproj" (target "BuildGenerateSources" depends on it):
       Task "Message" skipped, due to false condition; ('%(PreBuildEvent.Message)' != '' and '%(PreBuildEvent.Command)' != '') was evaluated as ('' != '' and '' != '').
       Task "Exec" skipped, due to false condition; ('%(PreBuildEvent.Command)' != '') was evaluated as ('' != '').
     1>Done building target "PreBuildEvent" in project "CEGUIExpatParser.vcxproj".
       Target "CustomBuild" skipped, due to false condition; ('@(CustomBuild)' != '') was evaluated as ('' != '').
     1>Target "_GenerateXMLData" in file "C:\Program Files (x86)\MSBuild\Microsoft.Cpp\v4.0\Microsoft.CppBuild.targets" from project "C:\Projects\BattleBoy\libs\CEGui\CEGUI-0.7.7\projects\premake\XMLParserModules\expatParser\CEGUIExpatParser.vcxproj" (target "BuildGenerateSources" depends on it):
     1>Done building target "_GenerateXMLData" in project "CEGUIExpatParser.vcxproj".
     1>Target "_GenerateWebServiceProxy" in file "C:\Program Files (x86)\MSBuild\Microsoft.Cpp\v4.0\Microsoft.CppBuild.targets" from project "C:\Projects\BattleBoy\libs\CEGui\CEGUI-0.7.7\projects\premake\XMLParserModules\expatParser\CEGUIExpatParser.vcxproj" (target "BuildGenerateSources" depends on it):
     1>Done building target "_GenerateWebServiceProxy" in project "CEGUIExpatParser.vcxproj".
       Target "Xsd" skipped, due to false condition; ('@(Xsd)' != '') was evaluated as ('' != '').
     1>Target "_Xsd" in file "C:\Program Files (x86)\MSBuild\Microsoft.Cpp\v4.0\Microsoft.CppBuild.targets" from project "C:\Projects\BattleBoy\libs\CEGui\CEGUI-0.7.7\projects\premake\XMLParserModules\expatParser\CEGUIExpatParser.vcxproj" (target "BuildGenerateSources" depends on it):
     1>Done building target "_Xsd" in project "CEGUIExpatParser.vcxproj".
     1>Target "MakeDirsForMidl" in file "C:\Program Files (x86)\MSBuild\Microsoft.Cpp\v4.0\Microsoft.CppBuild.targets" from project "C:\Projects\BattleBoy\libs\CEGui\CEGUI-0.7.7\projects\premake\XMLParserModules\expatParser\CEGUIExpatParser.vcxproj" (target "_Midl" depends on it):
       Task "Makedir"
       Done executing task "Makedir".
     1>Done building target "MakeDirsForMidl" in project "CEGUIExpatParser.vcxproj".
       Target "Midl" skipped, due to false condition; ('@(Midl)' != '') was evaluated as ('' != '').
       Target "CustomBuild" skipped, due to false condition; ('@(CustomBuild)' != '') was evaluated as ('' != '').
     1>Target "ComputeMIDLGeneratedCompileInputs" in file "C:\Program Files (x86)\MSBuild\Microsoft.Cpp\v4.0\Microsoft.CppBuild.targets" from project "C:\Projects\BattleBoy\libs\CEGui\CEGUI-0.7.7\projects\premake\XMLParserModules\expatParser\CEGUIExpatParser.vcxproj" (target "_Midl" depends on it):
     1>Done building target "ComputeMIDLGeneratedCompileInputs" in project "CEGUIExpatParser.vcxproj".
     1>Target "AfterMidl" in file "C:\Program Files (x86)\MSBuild\Microsoft.Cpp\v4.0\Microsoft.CppBuild.targets" from project "C:\Projects\BattleBoy\libs\CEGui\CEGUI-0.7.7\projects\premake\XMLParserModules\expatParser\CEGUIExpatParser.vcxproj" (target "_Midl" depends on it):
     1>Done building target "AfterMidl" in project "CEGUIExpatParser.vcxproj".
     1>Target "_Midl" in file "C:\Program Files (x86)\MSBuild\Microsoft.Cpp\v4.0\Microsoft.CppBuild.targets" from project "C:\Projects\BattleBoy\libs\CEGui\CEGUI-0.7.7\projects\premake\XMLParserModules\expatParser\CEGUIExpatParser.vcxproj" (target "BuildGenerateSources" depends on it):
     1>Done building target "_Midl" in project "CEGUIExpatParser.vcxproj".
     1>Target "AfterBuildGenerateSources" in file "C:\Program Files (x86)\MSBuild\Microsoft.Cpp\v4.0\Microsoft.BuildSteps.Targets" from project "C:\Projects\BattleBoy\libs\CEGui\CEGUI-0.7.7\projects\premake\XMLParserModules\expatParser\CEGUIExpatParser.vcxproj" (target "BuildGenerateSources" depends on it):
     1>Done building target "AfterBuildGenerateSources" in project "CEGUIExpatParser.vcxproj".
     1>Target "AfterBuildGenerateSourcesEvent" in file "C:\Program Files (x86)\MSBuild\Microsoft.Cpp\v4.0\Microsoft.CppBuild.targets" from project "C:\Projects\BattleBoy\libs\CEGui\CEGUI-0.7.7\projects\premake\XMLParserModules\expatParser\CEGUIExpatParser.vcxproj" (target "BuildGenerateSources" depends on it):
     1>Done building target "AfterBuildGenerateSourcesEvent" in project "CEGUIExpatParser.vcxproj".
     1>Target "BuildGenerateSources" in file "C:\Windows\Microsoft.NET\Framework\v4.0.30319\Microsoft.Common.Targets" from project "C:\Projects\BattleBoy\libs\CEGui\CEGUI-0.7.7\projects\premake\XMLParserModules\expatParser\CEGUIExpatParser.vcxproj" (target "Build" depends on it):
     1>Done building target "BuildGenerateSources" in project "CEGUIExpatParser.vcxproj".
       Target "AssignProjectConfiguration" skipped. Previously built successfully.
       Target "_SplitProjectReferencesByFileExistence" skipped. Previously built successfully.
     1>Target "BuildCompileTraverse" in file "C:\Windows\Microsoft.NET\Framework\v4.0.30319\Microsoft.Common.Targets" from project "C:\Projects\BattleBoy\libs\CEGui\CEGUI-0.7.7\projects\premake\XMLParserModules\expatParser\CEGUIExpatParser.vcxproj" (target "BuildCompile" depends on it):
       Task "MSBuild" skipped, due to false condition; ('$(BuildPassReferences)' == 'true' and '@(ProjectReferenceWithConfiguration)' != '' and '@(_MSBuildProjectReferenceExistent)' != ''  and '%(_MSBuildProjectReferenceExistent.BuildReference)' == 'true') was evaluated as ('' == 'true' and '..\..\BaseSystem\CEGUIBase.vcxproj' != '' and '..\..\BaseSystem\CEGUIBase.vcxproj' != ''  and 'true' == 'true').
     1>Done building target "BuildCompileTraverse" in project "CEGUIExpatParser.vcxproj".
       Target "SetBuildDefaultEnvironmentVariables" skipped. Previously built successfully.
       Target "SetUserMacroEnvironmentVariables" skipped, due to false condition; ('@(BuildMacro)' != '') was evaluated as ('' != '').
       Target "PrepareForBuild" skipped. Previously built successfully.
       Target "ResolveReferences" skipped. Previously built successfully.
     1>Target "BeforeClCompile" in file "C:\Program Files (x86)\MSBuild\Microsoft.Cpp\v4.0\Microsoft.CppBuild.targets" from project "C:\Projects\BattleBoy\libs\CEGui\CEGUI-0.7.7\projects\premake\XMLParserModules\expatParser\CEGUIExpatParser.vcxproj" (target "_ClCompile" depends on it):
     1>Done building target "BeforeClCompile" in project "CEGUIExpatParser.vcxproj".
       Target "ComputeMIDLGeneratedCompileInputs" skipped. Previously built successfully.
     1>Target "ComputeCLInputPDBName" in file "C:\Program Files (x86)\MSBuild\Microsoft.Cpp\v4.0\Microsoft.CppBuild.targets" from project "C:\Projects\BattleBoy\libs\CEGui\CEGUI-0.7.7\projects\premake\XMLParserModules\expatParser\CEGUIExpatParser.vcxproj" (target "_ClCompile" depends on it):
     1>Done building target "ComputeCLInputPDBName" in project "CEGUIExpatParser.vcxproj".
       Target "ResolveReferences" skipped. Previously built successfully.
     1>Target "ComputeReferenceCLInput" in file "C:\Program Files (x86)\MSBuild\Microsoft.Cpp\v4.0\Microsoft.CppBuild.targets" from project "C:\Projects\BattleBoy\libs\CEGui\CEGUI-0.7.7\projects\premake\XMLParserModules\expatParser\CEGUIExpatParser.vcxproj" (target "_ClCompile" depends on it):
       Task "WriteLinesToFile"
       Done executing task "WriteLinesToFile".
       Task "Message" skipped, due to false condition; ('$(_REFERENCE_DEBUG)'=='true' and '%(ClCompile.CompileAsManaged)' != 'false' and '%(ClCompile.CompileAsManaged)' != '') was evaluated as (''=='true' and '' != 'false' and '' != '').
     1>Done building target "ComputeReferenceCLInput" in project "CEGUIExpatParser.vcxproj".
     1>Target "MakeDirsForCl" in file "C:\Program Files (x86)\MSBuild\Microsoft.Cpp\v4.0\Microsoft.CppBuild.targets" from project "C:\Projects\BattleBoy\libs\CEGui\CEGUI-0.7.7\projects\premake\XMLParserModules\expatParser\CEGUIExpatParser.vcxproj" (target "_ClCompile" depends on it):
       Task "MakeDir"
       Done executing task "MakeDir".
     1>Done building target "MakeDirsForCl" in project "CEGUIExpatParser.vcxproj".
       Target "PrepareForBuild" skipped. Previously built successfully.
       Target "SetBuildDefaultEnvironmentVariables" skipped. Previously built successfully.
       Target "SetUserMacroEnvironmentVariables" skipped, due to false condition; ('@(BuildMacro)' != '') was evaluated as ('' != '').
     1>Target "_SelectedFiles" in file "C:\Program Files (x86)\MSBuild\Microsoft.Cpp\v4.0\Microsoft.CppBuild.targets" from project "C:\Projects\BattleBoy\libs\CEGui\CEGUI-0.7.7\projects\premake\XMLParserModules\expatParser\CEGUIExpatParser.vcxproj" (target "SelectClCompile" depends on it):
     1>Done building target "_SelectedFiles" in project "CEGUIExpatParser.vcxproj".
       Target "ComputeMIDLGeneratedCompileInputs" skipped. Previously built successfully.
       Target "ComputeCLInputPDBName" skipped. Previously built successfully.
       Target "ComputeReferenceCLInput" skipped. Previously built successfully.
       Target "_SelectedFiles" skipped. Previously built successfully.
     1>Target "SelectCustomBuild" in file "C:\Program Files (x86)\MSBuild\Microsoft.Cpp\v4.0\Microsoft.CppBuild.targets" from project "C:\Projects\BattleBoy\libs\CEGui\CEGUI-0.7.7\projects\premake\XMLParserModules\expatParser\CEGUIExpatParser.vcxproj" (target "SelectClCompile" depends on it):
     1>Done building target "SelectCustomBuild" in project "CEGUIExpatParser.vcxproj".
     1>Target "SelectClCompile" in file "C:\Program Files (x86)\MSBuild\Microsoft.Cpp\v4.0\Microsoft.CppBuild.targets" from project "C:\Projects\BattleBoy\libs\CEGui\CEGUI-0.7.7\projects\premake\XMLParserModules\expatParser\CEGUIExpatParser.vcxproj" (target "ClCompile" depends on it):
     1>Done building target "SelectClCompile" in project "CEGUIExpatParser.vcxproj".
       Target "GenerateTargetFrameworkMonikerAttribute" skipped, due to false condition; ('$(GenerateTargetFrameworkAttribute)' == 'true') was evaluated as ('false' == 'true').
     1>Target "ClCompile" in file "C:\Program Files (x86)\MSBuild\Microsoft.Cpp\v4.0\Platforms\Win32\Microsoft.Cpp.Win32.Targets" from project "C:\Projects\BattleBoy\libs\CEGui\CEGUI-0.7.7\projects\premake\XMLParserModules\expatParser\CEGUIExpatParser.vcxproj" (target "_ClCompile" depends on it):
       Task "Delete" skipped, due to false condition; ('%(ClCompile.DebugInformationFormat)' != '' and '%(ClCompile.DebugInformationFormat)' != 'OldStyle' and '%(ClCompile.ProgramDataBaseFileName)' != '' and !Exists(%(ClCompile.ProgramDataBaseFileName))) was evaluated as ('' != '' and '' != 'OldStyle' and 'obj/Release\vc100.pdb' != '' and !Exists(obj/Release\vc100.pdb)).
       Task "CL" skipped, due to false condition; ('%(ClCompile.PrecompiledHeader)' == 'Create' and '%(ClCompile.ExcludedFromBuild)'!='true') was evaluated as ('' == 'Create' and ''!='true').
       Using "CL" task from assembly "Microsoft.Build.CppTasks.Win32, Version=4.0.0.0, Culture=neutral, PublicKeyToken=b03f5f7f11d50a3a".
       Task "CL"
         Read Tracking Logs:
         	obj/Release\cl.read.1.tlog
         Outputs for C:\PROJECTS\BATTLEBOY\LIBS\CEGUI\CEGUI-0.7.7\CEGUI\SRC\XMLPARSERMODULES\EXPATPARSER\CEGUIEXPATPARSER.CPP|C:\PROJECTS\BATTLEBOY\LIBS\CEGUI\CEGUI-0.7.7\CEGUI\SRC\XMLPARSERMODULES\EXPATPARSER\CEGUIEXPATPARSERMODULE.CPP:
         	C:\PROJECTS\BATTLEBOY\LIBS\CEGUI\CEGUI-0.7.7\PROJECTS\PREMAKE\XMLPARSERMODULES\EXPATPARSER\OBJ\RELEASE\CEGUIEXPATPARSER.OBJ
         	C:\PROJECTS\BATTLEBOY\LIBS\CEGUI\CEGUI-0.7.7\PROJECTS\PREMAKE\XMLPARSERMODULES\EXPATPARSER\OBJ\RELEASE\CEGUIEXPATPARSERMODULE.OBJ
         All outputs are up-to-date.
       Done executing task "CL".
     1>Done building target "ClCompile" in project "CEGUIExpatParser.vcxproj".
     1>Target "AfterClCompile" in file "C:\Program Files (x86)\MSBuild\Microsoft.Cpp\v4.0\Microsoft.CppBuild.targets" from project "C:\Projects\BattleBoy\libs\CEGui\CEGUI-0.7.7\projects\premake\XMLParserModules\expatParser\CEGUIExpatParser.vcxproj" (target "_ClCompile" depends on it):
     1>Done building target "AfterClCompile" in project "CEGUIExpatParser.vcxproj".
     1>Target "_ClCompile" in file "C:\Program Files (x86)\MSBuild\Microsoft.Cpp\v4.0\Microsoft.CppBuild.targets" from project "C:\Projects\BattleBoy\libs\CEGui\CEGUI-0.7.7\projects\premake\XMLParserModules\expatParser\CEGUIExpatParser.vcxproj" (target "BuildCompile" depends on it):
     1>Done building target "_ClCompile" in project "CEGUIExpatParser.vcxproj".
       Target "_ResGen" skipped, due to false condition; ('@(EmbeddedResource)'!='') was evaluated as (''!='').
     1>Target "BeforeResourceCompile" in file "C:\Program Files (x86)\MSBuild\Microsoft.Cpp\v4.0\Microsoft.CppBuild.targets" from project "C:\Projects\BattleBoy\libs\CEGui\CEGUI-0.7.7\projects\premake\XMLParserModules\expatParser\CEGUIExpatParser.vcxproj" (target "_ResourceCompile" depends on it):
     1>Done building target "BeforeResourceCompile" in project "CEGUIExpatParser.vcxproj".
     1>Target "MakeDirsForResourceCompile" in file "C:\Program Files (x86)\MSBuild\Microsoft.Cpp\v4.0\Microsoft.CppBuild.targets" from project "C:\Projects\BattleBoy\libs\CEGui\CEGUI-0.7.7\projects\premake\XMLParserModules\expatParser\CEGUIExpatParser.vcxproj" (target "_ResourceCompile" depends on it):
       Task "MakeDir"
       Done executing task "MakeDir".
     1>Done building target "MakeDirsForResourceCompile" in project "CEGUIExpatParser.vcxproj".
       Target "ResourceCompile" skipped, due to false condition; ('@(ResourceCompile)' != '') was evaluated as ('' != '').
     1>Target "AfterResourceCompile" in file "C:\Program Files (x86)\MSBuild\Microsoft.Cpp\v4.0\Microsoft.CppBuild.targets" from project "C:\Projects\BattleBoy\libs\CEGui\CEGUI-0.7.7\projects\premake\XMLParserModules\expatParser\CEGUIExpatParser.vcxproj" (target "_ResourceCompile" depends on it):
     1>Done building target "AfterResourceCompile" in project "CEGUIExpatParser.vcxproj".
     1>Target "_ResourceCompile" in file "C:\Program Files (x86)\MSBuild\Microsoft.Cpp\v4.0\Microsoft.CppBuild.targets" from project "C:\Projects\BattleBoy\libs\CEGui\CEGUI-0.7.7\projects\premake\XMLParserModules\expatParser\CEGUIExpatParser.vcxproj" (target "BuildCompile" depends on it):
     1>Done building target "_ResourceCompile" in project "CEGUIExpatParser.vcxproj".
       Target "_ImpLib" skipped, due to false condition; ('$(ImpLibCompiled)' == 'true') was evaluated as ('' == 'true').
       Target "_Lib" skipped, due to false condition; ('$(LibCompiled)' == 'true') was evaluated as ('' == 'true').
     1>Target "AfterBuildCompileEvent" in file "C:\Program Files (x86)\MSBuild\Microsoft.Cpp\v4.0\Microsoft.CppBuild.targets" from project "C:\Projects\BattleBoy\libs\CEGui\CEGUI-0.7.7\projects\premake\XMLParserModules\expatParser\CEGUIExpatParser.vcxproj" (target "BuildCompile" depends on it):
     1>Done building target "AfterBuildCompileEvent" in project "CEGUIExpatParser.vcxproj".
     1>Target "BuildCompile" in file "C:\Windows\Microsoft.NET\Framework\v4.0.30319\Microsoft.Common.Targets" from project "C:\Projects\BattleBoy\libs\CEGui\CEGUI-0.7.7\projects\premake\XMLParserModules\expatParser\CEGUIExpatParser.vcxproj" (target "Build" depends on it):
     1>Done building target "BuildCompile" in project "CEGUIExpatParser.vcxproj".
       Target "AssignProjectConfiguration" skipped. Previously built successfully.
       Target "_SplitProjectReferencesByFileExistence" skipped. Previously built successfully.
     1>Target "BuildLinkTraverse" in file "C:\Windows\Microsoft.NET\Framework\v4.0.30319\Microsoft.Common.Targets" from project "C:\Projects\BattleBoy\libs\CEGui\CEGUI-0.7.7\projects\premake\XMLParserModules\expatParser\CEGUIExpatParser.vcxproj" (target "BuildLink" depends on it):
       Task "MSBuild" skipped, due to false condition; ('$(BuildPassReferences)' == 'true' and '@(ProjectReferenceWithConfiguration)' != '' and '@(_MSBuildProjectReferenceExistent)' != ''  and '%(_MSBuildProjectReferenceExistent.BuildReference)' == 'true') was evaluated as ('' == 'true' and '..\..\BaseSystem\CEGUIBase.vcxproj' != '' and '..\..\BaseSystem\CEGUIBase.vcxproj' != ''  and 'true' == 'true').
     1>Done building target "BuildLinkTraverse" in project "CEGUIExpatParser.vcxproj".
       Target "SetBuildDefaultEnvironmentVariables" skipped. Previously built successfully.
       Target "SetUserMacroEnvironmentVariables" skipped, due to false condition; ('@(BuildMacro)' != '') was evaluated as ('' != '').
       Target "PrepareForBuild" skipped. Previously built successfully.
       Target "ResolveReferences" skipped. Previously built successfully.
     1>Target "BeforeLink" in file "C:\Program Files (x86)\MSBuild\Microsoft.Cpp\v4.0\Microsoft.CppBuild.targets" from project "C:\Projects\BattleBoy\libs\CEGui\CEGUI-0.7.7\projects\premake\XMLParserModules\expatParser\CEGUIExpatParser.vcxproj" (target "_Link" depends on it):
     1>Done building target "BeforeLink" in project "CEGUIExpatParser.vcxproj".
     1>Target "ComputeRCOutputs" in file "C:\Program Files (x86)\MSBuild\Microsoft.Cpp\v4.0\Microsoft.CppBuild.targets" from project "C:\Projects\BattleBoy\libs\CEGui\CEGUI-0.7.7\projects\premake\XMLParserModules\expatParser\CEGUIExpatParser.vcxproj" (target "ComputeRCGeneratedLinkInputs" depends on it):
     1>Done building target "ComputeRCOutputs" in project "CEGUIExpatParser.vcxproj".
     1>Target "ComputeRCGeneratedLinkInputs" in file "C:\Program Files (x86)\MSBuild\Microsoft.Cpp\v4.0\Microsoft.CppBuild.targets" from project "C:\Projects\BattleBoy\libs\CEGui\CEGUI-0.7.7\projects\premake\XMLParserModules\expatParser\CEGUIExpatParser.vcxproj" (target "_Link" depends on it):
     1>Done building target "ComputeRCGeneratedLinkInputs" in project "CEGUIExpatParser.vcxproj".
     1>Target "ComputeManifestGeneratedLinkerInputs" in file "C:\Program Files (x86)\MSBuild\Microsoft.Cpp\v4.0\Microsoft.CppBuild.targets" from project "C:\Projects\BattleBoy\libs\CEGui\CEGUI-0.7.7\projects\premake\XMLParserModules\expatParser\CEGUIExpatParser.vcxproj" (target "_Link" depends on it):
     1>Done building target "ComputeManifestGeneratedLinkerInputs" in project "CEGUIExpatParser.vcxproj".
     1>Target "ComputeCustomBuildOutput" in file "C:\Program Files (x86)\MSBuild\Microsoft.Cpp\v4.0\Microsoft.CppBuild.targets" from project "C:\Projects\BattleBoy\libs\CEGui\CEGUI-0.7.7\projects\premake\XMLParserModules\expatParser\CEGUIExpatParser.vcxproj" (target "_Link" depends on it):
       Task "MakeDir"
       Done executing task "MakeDir".
     1>Done building target "ComputeCustomBuildOutput" in project "CEGUIExpatParser.vcxproj".
       Target "ComputeMIDLGeneratedCompileInputs" skipped. Previously built successfully.
       Target "ComputeCLInputPDBName" skipped. Previously built successfully.
       Target "ComputeReferenceCLInput" skipped. Previously built successfully.
     1>Target "ComputeCLOutputs" in file "C:\Program Files (x86)\MSBuild\Microsoft.Cpp\v4.0\Microsoft.CppBuild.targets" from project "C:\Projects\BattleBoy\libs\CEGui\CEGUI-0.7.7\projects\premake\XMLParserModules\expatParser\CEGUIExpatParser.vcxproj" (target "ComputeCLGeneratedLinkInputs" depends on it):
     1>Done building target "ComputeCLOutputs" in project "CEGUIExpatParser.vcxproj".
     1>Target "ComputeCLGeneratedLinkInputs" in file "C:\Program Files (x86)\MSBuild\Microsoft.Cpp\v4.0\Microsoft.CppBuild.targets" from project "C:\Projects\BattleBoy\libs\CEGui\CEGUI-0.7.7\projects\premake\XMLParserModules\expatParser\CEGUIExpatParser.vcxproj" (target "_Link" depends on it):
     1>Done building target "ComputeCLGeneratedLinkInputs" in project "CEGUIExpatParser.vcxproj".
     1>Target "ComputeLinkInputsFromProject" in file "C:\Program Files (x86)\MSBuild\Microsoft.Cpp\v4.0\Microsoft.CppBuild.targets" from project "C:\Projects\BattleBoy\libs\CEGui\CEGUI-0.7.7\projects\premake\XMLParserModules\expatParser\CEGUIExpatParser.vcxproj" (target "_Link" depends on it):
     1>Done building target "ComputeLinkInputsFromProject" in project "CEGUIExpatParser.vcxproj".
       Target "SetBuildDefaultEnvironmentVariables" skipped. Previously built successfully.
       Target "SetUserMacroEnvironmentVariables" skipped, due to false condition; ('@(BuildMacro)' != '') was evaluated as ('' != '').
       Target "PrepareForBuild" skipped. Previously built successfully.
       Target "ResolveReferences" skipped. Previously built successfully.
     1>Target "ResolvedLinkLib" in file "C:\Program Files (x86)\MSBuild\Microsoft.Cpp\v4.0\Microsoft.CppBuild.targets" from project "C:\Projects\BattleBoy\libs\CEGui\CEGUI-0.7.7\projects\premake\XMLParserModules\expatParser\CEGUIExpatParser.vcxproj" (target "ComputeReferenceLinkInputs" depends on it):
       Task "MSBuild"
         Global Properties:
           Configuration=Release
           Platform=Win32
     1>Project "C:\Projects\BattleBoy\libs\CEGui\CEGUI-0.7.7\projects\premake\XMLParserModules\expatParser\CEGUIExpatParser.vcxproj" (1) is building "C:\Projects\BattleBoy\libs\CEGui\CEGUI-0.7.7\projects\premake\BaseSystem\CEGUIBase.vcxproj" (2:3) on node 2 (GetResolvedLinkLibs target(s)).
   2:3>Building with tools version "4.0".
       Target "_CheckForInvalidConfigurationAndPlatform" skipped. Previously built successfully.
       Target "GetResolvedLinkLibs" skipped. Previously built successfully.
   2:3>Done Building Project "C:\Projects\BattleBoy\libs\CEGui\CEGUI-0.7.7\projects\premake\BaseSystem\CEGUIBase.vcxproj" (GetResolvedLinkLibs target(s)).
     1>Done executing task "MSBuild".
     1>Done building target "ResolvedLinkLib" in project "CEGUIExpatParser.vcxproj".
     1>Target "ComputeResolveLinkObj" in file "C:\Program Files (x86)\MSBuild\Microsoft.Cpp\v4.0\Microsoft.CppBuild.targets" from project "C:\Projects\BattleBoy\libs\CEGui\CEGUI-0.7.7\projects\premake\XMLParserModules\expatParser\CEGUIExpatParser.vcxproj" (target "ComputeReferenceLinkInputs" depends on it):
       Task "CallTarget" skipped, due to false condition; ('%(_MSBuildProjectReferenceExistent.UseLibraryDependencyInputs)'=='true') was evaluated as ('false'=='true').
     1>Done building target "ComputeResolveLinkObj" in project "CEGUIExpatParser.vcxproj".
     1>Target "ComputeReferenceLinkInputs" in file "C:\Program Files (x86)\MSBuild\Microsoft.Cpp\v4.0\Microsoft.CppBuild.targets" from project "C:\Projects\BattleBoy\libs\CEGui\CEGUI-0.7.7\projects\premake\XMLParserModules\expatParser\CEGUIExpatParser.vcxproj" (target "_Link" depends on it):
       Task "Message" skipped, due to false condition; ('$(_REFERENCE_DEBUG)'=='true') was evaluated as (''=='true').
     1>Done building target "ComputeReferenceLinkInputs" in project "CEGUIExpatParser.vcxproj".
     1>Target "ComputeManifestInputsTargets" in file "C:\Program Files (x86)\MSBuild\Microsoft.Cpp\v4.0\Microsoft.CppBuild.targets" from project "C:\Projects\BattleBoy\libs\CEGui\CEGUI-0.7.7\projects\premake\XMLParserModules\expatParser\CEGUIExpatParser.vcxproj" (target "_Link" depends on it):
     1>Done building target "ComputeManifestInputsTargets" in project "CEGUIExpatParser.vcxproj".
       Target "ManifestResourceCompile" skipped, due to false condition; ('$(EmbedManifestBy)' == 'LINK') was evaluated as ('MT' == 'LINK').
       Target "AssignWinFXEmbeddedResource" skipped, due to false condition; ('@(WinFXEmbeddedResource)' != '') was evaluated as ('' != '').
     1>Target "AssignTargetPaths" in file "C:\Windows\Microsoft.NET\Framework\v4.0.30319\Microsoft.Common.Targets" from project "C:\Projects\BattleBoy\libs\CEGui\CEGUI-0.7.7\projects\premake\XMLParserModules\expatParser\CEGUIExpatParser.vcxproj" (target "PrepareResourceNames" depends on it):
       Using "AssignTargetPath" task from assembly "Microsoft.Build.Tasks.v4.0, Version=4.0.0.0, Culture=neutral, PublicKeyToken=b03f5f7f11d50a3a".
       Task "AssignTargetPath"
       Done executing task "AssignTargetPath".
       Task "AssignTargetPath"
       Done executing task "AssignTargetPath".
       Task "AssignTargetPath"
       Done executing task "AssignTargetPath".
       Task "AssignTargetPath"
       Done executing task "AssignTargetPath".
       Task "AssignTargetPath" skipped, due to false condition; ('@(_DeploymentBaseManifestWithTargetPath)'=='' and '%(None.Extension)'=='.manifest') was evaluated as (''=='' and ''=='.manifest').
     1>Done building target "AssignTargetPaths" in project "CEGUIExpatParser.vcxproj".
       Target "AssignTargetPaths" skipped. Previously built successfully.
     1>Target "SplitResourcesByCulture" in file "C:\Windows\Microsoft.NET\Framework\v4.0.30319\Microsoft.Common.Targets" from project "C:\Projects\BattleBoy\libs\CEGui\CEGUI-0.7.7\projects\premake\XMLParserModules\expatParser\CEGUIExpatParser.vcxproj" (target "PrepareResourceNames" depends on it):
       Task "Warning" skipped, due to false condition; ('@(ResxWithNoCulture)'!='') was evaluated as (''!='').
       Task "Warning" skipped, due to false condition; ('@(ResxWithCulture)'!='') was evaluated as (''!='').
       Task "Warning" skipped, due to false condition; ('@(NonResxWithCulture)'!='') was evaluated as (''!='').
       Task "Warning" skipped, due to false condition; ('@(NonResxWithNoCulture)'!='') was evaluated as (''!='').
       Using "AssignCulture" task from assembly "Microsoft.Build.Tasks.v4.0, Version=4.0.0.0, Culture=neutral, PublicKeyToken=b03f5f7f11d50a3a".
       Task "AssignCulture"
       Done executing task "AssignCulture".
     1>Done building target "SplitResourcesByCulture" in project "CEGUIExpatParser.vcxproj".
       Target "CreateManifestResourceNames" skipped, due to false condition; ('@(EmbeddedResource)' != '') was evaluated as ('' != '').
     1>Target "CreateCustomManifestResourceNames" in file "C:\Windows\Microsoft.NET\Framework\v4.0.30319\Microsoft.Common.Targets" from project "C:\Projects\BattleBoy\libs\CEGui\CEGUI-0.7.7\projects\premake\XMLParserModules\expatParser\CEGUIExpatParser.vcxproj" (target "PrepareResourceNames" depends on it):
     1>Done building target "CreateCustomManifestResourceNames" in project "CEGUIExpatParser.vcxproj".
     1>Target "PrepareResourceNames" in file "C:\Windows\Microsoft.NET\Framework\v4.0.30319\Microsoft.Common.Targets" from project "C:\Projects\BattleBoy\libs\CEGui\CEGUI-0.7.7\projects\premake\XMLParserModules\expatParser\CEGUIExpatParser.vcxproj" (target "_Link" depends on it):
     1>Done building target "PrepareResourceNames" in project "CEGUIExpatParser.vcxproj".
     1>Target "MakeDirsForLink" in file "C:\Program Files (x86)\MSBuild\Microsoft.Cpp\v4.0\Microsoft.CppBuild.targets" from project "C:\Projects\BattleBoy\libs\CEGui\CEGUI-0.7.7\projects\premake\XMLParserModules\expatParser\CEGUIExpatParser.vcxproj" (target "_Link" depends on it):
       Task "MakeDir"
       Done executing task "MakeDir".
     1>Done building target "MakeDirsForLink" in project "CEGUIExpatParser.vcxproj".
     1>Target "DoLinkOutputFilesMatch" in file "C:\Program Files (x86)\MSBuild\Microsoft.Cpp\v4.0\Microsoft.CppBuild.targets" from project "C:\Projects\BattleBoy\libs\CEGui\CEGUI-0.7.7\projects\premake\XMLParserModules\expatParser\CEGUIExpatParser.vcxproj" (target "_Link" depends on it):
       Task "VCMessage" skipped, due to false condition; ('%(_OutputFileFromLink.FullPath)' != '$([System.IO.Path]::GetFullPath($(TargetPath)))') was evaluated as ('C:\Projects\BattleBoy\libs\CEGui\CEGUI-0.7.7\bin\CEGUIExpatParser.dll' != 'C:\Projects\BattleBoy\libs\CEGui\CEGUI-0.7.7\bin\CEGUIExpatParser.dll').
       Task "VCMessage" skipped, due to false condition; ('%(_OutputFileFromLink.Extension)' != '$(TargetExt)') was evaluated as ('.dll' != '.dll').
       Task "VCMessage" skipped, due to false condition; ('%(_OutputFileFromLink.Filename)' != '$(TargetName)') was evaluated as ('CEGUIExpatParser' != 'CEGUIExpatParser').
     1>Done building target "DoLinkOutputFilesMatch" in project "CEGUIExpatParser.vcxproj".
     1>Target "PreLinkEvent" in file "C:\Program Files (x86)\MSBuild\Microsoft.Cpp\v4.0\Microsoft.CppCommon.targets" from project "C:\Projects\BattleBoy\libs\CEGui\CEGUI-0.7.7\projects\premake\XMLParserModules\expatParser\CEGUIExpatParser.vcxproj" (target "_Link" depends on it):
       Task "Message" skipped, due to false condition; ('%(PreLinkEvent.Message)' != '' and '%(PreLinkEvent.Command)' != '') was evaluated as ('' != '' and '' != '').
       Task "Exec" skipped, due to false condition; ('%(PreLinkEvent.Command)' != '') was evaluated as ('' != '').
     1>Done building target "PreLinkEvent" in project "CEGUIExpatParser.vcxproj".
     1>Target "Link" in file "C:\Program Files (x86)\MSBuild\Microsoft.Cpp\v4.0\Platforms\Win32\Microsoft.Cpp.Win32.Targets" from project "C:\Projects\BattleBoy\libs\CEGui\CEGUI-0.7.7\projects\premake\XMLParserModules\expatParser\CEGUIExpatParser.vcxproj" (target "_Link" depends on it):
       Using "Link" task from assembly "Microsoft.Build.CppTasks.Win32, Version=4.0.0.0, Culture=neutral, PublicKeyToken=b03f5f7f11d50a3a".
       Task "Link"
         Write Tracking Logs:
         	obj\Release\link.write.1.tlog
         Read Tracking Logs:
         	obj\Release\link.read.1.tlog
         Outputs for C:\PROJECTS\BATTLEBOY\LIBS\CEGUI\CEGUI-0.7.7\LIB\CEGUIBASE.LIB|C:\PROJECTS\BATTLEBOY\LIBS\CEGUI\CEGUI-0.7.7\PROJECTS\PREMAKE\XMLPARSERMODULES\EXPATPARSER\OBJ\RELEASE\CEGUIEXPATPARSER.OBJ|C:\PROJECTS\BATTLEBOY\LIBS\CEGUI\CEGUI-0.7.7\PROJECTS\PREMAKE\XMLPARSERMODULES\EXPATPARSER\OBJ\RELEASE\CEGUIEXPATPARSERMODULE.OBJ:
         	C:\PROJECTS\BATTLEBOY\LIBS\CEGUI\CEGUI-0.7.7\BIN\CEGUIEXPATPARSER.DLL
         	C:\PROJECTS\BATTLEBOY\LIBS\CEGUI\CEGUI-0.7.7\PROJECTS\PREMAKE\XMLPARSERMODULES\EXPATPARSER\OBJ\RELEASE\CEGUIEXPATPARSER.DLL.INTERMEDIATE.MANIFEST
         Inputs for C:\PROJECTS\BATTLEBOY\LIBS\CEGUI\CEGUI-0.7.7\LIB\CEGUIBASE.LIB|C:\PROJECTS\BATTLEBOY\LIBS\CEGUI\CEGUI-0.7.7\PROJECTS\PREMAKE\XMLPARSERMODULES\EXPATPARSER\OBJ\RELEASE\CEGUIEXPATPARSER.OBJ|C:\PROJECTS\BATTLEBOY\LIBS\CEGUI\CEGUI-0.7.7\PROJECTS\PREMAKE\XMLPARSERMODULES\EXPATPARSER\OBJ\RELEASE\CEGUIEXPATPARSERMODULE.OBJ:
         	C:\PROGRAMDATA\NVIDIA CORPORATION\DRS\NVDRSDB1.BIN
         	C:\PROJECTS\BATTLEBOY\LIBS\CEGUI\CEGUI-0.7.7\LIB\CEGUIBASE.LIB
         	C:\PROJECTS\BATTLEBOY\LIBS\CEGUI\CEGUI-0.7.7\DEPENDENCIES\LIB\DYNAMIC\EXPAT.LIB
         	C:\PROGRAM FILES (X86)\MICROSOFT SDKS\WINDOWS\V7.0A\LIB\KERNEL32.LIB
         	C:\PROGRAM FILES (X86)\MICROSOFT SDKS\WINDOWS\V7.0A\LIB\USER32.LIB
         	C:\PROGRAM FILES (X86)\MICROSOFT SDKS\WINDOWS\V7.0A\LIB\GDI32.LIB
         	C:\PROGRAM FILES (X86)\MICROSOFT SDKS\WINDOWS\V7.0A\LIB\WINSPOOL.LIB
         	C:\PROGRAM FILES (X86)\MICROSOFT SDKS\WINDOWS\V7.0A\LIB\COMDLG32.LIB
         	C:\PROGRAM FILES (X86)\MICROSOFT SDKS\WINDOWS\V7.0A\LIB\ADVAPI32.LIB
         	C:\PROGRAM FILES (X86)\MICROSOFT SDKS\WINDOWS\V7.0A\LIB\SHELL32.LIB
         	C:\PROGRAM FILES (X86)\MICROSOFT SDKS\WINDOWS\V7.0A\LIB\OLE32.LIB
         	C:\PROGRAM FILES (X86)\MICROSOFT SDKS\WINDOWS\V7.0A\LIB\OLEAUT32.LIB
         	C:\PROGRAM FILES (X86)\MICROSOFT SDKS\WINDOWS\V7.0A\LIB\UUID.LIB
         	C:\PROGRAM FILES (X86)\MICROSOFT SDKS\WINDOWS\V7.0A\LIB\ODBC32.LIB
         	C:\PROGRAM FILES (X86)\MICROSOFT SDKS\WINDOWS\V7.0A\LIB\ODBCCP32.LIB
         	C:\PROJECTS\BATTLEBOY\LIBS\CEGUI\CEGUI-0.7.7\PROJECTS\PREMAKE\XMLPARSERMODULES\EXPATPARSER\OBJ\RELEASE\CEGUIEXPATPARSER.OBJ
         	C:\PROJECTS\BATTLEBOY\LIBS\CEGUI\CEGUI-0.7.7\PROJECTS\PREMAKE\XMLPARSERMODULES\EXPATPARSER\OBJ\RELEASE\CEGUIEXPATPARSERMODULE.OBJ
         	C:\WINDOWS\GLOBALIZATION\SORTING\SORTDEFAULT.NLS
         	C:\PROGRAM FILES (X86)\MICROSOFT VISUAL STUDIO 10.0\VC\LIB\MSVCPRT.LIB
         	C:\PROGRAM FILES (X86)\MICROSOFT VISUAL STUDIO 10.0\VC\LIB\MSVCRT.LIB
         	C:\PROGRAM FILES (X86)\MICROSOFT VISUAL STUDIO 10.0\VC\LIB\OLDNAMES.LIB
         	C:\WINDOWS\SYSTEM32\TZRES.DLL
         	C:\PROGRAM FILES (X86)\MICROSOFT VISUAL STUDIO 10.0\VC\BIN\1033\LINKUI.DLL
         	C:\PROJECTS\BATTLEBOY\LIBS\CEGUI\CEGUI-0.7.7\LIB\CEGUIEXPATPARSER.EXP
         Source compilation required: input C:\PROJECTS\BATTLEBOY\LIBS\CEGUI\CEGUI-0.7.7\LIB\CEGUIBASE.LIB is newer than output C:\PROJECTS\BATTLEBOY\LIBS\CEGUI\CEGUI-0.7.7\PROJECTS\PREMAKE\XMLPARSERMODULES\EXPATPARSER\OBJ\RELEASE\CEGUIEXPATPARSER.DLL.INTERMEDIATE.MANIFEST.
         Environment Variables passed to tool:
           VS_UNICODE_OUTPUT=888
         C:\Program Files (x86)\Microsoft Visual Studio 10.0\VC\bin\link.exe /ERRORREPORT:PROMPT /OUT:"../../../../bin\CEGUIExpatParser.dll" /INCREMENTAL:NO /NOLOGO /LIBPATH:../../../../lib /LIBPATH:../../../../dependencies/lib/dynamic ../../../../lib/CEGUIBase.lib expat.lib kernel32.lib user32.lib gdi32.lib winspool.lib comdlg32.lib advapi32.lib shell32.lib ole32.lib oleaut32.lib uuid.lib odbc32.lib odbccp32.lib /MANIFEST /ManifestFile:"obj/Release\CEGUIExpatParser.dll.intermediate.manifest" /MANIFESTUAC:"level='asInvoker' uiAccess='false'" /PDB:"C:\Projects\BattleBoy\libs\CEGui\CEGUI-0.7.7\bin\CEGUIExpatParser.pdb" /SUBSYSTEM:WINDOWS /OPT:REF /OPT:ICF /TLBID:1 /DYNAMICBASE /NXCOMPAT /IMPLIB:"../../../../lib/CEGUIExpatParser.lib" /MACHINE:X86 /DLL obj/Release\CEGUIExpatParser.obj
         obj/Release\CEGUIExpatParserModule.obj
         "C:\Projects\BattleBoy\libs\CEGui\CEGUI-0.7.7\lib\CEGUIBase.lib"
         Tracking command:
         C:\Program Files (x86)\Microsoft SDKs\Windows\v7.0A\bin\NETFX 4.0 Tools\Tracker.exe /a /d C:\Windows\Microsoft.NET\Framework\v4.0.30319\FileTracker.dll /i C:\Projects\BattleBoy\libs\CEGui\CEGUI-0.7.7\projects\premake\XMLParserModules\expatParser\obj\Release /r "C:\PROJECTS\BATTLEBOY\LIBS\CEGUI\CEGUI-0.7.7\LIB\CEGUIBASE.LIB|C:\PROJECTS\BATTLEBOY\LIBS\CEGUI\CEGUI-0.7.7\PROJECTS\PREMAKE\XMLPARSERMODULES\EXPATPARSER\OBJ\RELEASE\CEGUIEXPATPARSER.OBJ|C:\PROJECTS\BATTLEBOY\LIBS\CEGUI\CEGUI-0.7.7\PROJECTS\PREMAKE\XMLPARSERMODULES\EXPATPARSER\OBJ\RELEASE\CEGUIEXPATPARSERMODULE.OBJ" /b MSBuildConsole_CancelEvent52476c5ae6de4f60b52c3ee1bd71bada  /c "C:\Program Files (x86)\Microsoft Visual Studio 10.0\VC\bin\link.exe"  /ERRORREPORT:PROMPT /OUT:"../../../../bin\CEGUIExpatParser.dll" /INCREMENTAL:NO /NOLOGO /LIBPATH:../../../../lib /LIBPATH:../../../../dependencies/lib/dynamic ../../../../lib/CEGUIBase.lib expat.lib kernel32.lib user32.lib gdi32.lib winspool.lib comdlg32.lib advapi32.lib shell32.lib ole32.lib oleaut32.lib uuid.lib odbc32.lib odbccp32.lib /MANIFEST /ManifestFile:"obj/Release\CEGUIExpatParser.dll.intermediate.manifest" /MANIFESTUAC:"level='asInvoker' uiAccess='false'" /PDB:"C:\Projects\BattleBoy\libs\CEGui\CEGUI-0.7.7\bin\CEGUIExpatParser.pdb" /SUBSYSTEM:WINDOWS /OPT:REF /OPT:ICF /TLBID:1 /DYNAMICBASE /NXCOMPAT /IMPLIB:"../../../../lib/CEGUIExpatParser.lib" /MACHINE:X86 /DLL obj/Release\CEGUIExpatParser.obj
         obj/Release\CEGUIExpatParserModule.obj
         "C:\Projects\BattleBoy\libs\CEGui\CEGUI-0.7.7\lib\CEGUIBase.lib"
            Creating library ../../../../lib/CEGUIExpatParser.lib and object ../../../../lib/CEGUIExpatParser.exp
       Done executing task "Link".
       Task "Message"
         CEGUIExpatParser.vcxproj -> C:\Projects\BattleBoy\libs\CEGui\CEGUI-0.7.7\projects\premake\XMLParserModules\expatParser\../../../../bin\CEGUIExpatParser.dll
       Done executing task "Message".
     1>Done building target "Link" in project "CEGUIExpatParser.vcxproj".
     1>Target "_DetermineManagedStateForLink" in file "C:\Program Files (x86)\MSBuild\Microsoft.Cpp\v4.0\Microsoft.CppBuild.targets" from project "C:\Projects\BattleBoy\libs\CEGui\CEGUI-0.7.7\projects\premake\XMLParserModules\expatParser\CEGUIExpatParser.vcxproj" (target "_Link" depends on it):
     1>Done building target "_DetermineManagedStateForLink" in project "CEGUIExpatParser.vcxproj".
     1>Target "ComputeLinkImportLibraryOutputsForClean" in file "C:\Program Files (x86)\MSBuild\Microsoft.Cpp\v4.0\Microsoft.CppBuild.targets" from project "C:\Projects\BattleBoy\libs\CEGui\CEGUI-0.7.7\projects\premake\XMLParserModules\expatParser\CEGUIExpatParser.vcxproj" (target "_Link" depends on it):
       Task "WriteLinesToFile"
       Done executing task "WriteLinesToFile".
     1>Done building target "ComputeLinkImportLibraryOutputsForClean" in project "CEGUIExpatParser.vcxproj".
     1>Target "AfterLink" in file "C:\Program Files (x86)\MSBuild\Microsoft.Cpp\v4.0\Microsoft.CppBuild.targets" from project "C:\Projects\BattleBoy\libs\CEGui\CEGUI-0.7.7\projects\premake\XMLParserModules\expatParser\CEGUIExpatParser.vcxproj" (target "_Link" depends on it):
     1>Done building target "AfterLink" in project "CEGUIExpatParser.vcxproj".
     1>Target "_Link" in file "C:\Program Files (x86)\MSBuild\Microsoft.Cpp\v4.0\Microsoft.CppBuild.targets" from project "C:\Projects\BattleBoy\libs\CEGui\CEGUI-0.7.7\projects\premake\XMLParserModules\expatParser\CEGUIExpatParser.vcxproj" (target "BuildLink" depends on it):
     1>Done building target "_Link" in project "CEGUIExpatParser.vcxproj".
     1>Target "_ALink" in file "C:\Program Files (x86)\MSBuild\Microsoft.Cpp\v4.0\Microsoft.CppBuild.targets" from project "C:\Projects\BattleBoy\libs\CEGui\CEGUI-0.7.7\projects\premake\XMLParserModules\expatParser\CEGUIExpatParser.vcxproj" (target "BuildLink" depends on it):
     1>Done building target "_ALink" in project "CEGUIExpatParser.vcxproj".
       Target "ComputeManifestInputsTargets" skipped. Previously built successfully.
     1>Target "MakeDirsForManifest" in file "C:\Program Files (x86)\MSBuild\Microsoft.Cpp\v4.0\Microsoft.CppCommon.targets" from project "C:\Projects\BattleBoy\libs\CEGui\CEGUI-0.7.7\projects\premake\XMLParserModules\expatParser\CEGUIExpatParser.vcxproj" (target "Manifest" depends on it):
       Task "MakeDir"
       Done executing task "MakeDir".
     1>Done building target "MakeDirsForManifest" in project "CEGUIExpatParser.vcxproj".
     1>Target "Manifest" in file "C:\Program Files (x86)\MSBuild\Microsoft.Cpp\v4.0\Microsoft.CppCommon.targets" from project "C:\Projects\BattleBoy\libs\CEGui\CEGUI-0.7.7\projects\premake\XMLParserModules\expatParser\CEGUIExpatParser.vcxproj" (target "_Manifest" depends on it):
       Task "Delete" skipped, due to false condition; (('$(BuildType)' != 'Build' or '$(ForceRebuild)' == 'true') and '$(EmbedManifestby)'=='LINK') was evaluated as (('Build' != 'Build' or '' == 'true') and 'MT'=='LINK').
       Using "Mt" task from assembly "Microsoft.Build.CppTasks.Common, Version=4.0.0.0, Culture=neutral, PublicKeyToken=b03f5f7f11d50a3a".
       Task "Mt"
         C:\Program Files (x86)\Microsoft SDKs\Windows\v7.0A\bin\mt.exe /nologo /verbose /outputresource:"../../../../bin\CEGUIExpatParser.dll;#2" /manifest obj/Release\CEGUIExpatParser.dll.intermediate.manifest
         Tracking command:
         C:\Program Files (x86)\Microsoft SDKs\Windows\v7.0A\bin\NETFX 4.0 Tools\Tracker.exe /d C:\Windows\Microsoft.NET\Framework\v4.0.30319\FileTracker.dll /i C:\Projects\BattleBoy\libs\CEGui\CEGUI-0.7.7\projects\premake\XMLParserModules\expatParser\obj\Release /r C:\PROJECTS\BATTLEBOY\LIBS\CEGUI\CEGUI-0.7.7\PROJECTS\PREMAKE\XMLPARSERMODULES\EXPATPARSER\OBJ\RELEASE\CEGUIEXPATPARSER.DLL.INTERMEDIATE.MANIFEST /b MSBuildConsole_CancelEvent60fa855760f9453ea40a51aab9a85c4d  /c "C:\Program Files (x86)\Microsoft SDKs\Windows\v7.0A\bin\mt.exe"  /nologo /verbose /outputresource:"../../../../bin\CEGUIExpatParser.dll;#2" /manifest obj/Release\CEGUIExpatParser.dll.intermediate.manifest
       Done executing task "Mt".
       Task "RC" skipped, due to false condition; ('$(EmbedManifestby)'=='LINK') was evaluated as ('MT'=='LINK').
     1>Done building target "Manifest" in project "CEGUIExpatParser.vcxproj".
       Target "ComputeManifestGeneratedLinkerInputs" skipped. Previously built successfully.
     1>Target "_Manifest" in file "C:\Program Files (x86)\MSBuild\Microsoft.Cpp\v4.0\Microsoft.CppBuild.targets" from project "C:\Projects\BattleBoy\libs\CEGui\CEGUI-0.7.7\projects\premake\XMLParserModules\expatParser\CEGUIExpatParser.vcxproj" (target "BuildLink" depends on it):
     1>Done building target "_Manifest" in project "CEGUIExpatParser.vcxproj".
     1>Target "RegisterOutput" in file "C:\Program Files (x86)\MSBuild\Microsoft.Cpp\v4.0\Microsoft.CppCommon.targets" from project "C:\Projects\BattleBoy\libs\CEGui\CEGUI-0.7.7\projects\premake\XMLParserModules\expatParser\CEGUIExpatParser.vcxproj" (target "BuildLink" depends on it):
       Task "Exec" skipped, due to false condition; ('$(ConfigurationType)'=='DynamicLibrary' and '%(Link.RegisterOutput)'=='true' and '%(Link.PerUserRedirection)'!='true') was evaluated as ('DynamicLibrary'=='DynamicLibrary' and 'false'=='true' and 'false'!='true').
       Task "Exec" skipped, due to false condition; ('$(ConfigurationType)'=='DynamicLibrary' and '%(Link.RegisterOutput)'=='true' and '%(Link.PerUserRedirection)'=='true') was evaluated as ('DynamicLibrary'=='DynamicLibrary' and 'false'=='true' and 'false'=='true').
       Task "Exec" skipped, due to false condition; ('$(ConfigurationType)'=='Application' and '%(Link.RegisterOutput)'=='true' and '%(Link.PerUserRedirection)'!='true') was evaluated as ('DynamicLibrary'=='Application' and 'false'=='true' and 'false'!='true').
       Task "Exec" skipped, due to false condition; ('$(ConfigurationType)'=='Application' and '%(Link.RegisterOutput)'=='true' and '%(Link.PerUserRedirection)'=='true') was evaluated as ('DynamicLibrary'=='Application' and 'false'=='true' and 'false'=='true').
       Task "VCMessage" skipped, due to false condition; ('$(_RegisterOutputExitCode)' != '' and '$(_RegisterOutputExitCode)' != '0') was evaluated as ('' != '' and '' != '0').
     1>Done building target "RegisterOutput" in project "CEGUIExpatParser.vcxproj".
     1>Target "ComputeCLCompileGeneratedXDCFiles" in file "C:\Program Files (x86)\MSBuild\Microsoft.Cpp\v4.0\Microsoft.CppBuild.targets" from project "C:\Projects\BattleBoy\libs\CEGui\CEGUI-0.7.7\projects\premake\XMLParserModules\expatParser\CEGUIExpatParser.vcxproj" (target "_XdcMake" depends on it):
     1>Done building target "ComputeCLCompileGeneratedXDCFiles" in project "CEGUIExpatParser.vcxproj".
       Target "SetBuildDefaultEnvironmentVariables" skipped. Previously built successfully.
       Target "SetUserMacroEnvironmentVariables" skipped, due to false condition; ('@(BuildMacro)' != '') was evaluated as ('' != '').
       Target "PrepareForBuild" skipped. Previously built successfully.
       Target "ResolveReferences" skipped. Previously built successfully.
     1>Target "ResolvedXDCMake" in file "C:\Program Files (x86)\MSBuild\Microsoft.Cpp\v4.0\Microsoft.CppBuild.targets" from project "C:\Projects\BattleBoy\libs\CEGui\CEGUI-0.7.7\projects\premake\XMLParserModules\expatParser\CEGUIExpatParser.vcxproj" (target "_XdcMake" depends on it):
       Task "MSBuild" skipped, due to false condition; ('%(_MSBuildProjectReferenceExistent.Extension)' == '.vcxproj' and '@(ProjectReferenceWithConfiguration)' != '' and '@(_MSBuildProjectReferenceExistent)' != '' and '$(_ClCompileGenerateXMLDocumentationFiles)' == 'true') was evaluated as ('.vcxproj' == '.vcxproj' and '..\..\BaseSystem\CEGUIBase.vcxproj' != '' and '..\..\BaseSystem\CEGUIBase.vcxproj' != '' and '' == 'true').
     1>Done building target "ResolvedXDCMake" in project "CEGUIExpatParser.vcxproj".
     1>Target "MakeDirsForXdcMake" in file "C:\Program Files (x86)\MSBuild\Microsoft.Cpp\v4.0\Microsoft.CppBuild.targets" from project "C:\Projects\BattleBoy\libs\CEGui\CEGUI-0.7.7\projects\premake\XMLParserModules\expatParser\CEGUIExpatParser.vcxproj" (target "_XdcMake" depends on it):
       Task "MakeDir"
       Done executing task "MakeDir".
     1>Done building target "MakeDirsForXdcMake" in project "CEGUIExpatParser.vcxproj".
       Target "XdcMake" skipped, due to false condition; ('@(XdcMake)' != '') was evaluated as ('' != '').
     1>Target "_XdcMake" in file "C:\Program Files (x86)\MSBuild\Microsoft.Cpp\v4.0\Microsoft.CppBuild.targets" from project "C:\Projects\BattleBoy\libs\CEGui\CEGUI-0.7.7\projects\premake\XMLParserModules\expatParser\CEGUIExpatParser.vcxproj" (target "BuildLink" depends on it):
     1>Done building target "_XdcMake" in project "CEGUIExpatParser.vcxproj".
     1>Target "ComputeCLCompileGeneratedSbrFiles" in file "C:\Program Files (x86)\MSBuild\Microsoft.Cpp\v4.0\Microsoft.CppBuild.targets" from project "C:\Projects\BattleBoy\libs\CEGui\CEGUI-0.7.7\projects\premake\XMLParserModules\expatParser\CEGUIExpatParser.vcxproj" (target "_BscMake" depends on it):
     1>Done building target "ComputeCLCompileGeneratedSbrFiles" in project "CEGUIExpatParser.vcxproj".
     1>Target "MakeDirsForBscMake" in file "C:\Program Files (x86)\MSBuild\Microsoft.Cpp\v4.0\Microsoft.CppBuild.targets" from project "C:\Projects\BattleBoy\libs\CEGui\CEGUI-0.7.7\projects\premake\XMLParserModules\expatParser\CEGUIExpatParser.vcxproj" (target "_BscMake" depends on it):
       Task "MakeDir"
       Done executing task "MakeDir".
     1>Done building target "MakeDirsForBscMake" in project "CEGUIExpatParser.vcxproj".
       Target "BscMake" skipped, due to false condition; ('@(BscMake)' != '') was evaluated as ('' != '').
       Target "CustomBuildStep" skipped, due to false condition; ('@(CustomBuildStep)' != '' and '$(SelectedFiles)'=='') was evaluated as ('' != '' and ''=='').
     1>Target "_BscMake" in file "C:\Program Files (x86)\MSBuild\Microsoft.Cpp\v4.0\Microsoft.CppBuild.targets" from project "C:\Projects\BattleBoy\libs\CEGui\CEGUI-0.7.7\projects\premake\XMLParserModules\expatParser\CEGUIExpatParser.vcxproj" (target "BuildLink" depends on it):
     1>Done building target "_BscMake" in project "CEGUIExpatParser.vcxproj".
     1>Target "_GenerateSatelliteAssemblyInputs" in file "C:\Windows\Microsoft.NET\Framework\v4.0.30319\Microsoft.Common.Targets" from project "C:\Projects\BattleBoy\libs\CEGui\CEGUI-0.7.7\projects\premake\XMLParserModules\expatParser\CEGUIExpatParser.vcxproj" (target "CreateSatelliteAssemblies" depends on it):
       Task "Warning" skipped, due to false condition; ('@(ManifestResourceWithCulture)'!='' and '%(ManifestResourceWithCulture.EmittedForCompatibilityOnly)'=='') was evaluated as (''!='' and ''=='').
       Task "Warning" skipped, due to false condition; ('@(ManifestNonResxWithCultureOnDisk)'!='' and '%(ManifestNonResxWithCultureOnDisk.EmittedForCompatibilityOnly)'=='') was evaluated as (''!='' and ''=='').
     1>Done building target "_GenerateSatelliteAssemblyInputs" in project "CEGUIExpatParser.vcxproj".
       Target "ComputeIntermediateSatelliteAssemblies" skipped, due to false condition; (@(ReferenceSatellitePaths->'%(DestinationSubDirectory)') != '') was evaluated as ( != '').
       Target "GenerateSatelliteAssemblies" skipped, due to false condition; ('@(_SatelliteAssemblyResourceInputs)' != '') was evaluated as ('' != '').
     1>Target "CreateSatelliteAssemblies" in file "C:\Windows\Microsoft.NET\Framework\v4.0.30319\Microsoft.Common.Targets" from project "C:\Projects\BattleBoy\libs\CEGui\CEGUI-0.7.7\projects\premake\XMLParserModules\expatParser\CEGUIExpatParser.vcxproj" (target "BuildLink" depends on it):
     1>Done building target "CreateSatelliteAssemblies" in project "CEGUIExpatParser.vcxproj".
     1>Target "_Appverifier" in file "C:\Program Files (x86)\MSBuild\Microsoft.Cpp\v4.0\Microsoft.CppBuild.targets" from project "C:\Projects\BattleBoy\libs\CEGui\CEGUI-0.7.7\projects\premake\XMLParserModules\expatParser\CEGUIExpatParser.vcxproj" (target "BuildLink" depends on it):
     1>Done building target "_Appverifier" in project "CEGUIExpatParser.vcxproj".
     1>Target "_Deploy" in file "C:\Program Files (x86)\MSBuild\Microsoft.Cpp\v4.0\Microsoft.CppBuild.targets" from project "C:\Projects\BattleBoy\libs\CEGui\CEGUI-0.7.7\projects\premake\XMLParserModules\expatParser\CEGUIExpatParser.vcxproj" (target "BuildLink" depends on it):
     1>Done building target "_Deploy" in project "CEGUIExpatParser.vcxproj".
       Target "ComputeIntermediateSatelliteAssemblies" skipped, due to false condition; (@(ReferenceSatellitePaths->'%(DestinationSubDirectory)') != '') was evaluated as ( != '').
       Target "_CopyFilesMarkedCopyLocal" skipped, due to false condition; ('@(ReferenceCopyLocalPaths)' != '') was evaluated as ('' != '').
       Target "AssignTargetPaths" skipped. Previously built successfully.
       Target "_SplitProjectReferencesByFileExistence" skipped. Previously built successfully.
     1>Target "GetCopyToOutputDirectoryItems" in file "C:\Windows\Microsoft.NET\Framework\v4.0.30319\Microsoft.Common.Targets" from project "C:\Projects\BattleBoy\libs\CEGui\CEGUI-0.7.7\projects\premake\XMLParserModules\expatParser\CEGUIExpatParser.vcxproj" (target "_CopySourceItemsToOutputDirectory" depends on it):
       Task "MSBuild"
         Global Properties:
           Configuration=Release
           Platform=Win32
     1>Project "C:\Projects\BattleBoy\libs\CEGui\CEGUI-0.7.7\projects\premake\XMLParserModules\expatParser\CEGUIExpatParser.vcxproj" (1) is building "C:\Projects\BattleBoy\libs\CEGui\CEGUI-0.7.7\projects\premake\BaseSystem\CEGUIBase.vcxproj" (2:4) on node 2 (GetCopyToOutputDirectoryItems target(s)).
   2:4>Building with tools version "4.0".
       Target "_CheckForInvalidConfigurationAndPlatform" skipped. Previously built successfully.
       Target "GetCopyToOutputDirectoryItems" skipped. Previously built successfully.
   2:4>Done Building Project "C:\Projects\BattleBoy\libs\CEGui\CEGUI-0.7.7\projects\premake\BaseSystem\CEGUIBase.vcxproj" (GetCopyToOutputDirectoryItems target(s)).
     1>Done executing task "MSBuild".
       Task "AssignTargetPath"
       Done executing task "AssignTargetPath".
     1>Done building target "GetCopyToOutputDirectoryItems" in project "CEGUIExpatParser.vcxproj".
       Target "_CopyOutOfDateSourceItemsToOutputDirectory" skipped, due to false condition; ( '@(_SourceItemsToCopyToOutputDirectory)' != '' ) was evaluated as ( '' != '' ).
       Target "_CopyOutOfDateSourceItemsToOutputDirectoryAlways" skipped, due to false condition; ( '@(_SourceItemsToCopyToOutputDirectoryAlways)' != '' ) was evaluated as ( '' != '' ).
     1>Target "_CopySourceItemsToOutputDirectory" in file "C:\Windows\Microsoft.NET\Framework\v4.0.30319\Microsoft.Common.Targets" from project "C:\Projects\BattleBoy\libs\CEGui\CEGUI-0.7.7\projects\premake\XMLParserModules\expatParser\CEGUIExpatParser.vcxproj" (target "CopyFilesToOutputDirectory" depends on it):
     1>Done building target "_CopySourceItemsToOutputDirectory" in project "CEGUIExpatParser.vcxproj".
       Target "_CopyAppConfigFile" skipped, due to false condition; ( '@(AppConfigWithTargetPath)' != '' ) was evaluated as ( '' != '' ).
       Target "_CopyManifestFiles" skipped, due to false condition; ( '$(_DeploymentCopyApplicationManifest)'=='true' or '$(GenerateClickOnceManifests)'=='true' ) was evaluated as ( ''=='true' or ''=='true' ).
     1>Target "_CheckForCompileOutputs" in file "C:\Windows\Microsoft.NET\Framework\v4.0.30319\Microsoft.Common.Targets" from project "C:\Projects\BattleBoy\libs\CEGui\CEGUI-0.7.7\projects\premake\XMLParserModules\expatParser\CEGUIExpatParser.vcxproj" (target "CopyFilesToOutputDirectory" depends on it):
     1>Done building target "_CheckForCompileOutputs" in project "CEGUIExpatParser.vcxproj".
       Target "_SGenCheckForOutputs" skipped, due to false condition; ('$(_SGenGenerateSerializationAssembliesConfig)' == 'On' or ('@(WebReferenceUrl)'!='' and '$(_SGenGenerateSerializationAssembliesConfig)' == 'Auto')) was evaluated as ('Auto' == 'On' or (''!='' and 'Auto' == 'Auto')).
     1>Target "CopyFilesToOutputDirectory" in file "C:\Windows\Microsoft.NET\Framework\v4.0.30319\Microsoft.Common.Targets" from project "C:\Projects\BattleBoy\libs\CEGui\CEGUI-0.7.7\projects\premake\XMLParserModules\expatParser\CEGUIExpatParser.vcxproj" (target "BuildLink" depends on it):
       Task "Copy" skipped, due to false condition; ('$(CopyBuildOutputToOutputDirectory)' == 'true' and '$(SkipCopyBuildProduct)' != 'true') was evaluated as ('true' == 'true' and 'true' != 'true').
       Task "Message" skipped, due to false condition; ('$(SkipCopyBuildProduct)'!='true') was evaluated as ('true'!='true').
       Task "Copy" skipped, due to false condition; ('@(AddModules)' != '') was evaluated as ('' != '').
       Task "Copy" skipped, due to false condition; ('$(_SGenDllCreated)'=='true') was evaluated as ('false'=='true').
       Task "Copy" skipped, due to false condition; ('$(_DebugSymbolsProduced)'=='true' and '$(SkipCopyingSymbolsToOutputDirectory)' != 'true' and '$(CopyOutputSymbolsToOutputDirectory)'=='true') was evaluated as ('false'=='true' and '' != 'true' and 'true'=='true').
       Task "Copy" skipped, due to false condition; ('$(_DocumentationFileProduced)'=='true') was evaluated as ('false'=='true').
       Task "Copy" skipped, due to false condition; ('@(IntermediateSatelliteAssembliesWithTargetPath)' != '') was evaluated as ('' != '').
       Task "Copy" skipped, due to false condition; ('@(ReferenceComWrappersToCopyLocal)' != '' or '@(ResolvedIsolatedComModules)' != '' or '@(_DeploymentLooseManifestFile)' != '' or '@(NativeReferenceFile)' != '' ) was evaluated as ('' != '' or '' != '' or '' != '' or '' != '' ).
     1>Done building target "CopyFilesToOutputDirectory" in project "CEGUIExpatParser.vcxproj".
       Target "CustomBuildStep" skipped, due to false condition; ('@(CustomBuildStep)' != '' and '$(SelectedFiles)'=='') was evaluated as ('' != '' and ''=='').
     1>Target "PostBuildEvent" in file "C:\Program Files (x86)\MSBuild\Microsoft.Cpp\v4.0\Microsoft.CppCommon.targets" from project "C:\Projects\BattleBoy\libs\CEGui\CEGUI-0.7.7\projects\premake\XMLParserModules\expatParser\CEGUIExpatParser.vcxproj" (target "BuildLink" depends on it):
       Task "Message" skipped, due to false condition; ('%(PostBuildEvent.Message)' != '' and '%(PostBuildEvent.Command)' != '') was evaluated as ('' != '' and '' != '').
       Task "Exec" skipped, due to false condition; ('%(PostBuildEvent.Command)' != '') was evaluated as ('' != '').
     1>Done building target "PostBuildEvent" in project "CEGUIExpatParser.vcxproj".
     1>Target "BuildLink" in file "C:\Windows\Microsoft.NET\Framework\v4.0.30319\Microsoft.Common.Targets" from project "C:\Projects\BattleBoy\libs\CEGui\CEGUI-0.7.7\projects\premake\XMLParserModules\expatParser\CEGUIExpatParser.vcxproj" (target "Build" depends on it):
     1>Done building target "BuildLink" in project "CEGUIExpatParser.vcxproj".
     1>Target "AfterBuild" in file "C:\Program Files (x86)\MSBuild\Microsoft.Cpp\v4.0\Microsoft.BuildSteps.Targets" from project "C:\Projects\BattleBoy\libs\CEGui\CEGUI-0.7.7\projects\premake\XMLParserModules\expatParser\CEGUIExpatParser.vcxproj" (target "Build" depends on it):
     1>Done building target "AfterBuild" in project "CEGUIExpatParser.vcxproj".
     1>Target "FinalizeBuildStatus" in file "C:\Program Files (x86)\MSBuild\Microsoft.Cpp\v4.0\Microsoft.CppBuild.targets" from project "C:\Projects\BattleBoy\libs\CEGui\CEGUI-0.7.7\projects\premake\XMLParserModules\expatParser\CEGUIExpatParser.vcxproj" (target "Build" depends on it):
       Using "Delete" task from assembly "Microsoft.Build.Tasks.v4.0, Version=4.0.0.0, Culture=neutral, PublicKeyToken=b03f5f7f11d50a3a".
       Task "Delete"
         Deleting file "obj/Release\CEGUIExpatParser.unsuccessfulbuild".
       Done executing task "Delete".
       Task "Touch"
         Touching "obj/Release\CEGUIExpatParser.lastbuildstate".
       Done executing task "Touch".
     1>Done building target "FinalizeBuildStatus" in project "CEGUIExpatParser.vcxproj".
     1>Target "Build" in file "C:\Program Files (x86)\MSBuild\Microsoft.Cpp\v4.0\Microsoft.BuildSteps.Targets" from project "C:\Projects\BattleBoy\libs\CEGui\CEGUI-0.7.7\projects\premake\XMLParserModules\expatParser\CEGUIExpatParser.vcxproj" (entry point):
     1>Done building target "Build" in project "CEGUIExpatParser.vcxproj".
     1>Done Building Project "C:\Projects\BattleBoy\libs\CEGui\CEGUI-0.7.7\projects\premake\XMLParserModules\expatParser\CEGUIExpatParser.vcxproj" (build target(s)).

Build succeeded.

Time Elapsed 00:00:02.82
